TN:
SF:/Users/lucachaves/code/github/ifpb/ls/codes/ecma/tasks/responses/area-of-circle-arrow-fn.js
FN:2,areaOfCircle
FNF:1
FNH:1
FNDA:6,areaOfCircle
DA:3,6
DA:6,3
LF:2
LH:2
BRF:0
BRH:0
end_of_record
TN:
SF:/Users/lucachaves/code/github/ifpb/ls/codes/ecma/tasks/responses/calc.js
FN:2,calc
FNF:1
FNH:1
FNDA:2,calc
DA:3,2
DA:5,1
DA:7,0
DA:9,1
DA:11,0
DA:16,1
LF:6
LH:4
BRDA:3,0,0,1
BRDA:3,0,1,0
BRDA:3,0,2,1
BRDA:3,0,3,0
BRF:4
BRH:2
end_of_record
TN:
SF:/Users/lucachaves/code/github/ifpb/ls/codes/ecma/tasks/responses/calendar.js
FN:2,calendar
FNF:1
FNH:1
FNDA:1,calendar
DA:6,1
LF:1
LH:1
BRF:0
BRH:0
end_of_record
TN:
SF:/Users/lucachaves/code/github/ifpb/ls/codes/ecma/tasks/responses/cep.js
FN:1,getInfo
FNF:1
FNH:1
FNDA:1,getInfo
DA:5,1
LF:1
LH:1
BRF:0
BRH:0
end_of_record
TN:
SF:/Users/lucachaves/code/github/ifpb/ls/codes/ecma/tasks/responses/cipher.js
FN:1,rot
FNF:1
FNH:1
FNDA:2,rot
DA:5,1
LF:1
LH:1
BRF:0
BRH:0
end_of_record
TN:
SF:/Users/lucachaves/code/github/ifpb/ls/codes/ecma/tasks/responses/citation.js
FN:1,citation
FN:5,compactCitation
FNF:2
FNH:2
FNDA:1,citation
FNDA:1,compactCitation
DA:9,1
LF:1
LH:1
BRF:0
BRH:0
end_of_record
TN:
SF:/Users/lucachaves/code/github/ifpb/ls/codes/ecma/tasks/responses/exam.js
FN:1,grade
FN:5,avg
FN:9,min
FN:13,max
FN:17,lt
FN:21,gt
FNF:6
FNH:2
FNDA:1,grade
FNDA:1,avg
FNDA:0,min
FNDA:0,max
FNDA:0,lt
FNDA:0,gt
DA:25,1
LF:1
LH:1
BRF:0
BRH:0
end_of_record
TN:
SF:/Users/lucachaves/code/github/ifpb/ls/codes/ecma/tasks/responses/factorial.js
FN:1,factorial
FNF:1
FNH:1
FNDA:14,factorial
DA:2,14
DA:3,10
DA:5,4
DA:8,1
LF:4
LH:4
BRDA:2,0,0,10
BRDA:2,0,1,4
BRF:2
BRH:2
end_of_record
TN:
SF:/Users/lucachaves/code/github/ifpb/ls/codes/ecma/tasks/responses/fibonacci.js
FN:1,fibonacci
FNF:1
FNH:1
FNDA:2,fibonacci
DA:2,2
DA:5,1
LF:2
LH:2
BRF:0
BRH:0
end_of_record
TN:
SF:/Users/lucachaves/code/github/ifpb/ls/codes/ecma/tasks/responses/figure-text.js
FN:1,triangleText
FN:5,halfDiamondText
FN:9,diamondText
FN:13,boardText
FNF:4
FNH:4
FNDA:1,triangleText
FNDA:1,halfDiamondText
FNDA:1,diamondText
FNDA:1,boardText
DA:17,1
LF:1
LH:1
BRF:0
BRH:0
end_of_record
TN:
SF:/Users/lucachaves/code/github/ifpb/ls/codes/ecma/tasks/responses/hamming.js
FN:2,hamming
FNF:1
FNH:1
FNDA:2,hamming
DA:6,1
LF:1
LH:1
BRF:0
BRH:0
end_of_record
TN:
SF:/Users/lucachaves/code/github/ifpb/ls/codes/ecma/tasks/responses/ip.js
FN:2,ip2decimal
FN:6,decimal2ip
FNF:2
FNH:2
FNDA:1,ip2decimal
FNDA:1,decimal2ip
DA:10,1
LF:1
LH:1
BRF:0
BRH:0
end_of_record
TN:
SF:/Users/lucachaves/code/github/ifpb/ls/codes/ecma/tasks/responses/order.js
FNF:0
FNH:0
DA:1,1
LF:1
LH:1
BRF:0
BRH:0
end_of_record
TN:
SF:/Users/lucachaves/code/github/ifpb/ls/codes/ecma/tasks/responses/prime-numbers.js
FN:2,prime
FNF:1
FNH:1
FNDA:3,prime
DA:6,1
LF:1
LH:1
BRF:0
BRH:0
end_of_record
TN:
SF:/Users/lucachaves/code/github/ifpb/ls/codes/ecma/tasks/responses/product.js
FNF:0
FNH:0
DA:1,1
LF:1
LH:1
BRF:0
BRH:0
end_of_record
TN:
SF:/Users/lucachaves/code/github/ifpb/ls/codes/ecma/tasks/responses/scan-patterns.js
FN:2,date
FN:6,cep
FNF:2
FNH:2
FNDA:1,date
FNDA:1,cep
DA:10,1
LF:1
LH:1
BRF:0
BRH:0
end_of_record
TN:
SF:/Users/lucachaves/code/github/ifpb/ls/codes/ecma/tasks/responses/sum.js
FN:1,sum
FNF:1
FNH:1
FNDA:2,sum
DA:2,2
DA:5,1
LF:2
LH:2
BRF:0
BRH:0
end_of_record
TN:
SF:/Users/lucachaves/code/github/ifpb/ls/codes/ecma/tasks/responses/text-util.js
FN:2,(anonymous_0)
FN:6,(anonymous_1)
FNF:2
FNH:1
FNDA:1,(anonymous_0)
FNDA:0,(anonymous_1)
DA:2,1
DA:6,1
DA:10,1
LF:3
LH:3
BRF:0
BRH:0
end_of_record
TN:
SF:/Users/lucachaves/code/github/ifpb/ls/codes/ecma/tasks/responses/triangle-checker.js
FN:2,triangleChecker
FNF:1
FNH:1
FNDA:4,triangleChecker
DA:6,1
LF:1
LH:1
BRF:0
BRH:0
end_of_record
