{"/Users/lucachaves/code/github/ifpb/ls/codes/ecma/tasks/responses/area-of-circle-arrow-fn.js": {"path":"/Users/lucachaves/code/github/ifpb/ls/codes/ecma/tasks/responses/area-of-circle-arrow-fn.js","statementMap":{"0":{"start":{"line":3,"column":2},"end":{"line":3,"column":30}},"1":{"start":{"line":6,"column":0},"end":{"line":6,"column":29}}},"fnMap":{"0":{"name":"areaOfCircle","decl":{"start":{"line":2,"column":9},"end":{"line":2,"column":21}},"loc":{"start":{"line":2,"column":29},"end":{"line":4,"column":1}},"line":2}},"branchMap":{},"s":{"0":6,"1":3},"f":{"0":6},"b":{},"_coverageSchema":"332fd63041d2c1bcb487cc26dd0d5f7d97098a6c","hash":"8b24a99d093d746510f9fff2f01db65b9f87ef81"}
,"/Users/lucachaves/code/github/ifpb/ls/codes/ecma/tasks/responses/calc.js": {"path":"/Users/lucachaves/code/github/ifpb/ls/codes/ecma/tasks/responses/calc.js","statementMap":{"0":{"start":{"line":3,"column":2},"end":{"line":12,"column":3}},"1":{"start":{"line":5,"column":6},"end":{"line":5,"column":52}},"2":{"start":{"line":7,"column":6},"end":{"line":7,"column":32}},"3":{"start":{"line":9,"column":6},"end":{"line":9,"column":32}},"4":{"start":{"line":11,"column":6},"end":{"line":11,"column":32}},"5":{"start":{"line":16,"column":0},"end":{"line":16,"column":21}}},"fnMap":{"0":{"name":"calc","decl":{"start":{"line":2,"column":9},"end":{"line":2,"column":13}},"loc":{"start":{"line":2,"column":43},"end":{"line":13,"column":1}},"line":2}},"branchMap":{"0":{"loc":{"start":{"line":3,"column":2},"end":{"line":12,"column":3}},"type":"switch","locations":[{"start":{"line":4,"column":4},"end":{"line":5,"column":52}},{"start":{"line":6,"column":4},"end":{"line":7,"column":32}},{"start":{"line":8,"column":4},"end":{"line":9,"column":32}},{"start":{"line":10,"column":4},"end":{"line":11,"column":32}}],"line":3}},"s":{"0":2,"1":1,"2":0,"3":1,"4":0,"5":1},"f":{"0":2},"b":{"0":[1,0,1,0]},"_coverageSchema":"332fd63041d2c1bcb487cc26dd0d5f7d97098a6c","hash":"feb029f992af5c0c8ff3caf3c0e914dcb5099ed9"}
,"/Users/lucachaves/code/github/ifpb/ls/codes/ecma/tasks/responses/calendar.js": {"path":"/Users/lucachaves/code/github/ifpb/ls/codes/ecma/tasks/responses/calendar.js","statementMap":{"0":{"start":{"line":6,"column":0},"end":{"line":6,"column":25}}},"fnMap":{"0":{"name":"calendar","decl":{"start":{"line":2,"column":9},"end":{"line":2,"column":17}},"loc":{"start":{"line":2,"column":30},"end":{"line":4,"column":1}},"line":2}},"branchMap":{},"s":{"0":1},"f":{"0":1},"b":{},"_coverageSchema":"332fd63041d2c1bcb487cc26dd0d5f7d97098a6c","hash":"f44d6f105274bc9f6a5ee462f848f59339c871d2"}
,"/Users/lucachaves/code/github/ifpb/ls/codes/ecma/tasks/responses/cep.js": {"path":"/Users/lucachaves/code/github/ifpb/ls/codes/ecma/tasks/responses/cep.js","statementMap":{"0":{"start":{"line":5,"column":0},"end":{"line":5,"column":24}}},"fnMap":{"0":{"name":"getInfo","decl":{"start":{"line":1,"column":9},"end":{"line":1,"column":16}},"loc":{"start":{"line":1,"column":19},"end":{"line":3,"column":1}},"line":1}},"branchMap":{},"s":{"0":1},"f":{"0":1},"b":{},"_coverageSchema":"332fd63041d2c1bcb487cc26dd0d5f7d97098a6c","hash":"825e8777c3efa34e985cf59a627e0e348496710f"}
,"/Users/lucachaves/code/github/ifpb/ls/codes/ecma/tasks/responses/cipher.js": {"path":"/Users/lucachaves/code/github/ifpb/ls/codes/ecma/tasks/responses/cipher.js","statementMap":{"0":{"start":{"line":5,"column":0},"end":{"line":5,"column":20}}},"fnMap":{"0":{"name":"rot","decl":{"start":{"line":1,"column":9},"end":{"line":1,"column":12}},"loc":{"start":{"line":1,"column":30},"end":{"line":3,"column":1}},"line":1}},"branchMap":{},"s":{"0":1},"f":{"0":2},"b":{},"_coverageSchema":"332fd63041d2c1bcb487cc26dd0d5f7d97098a6c","hash":"7101eb3cba27b7742f1c844d122d5784867d5071"}
,"/Users/lucachaves/code/github/ifpb/ls/codes/ecma/tasks/responses/citation.js": {"path":"/Users/lucachaves/code/github/ifpb/ls/codes/ecma/tasks/responses/citation.js","statementMap":{"0":{"start":{"line":9,"column":0},"end":{"line":12,"column":1}}},"fnMap":{"0":{"name":"citation","decl":{"start":{"line":1,"column":9},"end":{"line":1,"column":17}},"loc":{"start":{"line":1,"column":20},"end":{"line":3,"column":1}},"line":1},"1":{"name":"compactCitation","decl":{"start":{"line":5,"column":9},"end":{"line":5,"column":24}},"loc":{"start":{"line":5,"column":27},"end":{"line":7,"column":1}},"line":5}},"branchMap":{},"s":{"0":1},"f":{"0":1,"1":1},"b":{},"_coverageSchema":"332fd63041d2c1bcb487cc26dd0d5f7d97098a6c","hash":"e28d80ffd515b4620e0df325fd68bec18024f7e2"}
,"/Users/lucachaves/code/github/ifpb/ls/codes/ecma/tasks/responses/exam.js": {"path":"/Users/lucachaves/code/github/ifpb/ls/codes/ecma/tasks/responses/exam.js","statementMap":{"0":{"start":{"line":25,"column":0},"end":{"line":30,"column":1}}},"fnMap":{"0":{"name":"grade","decl":{"start":{"line":1,"column":9},"end":{"line":1,"column":14}},"loc":{"start":{"line":1,"column":17},"end":{"line":3,"column":1}},"line":1},"1":{"name":"avg","decl":{"start":{"line":5,"column":9},"end":{"line":5,"column":12}},"loc":{"start":{"line":5,"column":15},"end":{"line":7,"column":1}},"line":5},"2":{"name":"min","decl":{"start":{"line":9,"column":9},"end":{"line":9,"column":12}},"loc":{"start":{"line":9,"column":15},"end":{"line":11,"column":1}},"line":9},"3":{"name":"max","decl":{"start":{"line":13,"column":9},"end":{"line":13,"column":12}},"loc":{"start":{"line":13,"column":15},"end":{"line":15,"column":1}},"line":13},"4":{"name":"lt","decl":{"start":{"line":17,"column":9},"end":{"line":17,"column":11}},"loc":{"start":{"line":17,"column":14},"end":{"line":19,"column":1}},"line":17},"5":{"name":"gt","decl":{"start":{"line":21,"column":9},"end":{"line":21,"column":11}},"loc":{"start":{"line":21,"column":14},"end":{"line":23,"column":1}},"line":21}},"branchMap":{},"s":{"0":1},"f":{"0":1,"1":1,"2":0,"3":0,"4":0,"5":0},"b":{},"_coverageSchema":"332fd63041d2c1bcb487cc26dd0d5f7d97098a6c","hash":"d30f07c3314cd933bb8106f6c105490d7cad07a5"}
,"/Users/lucachaves/code/github/ifpb/ls/codes/ecma/tasks/responses/factorial.js": {"path":"/Users/lucachaves/code/github/ifpb/ls/codes/ecma/tasks/responses/factorial.js","statementMap":{"0":{"start":{"line":2,"column":2},"end":{"line":5,"column":12}},"1":{"start":{"line":3,"column":4},"end":{"line":3,"column":39}},"2":{"start":{"line":5,"column":4},"end":{"line":5,"column":12}},"3":{"start":{"line":8,"column":0},"end":{"line":8,"column":26}}},"fnMap":{"0":{"name":"factorial","decl":{"start":{"line":1,"column":9},"end":{"line":1,"column":18}},"loc":{"start":{"line":1,"column":26},"end":{"line":6,"column":1}},"line":1}},"branchMap":{"0":{"loc":{"start":{"line":2,"column":2},"end":{"line":5,"column":12}},"type":"if","locations":[{"start":{"line":2,"column":2},"end":{"line":5,"column":12}},{"start":{"line":2,"column":2},"end":{"line":5,"column":12}}],"line":2}},"s":{"0":14,"1":10,"2":4,"3":1},"f":{"0":14},"b":{"0":[10,4]},"_coverageSchema":"332fd63041d2c1bcb487cc26dd0d5f7d97098a6c","hash":"1bf548957f3f64020cc76e7fa8d6b663628090cc"}
,"/Users/lucachaves/code/github/ifpb/ls/codes/ecma/tasks/responses/fibonacci.js": {"path":"/Users/lucachaves/code/github/ifpb/ls/codes/ecma/tasks/responses/fibonacci.js","statementMap":{"0":{"start":{"line":2,"column":2},"end":{"line":2,"column":11}},"1":{"start":{"line":5,"column":0},"end":{"line":5,"column":26}}},"fnMap":{"0":{"name":"fibonacci","decl":{"start":{"line":1,"column":9},"end":{"line":1,"column":18}},"loc":{"start":{"line":1,"column":26},"end":{"line":3,"column":1}},"line":1}},"branchMap":{},"s":{"0":2,"1":1},"f":{"0":2},"b":{},"_coverageSchema":"332fd63041d2c1bcb487cc26dd0d5f7d97098a6c","hash":"5694bcf13d8985990db101555c4db638819cc115"}
,"/Users/lucachaves/code/github/ifpb/ls/codes/ecma/tasks/responses/figure-text.js": {"path":"/Users/lucachaves/code/github/ifpb/ls/codes/ecma/tasks/responses/figure-text.js","statementMap":{"0":{"start":{"line":17,"column":0},"end":{"line":22,"column":1}}},"fnMap":{"0":{"name":"triangleText","decl":{"start":{"line":1,"column":9},"end":{"line":1,"column":21}},"loc":{"start":{"line":1,"column":28},"end":{"line":3,"column":1}},"line":1},"1":{"name":"halfDiamondText","decl":{"start":{"line":5,"column":9},"end":{"line":5,"column":24}},"loc":{"start":{"line":5,"column":31},"end":{"line":7,"column":1}},"line":5},"2":{"name":"diamondText","decl":{"start":{"line":9,"column":9},"end":{"line":9,"column":20}},"loc":{"start":{"line":9,"column":27},"end":{"line":11,"column":1}},"line":9},"3":{"name":"boardText","decl":{"start":{"line":13,"column":9},"end":{"line":13,"column":18}},"loc":{"start":{"line":13,"column":25},"end":{"line":15,"column":1}},"line":13}},"branchMap":{},"s":{"0":1},"f":{"0":1,"1":1,"2":1,"3":1},"b":{},"_coverageSchema":"332fd63041d2c1bcb487cc26dd0d5f7d97098a6c","hash":"3b2ffc19e40d57bde9167ceae3d67e5a2734870a"}
,"/Users/lucachaves/code/github/ifpb/ls/codes/ecma/tasks/responses/hamming.js": {"path":"/Users/lucachaves/code/github/ifpb/ls/codes/ecma/tasks/responses/hamming.js","statementMap":{"0":{"start":{"line":6,"column":0},"end":{"line":6,"column":24}}},"fnMap":{"0":{"name":"hamming","decl":{"start":{"line":2,"column":9},"end":{"line":2,"column":16}},"loc":{"start":{"line":2,"column":18},"end":{"line":4,"column":1}},"line":2}},"branchMap":{},"s":{"0":1},"f":{"0":2},"b":{},"_coverageSchema":"332fd63041d2c1bcb487cc26dd0d5f7d97098a6c","hash":"16d513548bdf807453d1b7d6f19182b88162286a"}
,"/Users/lucachaves/code/github/ifpb/ls/codes/ecma/tasks/responses/ip.js": {"path":"/Users/lucachaves/code/github/ifpb/ls/codes/ecma/tasks/responses/ip.js","statementMap":{"0":{"start":{"line":10,"column":0},"end":{"line":13,"column":1}}},"fnMap":{"0":{"name":"ip2decimal","decl":{"start":{"line":2,"column":9},"end":{"line":2,"column":19}},"loc":{"start":{"line":2,"column":22},"end":{"line":4,"column":1}},"line":2},"1":{"name":"decimal2ip","decl":{"start":{"line":6,"column":9},"end":{"line":6,"column":19}},"loc":{"start":{"line":6,"column":22},"end":{"line":8,"column":1}},"line":6}},"branchMap":{},"s":{"0":1},"f":{"0":1,"1":1},"b":{},"_coverageSchema":"332fd63041d2c1bcb487cc26dd0d5f7d97098a6c","hash":"8764932b9cd67b073d850149163e5e87dce815b7"}
,"/Users/lucachaves/code/github/ifpb/ls/codes/ecma/tasks/responses/order.js": {"path":"/Users/lucachaves/code/github/ifpb/ls/codes/ecma/tasks/responses/order.js","statementMap":{"0":{"start":{"line":1,"column":0},"end":{"line":3,"column":1}}},"fnMap":{},"branchMap":{},"s":{"0":1},"f":{},"b":{},"_coverageSchema":"332fd63041d2c1bcb487cc26dd0d5f7d97098a6c","hash":"5c6bfe8e07b1d79b5c07c0220ce489700a9bcad4"}
,"/Users/lucachaves/code/github/ifpb/ls/codes/ecma/tasks/responses/prime-numbers.js": {"path":"/Users/lucachaves/code/github/ifpb/ls/codes/ecma/tasks/responses/prime-numbers.js","statementMap":{"0":{"start":{"line":6,"column":0},"end":{"line":6,"column":22}}},"fnMap":{"0":{"name":"prime","decl":{"start":{"line":2,"column":9},"end":{"line":2,"column":14}},"loc":{"start":{"line":2,"column":27},"end":{"line":4,"column":1}},"line":2}},"branchMap":{},"s":{"0":1},"f":{"0":3},"b":{},"_coverageSchema":"332fd63041d2c1bcb487cc26dd0d5f7d97098a6c","hash":"be22b2c287412c0e35c68145125687d6c55c1b61"}
,"/Users/lucachaves/code/github/ifpb/ls/codes/ecma/tasks/responses/product.js": {"path":"/Users/lucachaves/code/github/ifpb/ls/codes/ecma/tasks/responses/product.js","statementMap":{"0":{"start":{"line":1,"column":0},"end":{"line":3,"column":1}}},"fnMap":{},"branchMap":{},"s":{"0":1},"f":{},"b":{},"_coverageSchema":"332fd63041d2c1bcb487cc26dd0d5f7d97098a6c","hash":"babc47b347d32982dd0b9083910b3ebe85424103"}
,"/Users/lucachaves/code/github/ifpb/ls/codes/ecma/tasks/responses/scan-patterns.js": {"path":"/Users/lucachaves/code/github/ifpb/ls/codes/ecma/tasks/responses/scan-patterns.js","statementMap":{"0":{"start":{"line":10,"column":0},"end":{"line":13,"column":1}}},"fnMap":{"0":{"name":"date","decl":{"start":{"line":2,"column":9},"end":{"line":2,"column":13}},"loc":{"start":{"line":2,"column":16},"end":{"line":4,"column":1}},"line":2},"1":{"name":"cep","decl":{"start":{"line":6,"column":9},"end":{"line":6,"column":12}},"loc":{"start":{"line":6,"column":15},"end":{"line":8,"column":1}},"line":6}},"branchMap":{},"s":{"0":1},"f":{"0":1,"1":1},"b":{},"_coverageSchema":"332fd63041d2c1bcb487cc26dd0d5f7d97098a6c","hash":"efc0bcbbf9662894a31b231d5cda9422b6138b66"}
,"/Users/lucachaves/code/github/ifpb/ls/codes/ecma/tasks/responses/sum.js": {"path":"/Users/lucachaves/code/github/ifpb/ls/codes/ecma/tasks/responses/sum.js","statementMap":{"0":{"start":{"line":2,"column":2},"end":{"line":2,"column":14}},"1":{"start":{"line":5,"column":0},"end":{"line":5,"column":20}}},"fnMap":{"0":{"name":"sum","decl":{"start":{"line":1,"column":9},"end":{"line":1,"column":12}},"loc":{"start":{"line":1,"column":19},"end":{"line":3,"column":1}},"line":1}},"branchMap":{},"s":{"0":2,"1":1},"f":{"0":2},"b":{},"_coverageSchema":"332fd63041d2c1bcb487cc26dd0d5f7d97098a6c","hash":"1e7b32ed9a56cb4fad1396ad7a5e28b00365b21d"}
,"/Users/lucachaves/code/github/ifpb/ls/codes/ecma/tasks/responses/text-util.js": {"path":"/Users/lucachaves/code/github/ifpb/ls/codes/ecma/tasks/responses/text-util.js","statementMap":{"0":{"start":{"line":2,"column":0},"end":{"line":4,"column":1}},"1":{"start":{"line":6,"column":0},"end":{"line":8,"column":1}},"2":{"start":{"line":10,"column":0},"end":{"line":10,"column":23}}},"fnMap":{"0":{"name":"(anonymous_0)","decl":{"start":{"line":2,"column":31},"end":{"line":2,"column":32}},"loc":{"start":{"line":2,"column":42},"end":{"line":4,"column":1}},"line":2},"1":{"name":"(anonymous_1)","decl":{"start":{"line":6,"column":31},"end":{"line":6,"column":32}},"loc":{"start":{"line":6,"column":42},"end":{"line":8,"column":1}},"line":6}},"branchMap":{},"s":{"0":1,"1":1,"2":1},"f":{"0":1,"1":0},"b":{},"_coverageSchema":"332fd63041d2c1bcb487cc26dd0d5f7d97098a6c","hash":"ea0ebf26949115602accc49e59d8222661623903"}
,"/Users/lucachaves/code/github/ifpb/ls/codes/ecma/tasks/responses/triangle-checker.js": {"path":"/Users/lucachaves/code/github/ifpb/ls/codes/ecma/tasks/responses/triangle-checker.js","statementMap":{"0":{"start":{"line":6,"column":0},"end":{"line":6,"column":32}}},"fnMap":{"0":{"name":"triangleChecker","decl":{"start":{"line":2,"column":9},"end":{"line":2,"column":24}},"loc":{"start":{"line":2,"column":33},"end":{"line":4,"column":1}},"line":2}},"branchMap":{},"s":{"0":1},"f":{"0":4},"b":{},"_coverageSchema":"332fd63041d2c1bcb487cc26dd0d5f7d97098a6c","hash":"f496f1658df268f6f02d331d593b6355fc58df56"}
}
