<?xml version="1.0" encoding="UTF-8"?>
<coverage generated="1522462483719" clover="3.2.0">
  <project timestamp="1522462483719" name="All files">
    <metrics statements="362" coveredstatements="319" conditionals="142" coveredconditionals="117" methods="147" coveredmethods="130" elements="651" coveredelements="566" complexity="0" loc="362" ncloc="362" packages="11" files="48" classes="48">
      <package name="array">
        <metrics statements="117" coveredstatements="117" conditionals="32" coveredconditionals="32" methods="24" coveredmethods="24"/>
        <file name="array-operations.js" path="/Users/lucachaves/code/github/ifpb/javascript-exercises/_includes/ecma/response/array/array-operations.js">
          <metrics statements="30" coveredstatements="30" conditionals="2" coveredconditionals="2" methods="5" coveredmethods="5"/>
          <line num="3" count="3" type="stmt"/>
          <line num="4" count="3" type="stmt"/>
          <line num="5" count="12" type="stmt"/>
          <line num="7" count="3" type="stmt"/>
          <line num="11" count="3" type="stmt"/>
          <line num="12" count="3" type="stmt"/>
          <line num="13" count="12" type="stmt"/>
          <line num="15" count="3" type="stmt"/>
          <line num="19" count="3" type="stmt"/>
          <line num="20" count="3" type="stmt"/>
          <line num="21" count="12" type="cond" truecount="2" falsecount="0"/>
          <line num="22" count="5" type="stmt"/>
          <line num="24" count="3" type="stmt"/>
          <line num="28" count="2" type="stmt"/>
          <line num="29" count="2" type="stmt"/>
          <line num="30" count="5" type="stmt"/>
          <line num="31" count="5" type="stmt"/>
          <line num="32" count="13" type="stmt"/>
          <line num="34" count="5" type="stmt"/>
          <line num="36" count="2" type="stmt"/>
          <line num="40" count="2" type="stmt"/>
          <line num="41" count="2" type="stmt"/>
          <line num="42" count="4" type="stmt"/>
          <line num="43" count="4" type="stmt"/>
          <line num="44" count="8" type="stmt"/>
          <line num="45" count="8" type="stmt"/>
          <line num="46" count="20" type="stmt"/>
          <line num="48" count="8" type="stmt"/>
          <line num="50" count="4" type="stmt"/>
          <line num="52" count="2" type="stmt"/>
        </file>
        <file name="array.js" path="/Users/lucachaves/code/github/ifpb/javascript-exercises/_includes/ecma/response/array/array.js">
          <metrics statements="29" coveredstatements="29" conditionals="12" coveredconditionals="12" methods="5" coveredmethods="5"/>
          <line num="3" count="2" type="stmt"/>
          <line num="5" count="2" type="stmt"/>
          <line num="6" count="10" type="cond" truecount="2" falsecount="0"/>
          <line num="7" count="1" type="stmt"/>
          <line num="10" count="2" type="stmt"/>
          <line num="14" count="1" type="stmt"/>
          <line num="16" count="1" type="stmt"/>
          <line num="17" count="6" type="cond" truecount="2" falsecount="0"/>
          <line num="18" count="3" type="stmt"/>
          <line num="21" count="1" type="stmt"/>
          <line num="25" count="3" type="cond" truecount="2" falsecount="0"/>
          <line num="26" count="3" type="cond" truecount="2" falsecount="0"/>
          <line num="27" count="3" type="cond" truecount="2" falsecount="0"/>
          <line num="28" count="3" type="stmt"/>
          <line num="30" count="3" type="stmt"/>
          <line num="31" count="26" type="stmt"/>
          <line num="34" count="3" type="stmt"/>
          <line num="38" count="2" type="stmt"/>
          <line num="39" count="2" type="stmt"/>
          <line num="40" count="5" type="stmt"/>
          <line num="41" count="5" type="stmt"/>
          <line num="42" count="13" type="stmt"/>
          <line num="43" count="5" type="stmt"/>
          <line num="45" count="2" type="stmt"/>
          <line num="49" count="2" type="stmt"/>
          <line num="50" count="2" type="stmt"/>
          <line num="51" count="11" type="cond" truecount="2" falsecount="0"/>
          <line num="52" count="7" type="stmt"/>
          <line num="54" count="2" type="stmt"/>
        </file>
        <file name="fibonacci-array.js" path="/Users/lucachaves/code/github/ifpb/javascript-exercises/_includes/ecma/response/array/fibonacci-array.js">
          <metrics statements="14" coveredstatements="14" conditionals="4" coveredconditionals="4" methods="1" coveredmethods="1"/>
          <line num="3" count="5" type="stmt"/>
          <line num="4" count="5" type="stmt"/>
          <line num="5" count="5" type="stmt"/>
          <line num="8" count="5" type="cond" truecount="2" falsecount="0"/>
          <line num="9" count="3" type="stmt"/>
          <line num="10" count="6" type="stmt"/>
          <line num="11" count="6" type="stmt"/>
          <line num="12" count="6" type="stmt"/>
          <line num="14" count="6" type="stmt"/>
          <line num="16" count="6" type="stmt"/>
          <line num="18" count="2" type="cond" truecount="2" falsecount="0"/>
          <line num="19" count="1" type="stmt"/>
          <line num="21" count="1" type="stmt"/>
          <line num="23" count="3" type="stmt"/>
        </file>
        <file name="min-withdraw.js" path="/Users/lucachaves/code/github/ifpb/javascript-exercises/_includes/ecma/response/array/min-withdraw.js">
          <metrics statements="8" coveredstatements="8" conditionals="2" coveredconditionals="2" methods="1" coveredmethods="1"/>
          <line num="3" count="3" type="stmt"/>
          <line num="4" count="3" type="stmt"/>
          <line num="6" count="3" type="stmt"/>
          <line num="7" count="21" type="stmt"/>
          <line num="8" count="21" type="stmt"/>
          <line num="9" count="21" type="cond" truecount="2" falsecount="0"/>
          <line num="10" count="10" type="stmt"/>
          <line num="13" count="3" type="stmt"/>
        </file>
        <file name="prime-factors.js" path="/Users/lucachaves/code/github/ifpb/javascript-exercises/_includes/ecma/response/array/prime-factors.js">
          <metrics statements="6" coveredstatements="6" conditionals="0" coveredconditionals="0" methods="1" coveredmethods="1"/>
          <line num="3" count="11" type="stmt"/>
          <line num="4" count="11" type="stmt"/>
          <line num="5" count="894593" type="stmt"/>
          <line num="6" count="25" type="stmt"/>
          <line num="7" count="25" type="stmt"/>
          <line num="10" count="11" type="stmt"/>
        </file>
        <file name="prime-numbers.js" path="/Users/lucachaves/code/github/ifpb/javascript-exercises/_includes/ecma/response/array/prime-numbers.js">
          <metrics statements="14" coveredstatements="14" conditionals="10" coveredconditionals="10" methods="2" coveredmethods="2"/>
          <line num="4" count="46" type="stmt"/>
          <line num="5" count="50" type="cond" truecount="2" falsecount="0"/>
          <line num="6" count="22" type="stmt"/>
          <line num="14" count="5" type="stmt"/>
          <line num="16" count="5" type="cond" truecount="2" falsecount="0"/>
          <line num="17" count="1" type="stmt"/>
          <line num="19" count="4" type="cond" truecount="2" falsecount="0"/>
          <line num="20" count="2" type="stmt"/>
          <line num="21" count="28" type="cond" truecount="2" falsecount="0"/>
          <line num="22" count="12" type="stmt"/>
          <line num="24" count="2" type="stmt"/>
          <line num="25" count="18" type="cond" truecount="2" falsecount="0"/>
          <line num="26" count="10" type="stmt"/>
          <line num="29" count="4" type="stmt"/>
        </file>
        <file name="products-qtd.js" path="/Users/lucachaves/code/github/ifpb/javascript-exercises/_includes/ecma/response/array/products-qtd.js">
          <metrics statements="6" coveredstatements="6" conditionals="0" coveredconditionals="0" methods="6" coveredmethods="6"/>
          <line num="3" count="4" type="stmt"/>
          <line num="4" count="1" type="stmt"/>
          <line num="8" count="4" type="stmt"/>
          <line num="9" count="1" type="stmt"/>
          <line num="13" count="4" type="stmt"/>
          <line num="14" count="1" type="stmt"/>
        </file>
        <file name="products.js" path="/Users/lucachaves/code/github/ifpb/javascript-exercises/_includes/ecma/response/array/products.js">
          <metrics statements="2" coveredstatements="2" conditionals="0" coveredconditionals="0" methods="2" coveredmethods="2"/>
          <line num="3" count="2" type="stmt"/>
          <line num="4" count="1" type="stmt"/>
        </file>
        <file name="roman-number.js" path="/Users/lucachaves/code/github/ifpb/javascript-exercises/_includes/ecma/response/array/roman-number.js">
          <metrics statements="8" coveredstatements="8" conditionals="2" coveredconditionals="2" methods="1" coveredmethods="1"/>
          <line num="3" count="18" type="stmt"/>
          <line num="19" count="18" type="stmt"/>
          <line num="21" count="18" type="stmt"/>
          <line num="22" count="234" type="stmt"/>
          <line num="23" count="234" type="stmt"/>
          <line num="24" count="234" type="cond" truecount="2" falsecount="0"/>
          <line num="25" count="38" type="stmt"/>
          <line num="28" count="18" type="stmt"/>
        </file>
      </package>
      <package name="date">
        <metrics statements="7" coveredstatements="7" conditionals="0" coveredconditionals="0" methods="1" coveredmethods="1"/>
        <file name="diff-timestamp.js" path="/Users/lucachaves/code/github/ifpb/javascript-exercises/_includes/ecma/response/date/diff-timestamp.js">
          <metrics statements="7" coveredstatements="7" conditionals="0" coveredconditionals="0" methods="1" coveredmethods="1"/>
          <line num="3" count="1" type="stmt"/>
          <line num="4" count="1" type="stmt"/>
          <line num="6" count="1" type="stmt"/>
          <line num="7" count="1" type="stmt"/>
          <line num="8" count="1" type="stmt"/>
          <line num="9" count="1" type="stmt"/>
          <line num="11" count="1" type="stmt"/>
        </file>
      </package>
      <package name="function">
        <metrics statements="112" coveredstatements="98" conditionals="73" coveredconditionals="61" methods="20" coveredmethods="15"/>
        <file name="area-of-circle.js" path="/Users/lucachaves/code/github/ifpb/javascript-exercises/_includes/ecma/response/function/area-of-circle.js">
          <metrics statements="4" coveredstatements="3" conditionals="0" coveredconditionals="0" methods="3" coveredmethods="1"/>
          <line num="4" count="2" type="stmt"/>
          <line num="7" count="1" type="stmt"/>
          <line num="8" count="0" type="stmt"/>
          <line num="11" count="1" type="stmt"/>
        </file>
        <file name="calc.js" path="/Users/lucachaves/code/github/ifpb/javascript-exercises/_includes/ecma/response/function/calc.js">
          <metrics statements="6" coveredstatements="5" conditionals="4" coveredconditionals="4" methods="2" coveredmethods="1"/>
          <line num="5" count="4" type="cond" truecount="4" falsecount="0"/>
          <line num="7" count="1" type="stmt"/>
          <line num="9" count="1" type="stmt"/>
          <line num="11" count="1" type="stmt"/>
          <line num="13" count="1" type="stmt"/>
          <line num="22" count="0" type="stmt"/>
        </file>
        <file name="calendar.js" path="/Users/lucachaves/code/github/ifpb/javascript-exercises/_includes/ecma/response/function/calendar.js">
          <metrics statements="8" coveredstatements="8" conditionals="6" coveredconditionals="6" methods="1" coveredmethods="1"/>
          <line num="7" count="5" type="stmt"/>
          <line num="9" count="5" type="stmt"/>
          <line num="10" count="12" type="stmt"/>
          <line num="13" count="5" type="stmt"/>
          <line num="14" count="152" type="cond" truecount="2" falsecount="0"/>
          <line num="15" count="152" type="cond" truecount="2" falsecount="0"/>
          <line num="16" count="5" type="stmt"/>
          <line num="17" count="147" type="cond" truecount="2" falsecount="0"/>
        </file>
        <file name="factorial.js" path="/Users/lucachaves/code/github/ifpb/javascript-exercises/_includes/ecma/response/function/factorial.js">
          <metrics statements="4" coveredstatements="3" conditionals="4" coveredconditionals="2" methods="2" coveredmethods="1"/>
          <line num="2" count="14" type="cond" truecount="2" falsecount="0"/>
          <line num="3" count="10" type="stmt"/>
          <line num="5" count="4" type="stmt"/>
          <line num="11" count="0" type="cond" truecount="0" falsecount="2"/>
        </file>
        <file name="fibonacci-number.js" path="/Users/lucachaves/code/github/ifpb/javascript-exercises/_includes/ecma/response/function/fibonacci-number.js">
          <metrics statements="13" coveredstatements="13" conditionals="4" coveredconditionals="4" methods="1" coveredmethods="1"/>
          <line num="3" count="5" type="stmt"/>
          <line num="4" count="5" type="stmt"/>
          <line num="5" count="5" type="stmt"/>
          <line num="7" count="5" type="cond" truecount="2" falsecount="0"/>
          <line num="8" count="3" type="stmt"/>
          <line num="9" count="6" type="stmt"/>
          <line num="10" count="6" type="stmt"/>
          <line num="11" count="6" type="stmt"/>
          <line num="13" count="6" type="stmt"/>
          <line num="15" count="2" type="cond" truecount="2" falsecount="0"/>
          <line num="16" count="1" type="stmt"/>
          <line num="18" count="1" type="stmt"/>
          <line num="20" count="3" type="stmt"/>
        </file>
        <file name="fibonacci-sequence.js" path="/Users/lucachaves/code/github/ifpb/javascript-exercises/_includes/ecma/response/function/fibonacci-sequence.js">
          <metrics statements="14" coveredstatements="14" conditionals="4" coveredconditionals="4" methods="1" coveredmethods="1"/>
          <line num="3" count="5" type="stmt"/>
          <line num="4" count="5" type="stmt"/>
          <line num="5" count="5" type="stmt"/>
          <line num="8" count="5" type="cond" truecount="2" falsecount="0"/>
          <line num="9" count="3" type="stmt"/>
          <line num="10" count="6" type="stmt"/>
          <line num="11" count="6" type="stmt"/>
          <line num="12" count="6" type="stmt"/>
          <line num="14" count="6" type="stmt"/>
          <line num="15" count="6" type="stmt"/>
          <line num="17" count="2" type="cond" truecount="2" falsecount="0"/>
          <line num="18" count="1" type="stmt"/>
          <line num="20" count="1" type="stmt"/>
          <line num="22" count="3" type="stmt"/>
        </file>
        <file name="figure-text.js" path="/Users/lucachaves/code/github/ifpb/javascript-exercises/_includes/ecma/response/function/figure-text.js">
          <metrics statements="44" coveredstatements="33" conditionals="32" coveredconditionals="22" methods="5" coveredmethods="4"/>
          <line num="3" count="0" type="stmt"/>
          <line num="4" count="0" type="stmt"/>
          <line num="5" count="0" type="stmt"/>
          <line num="6" count="0" type="cond" truecount="0" falsecount="2"/>
          <line num="7" count="0" type="stmt"/>
          <line num="8" count="0" type="stmt"/>
          <line num="9" count="0" type="cond" truecount="0" falsecount="2"/>
          <line num="10" count="0" type="cond" truecount="0" falsecount="2"/>
          <line num="11" count="0" type="cond" truecount="0" falsecount="2"/>
          <line num="12" count="0" type="cond" truecount="0" falsecount="2"/>
          <line num="15" count="0" type="stmt"/>
          <line num="19" count="3" type="stmt"/>
          <line num="20" count="3" type="stmt"/>
          <line num="21" count="3" type="stmt"/>
          <line num="22" count="6" type="cond" truecount="2" falsecount="0"/>
          <line num="23" count="3" type="stmt"/>
          <line num="24" count="6" type="stmt"/>
          <line num="25" count="14" type="cond" truecount="2" falsecount="0"/>
          <line num="28" count="3" type="stmt"/>
          <line num="32" count="3" type="stmt"/>
          <line num="33" count="3" type="stmt"/>
          <line num="34" count="3" type="stmt"/>
          <line num="35" count="9" type="cond" truecount="2" falsecount="0"/>
          <line num="36" count="6" type="stmt"/>
          <line num="37" count="9" type="stmt"/>
          <line num="38" count="22" type="cond" truecount="4" falsecount="0"/>
          <line num="41" count="3" type="stmt"/>
          <line num="45" count="3" type="stmt"/>
          <line num="46" count="3" type="stmt"/>
          <line num="47" count="3" type="stmt"/>
          <line num="48" count="9" type="cond" truecount="2" falsecount="0"/>
          <line num="49" count="6" type="stmt"/>
          <line num="50" count="9" type="stmt"/>
          <line num="51" count="35" type="cond" truecount="4" falsecount="0"/>
          <line num="54" count="35" type="cond" truecount="2" falsecount="0"/>
          <line num="57" count="3" type="stmt"/>
          <line num="61" count="4" type="stmt"/>
          <line num="62" count="4" type="stmt"/>
          <line num="63" count="4" type="stmt"/>
          <line num="64" count="10" type="cond" truecount="2" falsecount="0"/>
          <line num="65" count="6" type="stmt"/>
          <line num="66" count="10" type="stmt"/>
          <line num="67" count="30" type="cond" truecount="2" falsecount="0"/>
          <line num="70" count="4" type="stmt"/>
        </file>
        <file name="prime-nth.js" path="/Users/lucachaves/code/github/ifpb/javascript-exercises/_includes/ecma/response/function/prime-nth.js">
          <metrics statements="9" coveredstatements="9" conditionals="4" coveredconditionals="4" methods="2" coveredmethods="2"/>
          <line num="4" count="16" type="stmt"/>
          <line num="5" count="17" type="cond" truecount="2" falsecount="0"/>
          <line num="6" count="8" type="stmt"/>
          <line num="14" count="2" type="stmt"/>
          <line num="16" count="2" type="stmt"/>
          <line num="17" count="16" type="cond" truecount="2" falsecount="0"/>
          <line num="18" count="8" type="stmt"/>
          <line num="19" count="8" type="stmt"/>
          <line num="23" count="2" type="stmt"/>
        </file>
        <file name="prime.js" path="/Users/lucachaves/code/github/ifpb/javascript-exercises/_includes/ecma/response/function/prime.js">
          <metrics statements="3" coveredstatements="3" conditionals="2" coveredconditionals="2" methods="1" coveredmethods="1"/>
          <line num="4" count="6" type="stmt"/>
          <line num="5" count="4" type="cond" truecount="2" falsecount="0"/>
          <line num="6" count="4" type="stmt"/>
        </file>
        <file name="sum.js" path="/Users/lucachaves/code/github/ifpb/javascript-exercises/_includes/ecma/response/function/sum.js">
          <metrics statements="1" coveredstatements="1" conditionals="0" coveredconditionals="0" methods="1" coveredmethods="1"/>
          <line num="2" count="2" type="stmt"/>
        </file>
        <file name="triangle-checker.js" path="/Users/lucachaves/code/github/ifpb/javascript-exercises/_includes/ecma/response/function/triangle-checker.js">
          <metrics statements="6" coveredstatements="6" conditionals="13" coveredconditionals="13" methods="1" coveredmethods="1"/>
          <line num="3" count="13" type="cond" truecount="5" falsecount="0"/>
          <line num="4" count="4" type="stmt"/>
          <line num="6" count="9" type="cond" truecount="3" falsecount="0"/>
          <line num="8" count="2" type="stmt"/>
          <line num="10" count="3" type="stmt"/>
          <line num="12" count="4" type="stmt"/>
        </file>
      </package>
      <package name="math">
        <metrics statements="5" coveredstatements="5" conditionals="4" coveredconditionals="4" methods="2" coveredmethods="2"/>
        <file name="random.js" path="/Users/lucachaves/code/github/ifpb/javascript-exercises/_includes/ecma/response/math/random.js">
          <metrics statements="5" coveredstatements="5" conditionals="4" coveredconditionals="4" methods="2" coveredmethods="2"/>
          <line num="2" count="3" type="cond" truecount="2" falsecount="0"/>
          <line num="3" count="3" type="cond" truecount="2" falsecount="0"/>
          <line num="4" count="3" type="stmt"/>
          <line num="5" count="3" type="stmt"/>
          <line num="9" count="1" type="stmt"/>
        </file>
      </package>
      <package name="object">
        <metrics statements="24" coveredstatements="21" conditionals="6" coveredconditionals="3" methods="23" coveredmethods="22"/>
        <file name="brazilian-championship.js" path="/Users/lucachaves/code/github/ifpb/javascript-exercises/_includes/ecma/response/object/brazilian-championship.js">
          <metrics statements="0" coveredstatements="0" conditionals="0" coveredconditionals="0" methods="2" coveredmethods="1"/>
        </file>
        <file name="cep.js" path="/Users/lucachaves/code/github/ifpb/javascript-exercises/_includes/ecma/response/object/cep.js">
          <metrics statements="2" coveredstatements="2" conditionals="0" coveredconditionals="0" methods="2" coveredmethods="2"/>
          <line num="3" count="1" type="stmt"/>
          <line num="5" count="9" type="stmt"/>
        </file>
        <file name="comics.js" path="/Users/lucachaves/code/github/ifpb/javascript-exercises/_includes/ecma/response/object/comics.js">
          <metrics statements="17" coveredstatements="14" conditionals="6" coveredconditionals="3" methods="11" coveredmethods="11"/>
          <line num="3" count="4" type="stmt"/>
          <line num="4" count="12" type="stmt"/>
          <line num="5" count="4" type="cond" truecount="2" falsecount="0"/>
          <line num="8" count="2" type="stmt"/>
          <line num="11" count="8" type="stmt"/>
          <line num="14" count="6" type="stmt"/>
          <line num="15" count="1" type="stmt"/>
          <line num="16" count="1" type="cond" truecount="1" falsecount="1"/>
          <line num="17" count="1" type="stmt"/>
          <line num="18" count="0" type="cond" truecount="0" falsecount="2"/>
          <line num="19" count="0" type="stmt"/>
          <line num="21" count="0" type="stmt"/>
          <line num="25" count="1" type="stmt"/>
          <line num="32" count="2" type="stmt"/>
          <line num="39" count="1" type="stmt"/>
          <line num="40" count="1" type="stmt"/>
          <line num="41" count="1" type="stmt"/>
        </file>
        <file name="products-qtd.js" path="/Users/lucachaves/code/github/ifpb/javascript-exercises/_includes/ecma/response/object/products-qtd.js">
          <metrics statements="4" coveredstatements="4" conditionals="0" coveredconditionals="0" methods="6" coveredmethods="6"/>
          <line num="3" count="4" type="stmt"/>
          <line num="7" count="4" type="stmt"/>
          <line num="8" count="1" type="stmt"/>
          <line num="12" count="4" type="stmt"/>
        </file>
        <file name="products.js" path="/Users/lucachaves/code/github/ifpb/javascript-exercises/_includes/ecma/response/object/products.js">
          <metrics statements="1" coveredstatements="1" conditionals="0" coveredconditionals="0" methods="2" coveredmethods="2"/>
          <line num="3" count="2" type="stmt"/>
        </file>
      </package>
      <package name="object.exam">
        <metrics statements="16" coveredstatements="16" conditionals="4" coveredconditionals="4" methods="16" coveredmethods="16"/>
        <file name="exam.js" path="/Users/lucachaves/code/github/ifpb/javascript-exercises/_includes/ecma/response/object/exam/exam.js">
          <metrics statements="16" coveredstatements="16" conditionals="4" coveredconditionals="4" methods="16" coveredmethods="16"/>
          <line num="3" count="2" type="stmt"/>
          <line num="4" count="10" type="cond" truecount="2" falsecount="0"/>
          <line num="8" count="3" type="stmt"/>
          <line num="9" count="1" type="stmt"/>
          <line num="13" count="6" type="stmt"/>
          <line num="14" count="6" type="stmt"/>
          <line num="15" count="2" type="stmt"/>
          <line num="19" count="3" type="stmt"/>
          <line num="20" count="3" type="stmt"/>
          <line num="21" count="1" type="stmt"/>
          <line num="25" count="3" type="stmt"/>
          <line num="26" count="1" type="stmt"/>
          <line num="27" count="3" type="stmt"/>
          <line num="31" count="3" type="stmt"/>
          <line num="32" count="1" type="stmt"/>
          <line num="33" count="3" type="stmt"/>
        </file>
      </package>
      <package name="object.exam-oo">
        <metrics statements="19" coveredstatements="19" conditionals="4" coveredconditionals="4" methods="18" coveredmethods="18"/>
        <file name="exam-check.js" path="/Users/lucachaves/code/github/ifpb/javascript-exercises/_includes/ecma/response/object/exam-oo/exam-check.js">
          <metrics statements="4" coveredstatements="4" conditionals="2" coveredconditionals="2" methods="3" coveredmethods="3"/>
          <line num="4" count="2" type="stmt"/>
          <line num="5" count="2" type="stmt"/>
          <line num="9" count="2" type="stmt"/>
          <line num="11" count="10" type="cond" truecount="2" falsecount="0"/>
        </file>
        <file name="exam-stats.js" path="/Users/lucachaves/code/github/ifpb/javascript-exercises/_includes/ecma/response/object/exam-oo/exam-stats.js">
          <metrics statements="15" coveredstatements="15" conditionals="2" coveredconditionals="2" methods="15" coveredmethods="15"/>
          <line num="4" count="1" type="stmt"/>
          <line num="8" count="3" type="stmt"/>
          <line num="9" count="1" type="stmt"/>
          <line num="13" count="6" type="stmt"/>
          <line num="14" count="6" type="stmt"/>
          <line num="15" count="2" type="stmt"/>
          <line num="19" count="3" type="stmt"/>
          <line num="20" count="3" type="stmt"/>
          <line num="21" count="1" type="stmt"/>
          <line num="25" count="3" type="stmt"/>
          <line num="26" count="1" type="stmt"/>
          <line num="27" count="3" type="stmt"/>
          <line num="31" count="3" type="stmt"/>
          <line num="32" count="1" type="stmt"/>
          <line num="33" count="3" type="stmt"/>
        </file>
      </package>
      <package name="object.order">
        <metrics statements="7" coveredstatements="7" conditionals="2" coveredconditionals="1" methods="5" coveredmethods="5"/>
        <file name="order.js" path="/Users/lucachaves/code/github/ifpb/javascript-exercises/_includes/ecma/response/object/order/order.js">
          <metrics statements="4" coveredstatements="4" conditionals="0" coveredconditionals="0" methods="4" coveredmethods="4"/>
          <line num="4" count="1" type="stmt"/>
          <line num="8" count="4" type="stmt"/>
          <line num="12" count="1" type="stmt"/>
          <line num="13" count="4" type="stmt"/>
        </file>
        <file name="product.js" path="/Users/lucachaves/code/github/ifpb/javascript-exercises/_includes/ecma/response/object/order/product.js">
          <metrics statements="3" coveredstatements="3" conditionals="2" coveredconditionals="1" methods="1" coveredmethods="1"/>
          <line num="5" count="3" type="stmt"/>
          <line num="6" count="3" type="stmt"/>
          <line num="7" count="3" type="cond" truecount="1" falsecount="1"/>
        </file>
      </package>
      <package name="object.order-category">
        <metrics statements="24" coveredstatements="24" conditionals="8" coveredconditionals="7" methods="13" coveredmethods="13"/>
        <file name="item.js" path="/Users/lucachaves/code/github/ifpb/javascript-exercises/_includes/ecma/response/object/order-category/item.js">
          <metrics statements="3" coveredstatements="3" conditionals="0" coveredconditionals="0" methods="2" coveredmethods="2"/>
          <line num="4" count="8" type="stmt"/>
          <line num="5" count="8" type="stmt"/>
          <line num="9" count="19" type="stmt"/>
        </file>
        <file name="order.js" path="/Users/lucachaves/code/github/ifpb/javascript-exercises/_includes/ecma/response/object/order-category/order.js">
          <metrics statements="16" coveredstatements="16" conditionals="4" coveredconditionals="4" methods="9" coveredmethods="9"/>
          <line num="6" count="2" type="stmt"/>
          <line num="10" count="11" type="stmt"/>
          <line num="11" count="11" type="cond" truecount="2" falsecount="0"/>
          <line num="12" count="3" type="stmt"/>
          <line num="14" count="8" type="stmt"/>
          <line num="19" count="10" type="stmt"/>
          <line num="20" count="8" type="stmt"/>
          <line num="22" count="4" type="stmt"/>
          <line num="24" count="14" type="stmt"/>
          <line num="28" count="1" type="stmt"/>
          <line num="30" count="5" type="stmt"/>
          <line num="31" count="5" type="stmt"/>
          <line num="32" count="5" type="stmt"/>
          <line num="33" count="5" type="stmt"/>
          <line num="34" count="5" type="stmt"/>
          <line num="35" count="5" type="stmt"/>
        </file>
        <file name="product.js" path="/Users/lucachaves/code/github/ifpb/javascript-exercises/_includes/ecma/response/object/order-category/product.js">
          <metrics statements="5" coveredstatements="5" conditionals="4" coveredconditionals="3" methods="2" coveredmethods="2"/>
          <line num="5" count="8" type="stmt"/>
          <line num="6" count="8" type="stmt"/>
          <line num="7" count="8" type="cond" truecount="1" falsecount="1"/>
          <line num="8" count="8" type="cond" truecount="2" falsecount="0"/>
          <line num="12" count="5" type="stmt"/>
        </file>
      </package>
      <package name="regexp">
        <metrics statements="3" coveredstatements="3" conditionals="0" coveredconditionals="0" methods="3" coveredmethods="2"/>
        <file name="text-util.js" path="/Users/lucachaves/code/github/ifpb/javascript-exercises/_includes/ecma/response/regexp/text-util.js">
          <metrics statements="3" coveredstatements="3" conditionals="0" coveredconditionals="0" methods="3" coveredmethods="2"/>
          <line num="2" count="1" type="stmt"/>
          <line num="6" count="1" type="stmt"/>
          <line num="10" count="1" type="stmt"/>
        </file>
      </package>
      <package name="string">
        <metrics statements="28" coveredstatements="2" conditionals="9" coveredconditionals="1" methods="22" coveredmethods="12"/>
        <file name="cipher.js" path="/Users/lucachaves/code/github/ifpb/javascript-exercises/_includes/ecma/response/string/cipher.js">
          <metrics statements="0" coveredstatements="0" conditionals="0" coveredconditionals="0" methods="1" coveredmethods="1"/>
        </file>
        <file name="citation.js" path="/Users/lucachaves/code/github/ifpb/javascript-exercises/_includes/ecma/response/string/citation.js">
          <metrics statements="0" coveredstatements="0" conditionals="0" coveredconditionals="0" methods="2" coveredmethods="1"/>
        </file>
        <file name="hamming.js" path="/Users/lucachaves/code/github/ifpb/javascript-exercises/_includes/ecma/response/string/hamming.js">
          <metrics statements="0" coveredstatements="0" conditionals="0" coveredconditionals="0" methods="1" coveredmethods="1"/>
        </file>
        <file name="ip.js" path="/Users/lucachaves/code/github/ifpb/javascript-exercises/_includes/ecma/response/string/ip.js">
          <metrics statements="0" coveredstatements="0" conditionals="0" coveredconditionals="0" methods="2" coveredmethods="1"/>
        </file>
        <file name="list-generator.js" path="/Users/lucachaves/code/github/ifpb/javascript-exercises/_includes/ecma/response/string/list-generator.js">
          <metrics statements="0" coveredstatements="0" conditionals="0" coveredconditionals="0" methods="1" coveredmethods="1"/>
        </file>
        <file name="lorem-ipsum-generator.js" path="/Users/lucachaves/code/github/ifpb/javascript-exercises/_includes/ecma/response/string/lorem-ipsum-generator.js">
          <metrics statements="0" coveredstatements="0" conditionals="0" coveredconditionals="0" methods="2" coveredmethods="2"/>
        </file>
        <file name="parser.js" path="/Users/lucachaves/code/github/ifpb/javascript-exercises/_includes/ecma/response/string/parser.js">
          <metrics statements="0" coveredstatements="0" conditionals="0" coveredconditionals="0" methods="6" coveredmethods="1"/>
        </file>
        <file name="rna-transcription.js" path="/Users/lucachaves/code/github/ifpb/javascript-exercises/_includes/ecma/response/string/rna-transcription.js">
          <metrics statements="0" coveredstatements="0" conditionals="0" coveredconditionals="0" methods="1" coveredmethods="1"/>
        </file>
        <file name="simple-substitution.js" path="/Users/lucachaves/code/github/ifpb/javascript-exercises/_includes/ecma/response/string/simple-substitution.js">
          <metrics statements="0" coveredstatements="0" conditionals="0" coveredconditionals="0" methods="1" coveredmethods="1"/>
        </file>
        <file name="string-util.js" path="/Users/lucachaves/code/github/ifpb/javascript-exercises/_includes/ecma/response/string/string-util.js">
          <metrics statements="10" coveredstatements="2" conditionals="3" coveredconditionals="1" methods="2" coveredmethods="1"/>
          <line num="8" count="1" type="cond" truecount="1" falsecount="2"/>
          <line num="10" count="0" type="stmt"/>
          <line num="12" count="1" type="stmt"/>
          <line num="14" count="0" type="stmt"/>
          <line num="19" count="0" type="stmt"/>
          <line num="20" count="0" type="stmt"/>
          <line num="21" count="0" type="stmt"/>
          <line num="22" count="0" type="stmt"/>
          <line num="23" count="0" type="stmt"/>
          <line num="25" count="0" type="stmt"/>
        </file>
        <file name="table-convert-md2html.js" path="/Users/lucachaves/code/github/ifpb/javascript-exercises/_includes/ecma/response/string/table-convert-md2html.js">
          <metrics statements="0" coveredstatements="0" conditionals="0" coveredconditionals="0" methods="1" coveredmethods="1"/>
        </file>
        <file name="table-generator.js" path="/Users/lucachaves/code/github/ifpb/javascript-exercises/_includes/ecma/response/string/table-generator.js">
          <metrics statements="18" coveredstatements="0" conditionals="6" coveredconditionals="0" methods="2" coveredmethods="0"/>
          <line num="3" count="0" type="stmt"/>
          <line num="4" count="0" type="cond" truecount="0" falsecount="2"/>
          <line num="6" count="0" type="stmt"/>
          <line num="7" count="0" type="stmt"/>
          <line num="8" count="0" type="stmt"/>
          <line num="9" count="0" type="cond" truecount="0" falsecount="2"/>
          <line num="13" count="0" type="stmt"/>
          <line num="17" count="0" type="stmt"/>
          <line num="18" count="0" type="cond" truecount="0" falsecount="2"/>
          <line num="20" count="0" type="stmt"/>
          <line num="21" count="0" type="stmt"/>
          <line num="22" count="0" type="stmt"/>
          <line num="23" count="0" type="stmt"/>
          <line num="24" count="0" type="stmt"/>
          <line num="26" count="0" type="stmt"/>
          <line num="27" count="0" type="stmt"/>
          <line num="30" count="0" type="stmt"/>
          <line num="31" count="0" type="stmt"/>
        </file>
      </package>
    </metrics>
  </project>
</coverage>
