{"/Users/lucachaves/code/github/ifpb/javascript-exercises/_includes/ecma/response/array/array-operations.js": {"path":"/Users/lucachaves/code/github/ifpb/javascript-exercises/_includes/ecma/response/array/array-operations.js","statementMap":{"0":{"start":{"line":3,"column":12},"end":{"line":3,"column":13}},"1":{"start":{"line":4,"column":2},"end":{"line":6,"column":3}},"2":{"start":{"line":5,"column":4},"end":{"line":5,"column":16}},"3":{"start":{"line":7,"column":2},"end":{"line":7,"column":12}},"4":{"start":{"line":11,"column":16},"end":{"line":11,"column":17}},"5":{"start":{"line":12,"column":2},"end":{"line":14,"column":3}},"6":{"start":{"line":13,"column":4},"end":{"line":13,"column":20}},"7":{"start":{"line":15,"column":2},"end":{"line":15,"column":16}},"8":{"start":{"line":19,"column":12},"end":{"line":19,"column":13}},"9":{"start":{"line":20,"column":2},"end":{"line":23,"column":3}},"10":{"start":{"line":21,"column":4},"end":{"line":22,"column":18}},"11":{"start":{"line":22,"column":6},"end":{"line":22,"column":18}},"12":{"start":{"line":24,"column":2},"end":{"line":24,"column":12}},"13":{"start":{"line":28,"column":12},"end":{"line":28,"column":14}},"14":{"start":{"line":29,"column":2},"end":{"line":35,"column":3}},"15":{"start":{"line":30,"column":15},"end":{"line":30,"column":17}},"16":{"start":{"line":31,"column":4},"end":{"line":33,"column":5}},"17":{"start":{"line":32,"column":6},"end":{"line":32,"column":43}},"18":{"start":{"line":34,"column":4},"end":{"line":34,"column":18}},"19":{"start":{"line":36,"column":2},"end":{"line":36,"column":12}},"20":{"start":{"line":40,"column":15},"end":{"line":40,"column":17}},"21":{"start":{"line":41,"column":2},"end":{"line":51,"column":3}},"22":{"start":{"line":42,"column":15},"end":{"line":42,"column":17}},"23":{"start":{"line":43,"column":4},"end":{"line":49,"column":5}},"24":{"start":{"line":44,"column":16},"end":{"line":44,"column":17}},"25":{"start":{"line":45,"column":6},"end":{"line":47,"column":7}},"26":{"start":{"line":46,"column":8},"end":{"line":46,"column":32}},"27":{"start":{"line":48,"column":6},"end":{"line":48,"column":20}},"28":{"start":{"line":50,"column":4},"end":{"line":50,"column":21}},"29":{"start":{"line":52,"column":2},"end":{"line":52,"column":15}}},"fnMap":{"0":{"name":"sum","decl":{"start":{"line":2,"column":9},"end":{"line":2,"column":12}},"loc":{"start":{"line":2,"column":20},"end":{"line":8,"column":1}},"line":2},"1":{"name":"product","decl":{"start":{"line":10,"column":9},"end":{"line":10,"column":16}},"loc":{"start":{"line":10,"column":24},"end":{"line":16,"column":1}},"line":10},"2":{"name":"sumOdds","decl":{"start":{"line":18,"column":9},"end":{"line":18,"column":16}},"loc":{"start":{"line":18,"column":24},"end":{"line":25,"column":1}},"line":18},"3":{"name":"addingMatrix","decl":{"start":{"line":27,"column":9},"end":{"line":27,"column":21}},"loc":{"start":{"line":27,"column":28},"end":{"line":37,"column":1}},"line":27},"4":{"name":"multiplyingMatrix","decl":{"start":{"line":39,"column":9},"end":{"line":39,"column":26}},"loc":{"start":{"line":39,"column":33},"end":{"line":53,"column":1}},"line":39}},"branchMap":{"0":{"loc":{"start":{"line":21,"column":4},"end":{"line":22,"column":18}},"type":"if","locations":[{"start":{"line":21,"column":4},"end":{"line":22,"column":18}},{"start":{"line":21,"column":4},"end":{"line":22,"column":18}}],"line":21}},"s":{"0":3,"1":3,"2":12,"3":3,"4":3,"5":3,"6":12,"7":3,"8":3,"9":3,"10":12,"11":5,"12":3,"13":2,"14":2,"15":5,"16":5,"17":13,"18":5,"19":2,"20":2,"21":2,"22":4,"23":4,"24":8,"25":8,"26":20,"27":8,"28":4,"29":2},"f":{"0":3,"1":3,"2":3,"3":2,"4":2},"b":{"0":[5,7]},"_coverageSchema":"332fd63041d2c1bcb487cc26dd0d5f7d97098a6c","hash":"bde032e99344cdbfa2759a28a3145643658a6eaf"}
,"/Users/lucachaves/code/github/ifpb/javascript-exercises/_includes/ecma/response/array/array.js": {"path":"/Users/lucachaves/code/github/ifpb/javascript-exercises/_includes/ecma/response/array/array.js","statementMap":{"0":{"start":{"line":3,"column":17},"end":{"line":3,"column":25}},"1":{"start":{"line":5,"column":2},"end":{"line":8,"column":3}},"2":{"start":{"line":6,"column":4},"end":{"line":7,"column":28}},"3":{"start":{"line":7,"column":6},"end":{"line":7,"column":28}},"4":{"start":{"line":10,"column":2},"end":{"line":10,"column":17}},"5":{"start":{"line":14,"column":17},"end":{"line":14,"column":25}},"6":{"start":{"line":16,"column":2},"end":{"line":19,"column":3}},"7":{"start":{"line":17,"column":4},"end":{"line":18,"column":22}},"8":{"start":{"line":18,"column":6},"end":{"line":18,"column":22}},"9":{"start":{"line":21,"column":2},"end":{"line":21,"column":17}},"10":{"start":{"line":25,"column":14},"end":{"line":25,"column":31}},"11":{"start":{"line":26,"column":12},"end":{"line":26,"column":26}},"12":{"start":{"line":27,"column":2},"end":{"line":27,"column":18}},"13":{"start":{"line":28,"column":15},"end":{"line":28,"column":17}},"14":{"start":{"line":30,"column":2},"end":{"line":32,"column":3}},"15":{"start":{"line":31,"column":4},"end":{"line":31,"column":23}},"16":{"start":{"line":34,"column":2},"end":{"line":34,"column":15}},"17":{"start":{"line":38,"column":15},"end":{"line":38,"column":17}},"18":{"start":{"line":39,"column":2},"end":{"line":44,"column":3}},"19":{"start":{"line":40,"column":17},"end":{"line":40,"column":19}},"20":{"start":{"line":41,"column":4},"end":{"line":42,"column":39}},"21":{"start":{"line":42,"column":6},"end":{"line":42,"column":39}},"22":{"start":{"line":43,"column":4},"end":{"line":43,"column":23}},"23":{"start":{"line":45,"column":2},"end":{"line":45,"column":15}},"24":{"start":{"line":49,"column":15},"end":{"line":49,"column":17}},"25":{"start":{"line":50,"column":2},"end":{"line":53,"column":3}},"26":{"start":{"line":51,"column":4},"end":{"line":52,"column":24}},"27":{"start":{"line":52,"column":6},"end":{"line":52,"column":24}},"28":{"start":{"line":54,"column":2},"end":{"line":54,"column":15}}},"fnMap":{"0":{"name":"min","decl":{"start":{"line":2,"column":9},"end":{"line":2,"column":12}},"loc":{"start":{"line":2,"column":20},"end":{"line":11,"column":1}},"line":2},"1":{"name":"max","decl":{"start":{"line":13,"column":9},"end":{"line":13,"column":12}},"loc":{"start":{"line":13,"column":20},"end":{"line":22,"column":1}},"line":13},"2":{"name":"range","decl":{"start":{"line":24,"column":9},"end":{"line":24,"column":14}},"loc":{"start":{"line":24,"column":35},"end":{"line":35,"column":1}},"line":24},"3":{"name":"zip","decl":{"start":{"line":37,"column":9},"end":{"line":37,"column":12}},"loc":{"start":{"line":37,"column":24},"end":{"line":46,"column":1}},"line":37},"4":{"name":"uniq","decl":{"start":{"line":48,"column":9},"end":{"line":48,"column":13}},"loc":{"start":{"line":48,"column":21},"end":{"line":55,"column":1}},"line":48}},"branchMap":{"0":{"loc":{"start":{"line":6,"column":4},"end":{"line":7,"column":28}},"type":"if","locations":[{"start":{"line":6,"column":4},"end":{"line":7,"column":28}},{"start":{"line":6,"column":4},"end":{"line":7,"column":28}}],"line":6},"1":{"loc":{"start":{"line":17,"column":4},"end":{"line":18,"column":22}},"type":"if","locations":[{"start":{"line":17,"column":4},"end":{"line":18,"column":22}},{"start":{"line":17,"column":4},"end":{"line":18,"column":22}}],"line":17},"2":{"loc":{"start":{"line":25,"column":14},"end":{"line":25,"column":31}},"type":"cond-expr","locations":[{"start":{"line":25,"column":21},"end":{"line":25,"column":27}},{"start":{"line":25,"column":30},"end":{"line":25,"column":31}}],"line":25},"3":{"loc":{"start":{"line":26,"column":12},"end":{"line":26,"column":26}},"type":"binary-expr","locations":[{"start":{"line":26,"column":12},"end":{"line":26,"column":16}},{"start":{"line":26,"column":20},"end":{"line":26,"column":26}}],"line":26},"4":{"loc":{"start":{"line":27,"column":9},"end":{"line":27,"column":18}},"type":"binary-expr","locations":[{"start":{"line":27,"column":9},"end":{"line":27,"column":13}},{"start":{"line":27,"column":17},"end":{"line":27,"column":18}}],"line":27},"5":{"loc":{"start":{"line":51,"column":4},"end":{"line":52,"column":24}},"type":"if","locations":[{"start":{"line":51,"column":4},"end":{"line":52,"column":24}},{"start":{"line":51,"column":4},"end":{"line":52,"column":24}}],"line":51}},"s":{"0":2,"1":2,"2":10,"3":1,"4":2,"5":1,"6":1,"7":6,"8":3,"9":1,"10":3,"11":3,"12":3,"13":3,"14":3,"15":26,"16":3,"17":2,"18":2,"19":5,"20":5,"21":13,"22":5,"23":2,"24":2,"25":2,"26":11,"27":7,"28":2},"f":{"0":2,"1":1,"2":3,"3":2,"4":2},"b":{"0":[1,9],"1":[3,3],"2":[2,1],"3":[3,1],"4":[3,2],"5":[7,4]},"_coverageSchema":"332fd63041d2c1bcb487cc26dd0d5f7d97098a6c","hash":"f77929b372df7e9eac393053209954ae073a54d9"}
,"/Users/lucachaves/code/github/ifpb/javascript-exercises/_includes/ecma/response/array/fibonacci-array.js": {"path":"/Users/lucachaves/code/github/ifpb/javascript-exercises/_includes/ecma/response/array/fibonacci-array.js","statementMap":{"0":{"start":{"line":3,"column":10},"end":{"line":3,"column":11}},"1":{"start":{"line":4,"column":10},"end":{"line":4,"column":11}},"2":{"start":{"line":5,"column":15},"end":{"line":5,"column":21}},"3":{"start":{"line":8,"column":2},"end":{"line":21,"column":13}},"4":{"start":{"line":9,"column":4},"end":{"line":17,"column":5}},"5":{"start":{"line":10,"column":6},"end":{"line":10,"column":18}},"6":{"start":{"line":11,"column":6},"end":{"line":11,"column":11}},"7":{"start":{"line":12,"column":6},"end":{"line":12,"column":14}},"8":{"start":{"line":14,"column":6},"end":{"line":14,"column":14}},"9":{"start":{"line":16,"column":6},"end":{"line":16,"column":23}},"10":{"start":{"line":18,"column":7},"end":{"line":21,"column":13}},"11":{"start":{"line":19,"column":4},"end":{"line":19,"column":14}},"12":{"start":{"line":21,"column":4},"end":{"line":21,"column":13}},"13":{"start":{"line":23,"column":2},"end":{"line":23,"column":15}}},"fnMap":{"0":{"name":"fibonacci","decl":{"start":{"line":2,"column":9},"end":{"line":2,"column":18}},"loc":{"start":{"line":2,"column":26},"end":{"line":24,"column":1}},"line":2}},"branchMap":{"0":{"loc":{"start":{"line":8,"column":2},"end":{"line":21,"column":13}},"type":"if","locations":[{"start":{"line":8,"column":2},"end":{"line":21,"column":13}},{"start":{"line":8,"column":2},"end":{"line":21,"column":13}}],"line":8},"1":{"loc":{"start":{"line":18,"column":7},"end":{"line":21,"column":13}},"type":"if","locations":[{"start":{"line":18,"column":7},"end":{"line":21,"column":13}},{"start":{"line":18,"column":7},"end":{"line":21,"column":13}}],"line":18}},"s":{"0":5,"1":5,"2":5,"3":5,"4":3,"5":6,"6":6,"7":6,"8":6,"9":6,"10":2,"11":1,"12":1,"13":3},"f":{"0":5},"b":{"0":[3,2],"1":[1,1]},"_coverageSchema":"332fd63041d2c1bcb487cc26dd0d5f7d97098a6c","hash":"11ca4a3a3684e92d4733107c02ff895afb27e9f9"}
,"/Users/lucachaves/code/github/ifpb/javascript-exercises/_includes/ecma/response/array/min-withdraw.js": {"path":"/Users/lucachaves/code/github/ifpb/javascript-exercises/_includes/ecma/response/array/min-withdraw.js","statementMap":{"0":{"start":{"line":3,"column":18},"end":{"line":3,"column":44}},"1":{"start":{"line":4,"column":15},"end":{"line":4,"column":17}},"2":{"start":{"line":6,"column":2},"end":{"line":11,"column":3}},"3":{"start":{"line":7,"column":16},"end":{"line":7,"column":41}},"4":{"start":{"line":8,"column":4},"end":{"line":8,"column":28}},"5":{"start":{"line":9,"column":4},"end":{"line":10,"column":36}},"6":{"start":{"line":10,"column":6},"end":{"line":10,"column":36}},"7":{"start":{"line":13,"column":2},"end":{"line":13,"column":15}}},"fnMap":{"0":{"name":"withdraw","decl":{"start":{"line":2,"column":9},"end":{"line":2,"column":17}},"loc":{"start":{"line":2,"column":26},"end":{"line":14,"column":1}},"line":2}},"branchMap":{"0":{"loc":{"start":{"line":9,"column":4},"end":{"line":10,"column":36}},"type":"if","locations":[{"start":{"line":9,"column":4},"end":{"line":10,"column":36}},{"start":{"line":9,"column":4},"end":{"line":10,"column":36}}],"line":9}},"s":{"0":3,"1":3,"2":3,"3":21,"4":21,"5":21,"6":10,"7":3},"f":{"0":3},"b":{"0":[10,11]},"_coverageSchema":"332fd63041d2c1bcb487cc26dd0d5f7d97098a6c","hash":"4413ef981b32f38a48782403ede5a67022e969cc"}
,"/Users/lucachaves/code/github/ifpb/javascript-exercises/_includes/ecma/response/array/prime-factors.js": {"path":"/Users/lucachaves/code/github/ifpb/javascript-exercises/_includes/ecma/response/array/prime-factors.js","statementMap":{"0":{"start":{"line":3,"column":16},"end":{"line":3,"column":18}},"1":{"start":{"line":4,"column":2},"end":{"line":9,"column":3}},"2":{"start":{"line":5,"column":4},"end":{"line":8,"column":5}},"3":{"start":{"line":6,"column":8},"end":{"line":6,"column":23}},"4":{"start":{"line":7,"column":8},"end":{"line":7,"column":19}},"5":{"start":{"line":10,"column":2},"end":{"line":10,"column":16}}},"fnMap":{"0":{"name":"primeFactors","decl":{"start":{"line":2,"column":9},"end":{"line":2,"column":21}},"loc":{"start":{"line":2,"column":30},"end":{"line":11,"column":1}},"line":2}},"branchMap":{},"s":{"0":11,"1":11,"2":894593,"3":25,"4":25,"5":11},"f":{"0":11},"b":{},"_coverageSchema":"332fd63041d2c1bcb487cc26dd0d5f7d97098a6c","hash":"e256ee1843e307ce101509a2ef57e87532e680af"}
,"/Users/lucachaves/code/github/ifpb/javascript-exercises/_includes/ecma/response/array/prime-numbers.js": {"path":"/Users/lucachaves/code/github/ifpb/javascript-exercises/_includes/ecma/response/array/prime-numbers.js","statementMap":{"0":{"start":{"line":4,"column":2},"end":{"line":5,"column":38}},"1":{"start":{"line":5,"column":4},"end":{"line":5,"column":38}},"2":{"start":{"line":5,"column":25},"end":{"line":5,"column":38}},"3":{"start":{"line":6,"column":2},"end":{"line":6,"column":22}},"4":{"start":{"line":14,"column":15},"end":{"line":14,"column":17}},"5":{"start":{"line":16,"column":2},"end":{"line":17,"column":17}},"6":{"start":{"line":17,"column":4},"end":{"line":17,"column":17}},"7":{"start":{"line":19,"column":2},"end":{"line":27,"column":3}},"8":{"start":{"line":20,"column":4},"end":{"line":22,"column":22}},"9":{"start":{"line":21,"column":6},"end":{"line":22,"column":22}},"10":{"start":{"line":22,"column":8},"end":{"line":22,"column":22}},"11":{"start":{"line":24,"column":4},"end":{"line":26,"column":22}},"12":{"start":{"line":25,"column":6},"end":{"line":26,"column":22}},"13":{"start":{"line":26,"column":8},"end":{"line":26,"column":22}},"14":{"start":{"line":29,"column":2},"end":{"line":29,"column":15}}},"fnMap":{"0":{"name":"isPrime","decl":{"start":{"line":2,"column":9},"end":{"line":2,"column":16}},"loc":{"start":{"line":2,"column":25},"end":{"line":7,"column":1}},"line":2},"1":{"name":"primes","decl":{"start":{"line":13,"column":9},"end":{"line":13,"column":15}},"loc":{"start":{"line":13,"column":28},"end":{"line":30,"column":1}},"line":13}},"branchMap":{"0":{"loc":{"start":{"line":5,"column":4},"end":{"line":5,"column":38}},"type":"if","locations":[{"start":{"line":5,"column":4},"end":{"line":5,"column":38}},{"start":{"line":5,"column":4},"end":{"line":5,"column":38}}],"line":5},"1":{"loc":{"start":{"line":16,"column":2},"end":{"line":17,"column":17}},"type":"if","locations":[{"start":{"line":16,"column":2},"end":{"line":17,"column":17}},{"start":{"line":16,"column":2},"end":{"line":17,"column":17}}],"line":16},"2":{"loc":{"start":{"line":19,"column":2},"end":{"line":27,"column":3}},"type":"if","locations":[{"start":{"line":19,"column":2},"end":{"line":27,"column":3}},{"start":{"line":19,"column":2},"end":{"line":27,"column":3}}],"line":19},"3":{"loc":{"start":{"line":21,"column":6},"end":{"line":22,"column":22}},"type":"if","locations":[{"start":{"line":21,"column":6},"end":{"line":22,"column":22}},{"start":{"line":21,"column":6},"end":{"line":22,"column":22}}],"line":21},"4":{"loc":{"start":{"line":25,"column":6},"end":{"line":26,"column":22}},"type":"if","locations":[{"start":{"line":25,"column":6},"end":{"line":26,"column":22}},{"start":{"line":25,"column":6},"end":{"line":26,"column":22}}],"line":25}},"s":{"0":46,"1":50,"2":24,"3":22,"4":5,"5":5,"6":1,"7":4,"8":2,"9":28,"10":12,"11":2,"12":18,"13":10,"14":4},"f":{"0":46,"1":5},"b":{"0":[24,26],"1":[1,4],"2":[2,2],"3":[12,16],"4":[10,8]},"_coverageSchema":"332fd63041d2c1bcb487cc26dd0d5f7d97098a6c","hash":"906f917057e2d22f7b3e7215587d3c4f2c5ec7fd"}
,"/Users/lucachaves/code/github/ifpb/javascript-exercises/_includes/ecma/response/array/products-qtd.js": {"path":"/Users/lucachaves/code/github/ifpb/javascript-exercises/_includes/ecma/response/array/products-qtd.js","statementMap":{"0":{"start":{"line":3,"column":19},"end":{"line":3,"column":44}},"1":{"start":{"line":3,"column":30},"end":{"line":3,"column":44}},"2":{"start":{"line":4,"column":2},"end":{"line":4,"column":34}},"3":{"start":{"line":8,"column":14},"end":{"line":8,"column":60}},"4":{"start":{"line":8,"column":25},"end":{"line":8,"column":60}},"5":{"start":{"line":9,"column":2},"end":{"line":9,"column":26}},"6":{"start":{"line":13,"column":14},"end":{"line":13,"column":65}},"7":{"start":{"line":13,"column":34},"end":{"line":13,"column":65}},"8":{"start":{"line":14,"column":2},"end":{"line":14,"column":32}}},"fnMap":{"0":{"name":"gtZero","decl":{"start":{"line":2,"column":9},"end":{"line":2,"column":15}},"loc":{"start":{"line":2,"column":26},"end":{"line":5,"column":1}},"line":2},"1":{"name":"(anonymous_1)","decl":{"start":{"line":3,"column":19},"end":{"line":3,"column":20}},"loc":{"start":{"line":3,"column":30},"end":{"line":3,"column":44}},"line":3},"2":{"name":"subTotal","decl":{"start":{"line":7,"column":9},"end":{"line":7,"column":17}},"loc":{"start":{"line":7,"column":28},"end":{"line":10,"column":1}},"line":7},"3":{"name":"(anonymous_3)","decl":{"start":{"line":8,"column":14},"end":{"line":8,"column":15}},"loc":{"start":{"line":8,"column":25},"end":{"line":8,"column":60}},"line":8},"4":{"name":"total","decl":{"start":{"line":12,"column":9},"end":{"line":12,"column":14}},"loc":{"start":{"line":12,"column":25},"end":{"line":15,"column":1}},"line":12},"5":{"name":"(anonymous_5)","decl":{"start":{"line":13,"column":14},"end":{"line":13,"column":15}},"loc":{"start":{"line":13,"column":34},"end":{"line":13,"column":65}},"line":13}},"branchMap":{},"s":{"0":1,"1":4,"2":1,"3":1,"4":4,"5":1,"6":1,"7":4,"8":1},"f":{"0":1,"1":4,"2":1,"3":4,"4":1,"5":4},"b":{},"_coverageSchema":"332fd63041d2c1bcb487cc26dd0d5f7d97098a6c","hash":"ba776d277c4f8a28241dc600996a45cc0767e4da"}
,"/Users/lucachaves/code/github/ifpb/javascript-exercises/_includes/ecma/response/array/products.js": {"path":"/Users/lucachaves/code/github/ifpb/javascript-exercises/_includes/ecma/response/array/products.js","statementMap":{"0":{"start":{"line":3,"column":14},"end":{"line":3,"column":52}},"1":{"start":{"line":3,"column":34},"end":{"line":3,"column":52}},"2":{"start":{"line":4,"column":2},"end":{"line":4,"column":32}}},"fnMap":{"0":{"name":"total","decl":{"start":{"line":2,"column":9},"end":{"line":2,"column":14}},"loc":{"start":{"line":2,"column":25},"end":{"line":9,"column":1}},"line":2},"1":{"name":"(anonymous_1)","decl":{"start":{"line":3,"column":14},"end":{"line":3,"column":15}},"loc":{"start":{"line":3,"column":34},"end":{"line":3,"column":52}},"line":3}},"branchMap":{},"s":{"0":1,"1":2,"2":1},"f":{"0":1,"1":2},"b":{},"_coverageSchema":"332fd63041d2c1bcb487cc26dd0d5f7d97098a6c","hash":"b274b46a717cf6788f87512dad194c53fb7fafa8"}
,"/Users/lucachaves/code/github/ifpb/javascript-exercises/_includes/ecma/response/array/roman-number.js": {"path":"/Users/lucachaves/code/github/ifpb/javascript-exercises/_includes/ecma/response/array/roman-number.js","statementMap":{"0":{"start":{"line":3,"column":22},"end":{"line":17,"column":3}},"1":{"start":{"line":19,"column":15},"end":{"line":19,"column":17}},"2":{"start":{"line":21,"column":2},"end":{"line":26,"column":3}},"3":{"start":{"line":22,"column":16},"end":{"line":22,"column":45}},"4":{"start":{"line":23,"column":4},"end":{"line":23,"column":32}},"5":{"start":{"line":24,"column":4},"end":{"line":25,"column":45}},"6":{"start":{"line":25,"column":6},"end":{"line":25,"column":45}},"7":{"start":{"line":28,"column":2},"end":{"line":28,"column":24}}},"fnMap":{"0":{"name":"toRoman","decl":{"start":{"line":2,"column":9},"end":{"line":2,"column":16}},"loc":{"start":{"line":2,"column":25},"end":{"line":29,"column":1}},"line":2}},"branchMap":{"0":{"loc":{"start":{"line":24,"column":4},"end":{"line":25,"column":45}},"type":"if","locations":[{"start":{"line":24,"column":4},"end":{"line":25,"column":45}},{"start":{"line":24,"column":4},"end":{"line":25,"column":45}}],"line":24}},"s":{"0":18,"1":18,"2":18,"3":234,"4":234,"5":234,"6":38,"7":18},"f":{"0":18},"b":{"0":[38,196]},"_coverageSchema":"332fd63041d2c1bcb487cc26dd0d5f7d97098a6c","hash":"d4f3c4981073964ba2ea22f18bf75abee05546b4"}
,"/Users/lucachaves/code/github/ifpb/javascript-exercises/_includes/ecma/response/date/diff-timestamp.js": {"path":"/Users/lucachaves/code/github/ifpb/javascript-exercises/_includes/ecma/response/date/diff-timestamp.js","statementMap":{"0":{"start":{"line":3,"column":2},"end":{"line":3,"column":25}},"1":{"start":{"line":4,"column":2},"end":{"line":4,"column":21}},"2":{"start":{"line":6,"column":18},"end":{"line":6,"column":37}},"3":{"start":{"line":7,"column":19},"end":{"line":7,"column":35}},"4":{"start":{"line":8,"column":16},"end":{"line":8,"column":33}},"5":{"start":{"line":9,"column":17},"end":{"line":9,"column":31}},"6":{"start":{"line":11,"column":2},"end":{"line":11,"column":61}}},"fnMap":{"0":{"name":"diffMonth","decl":{"start":{"line":2,"column":9},"end":{"line":2,"column":18}},"loc":{"start":{"line":2,"column":31},"end":{"line":12,"column":1}},"line":2}},"branchMap":{},"s":{"0":1,"1":1,"2":1,"3":1,"4":1,"5":1,"6":1},"f":{"0":1},"b":{},"_coverageSchema":"332fd63041d2c1bcb487cc26dd0d5f7d97098a6c","hash":"f68bdc5e57a069d0ba3f45399cace21bd33f99c5"}
,"/Users/lucachaves/code/github/ifpb/javascript-exercises/_includes/ecma/response/function/area-of-circle.js": {"path":"/Users/lucachaves/code/github/ifpb/javascript-exercises/_includes/ecma/response/function/area-of-circle.js","statementMap":{"0":{"start":{"line":4,"column":2},"end":{"line":4,"column":30}},"1":{"start":{"line":7,"column":32},"end":{"line":9,"column":1}},"2":{"start":{"line":8,"column":2},"end":{"line":8,"column":30}},"3":{"start":{"line":11,"column":28},"end":{"line":11,"column":61}},"4":{"start":{"line":11,"column":40},"end":{"line":11,"column":61}}},"fnMap":{"0":{"name":"areaOfCircle","decl":{"start":{"line":3,"column":9},"end":{"line":3,"column":21}},"loc":{"start":{"line":3,"column":30},"end":{"line":5,"column":1}},"line":3},"1":{"name":"(anonymous_1)","decl":{"start":{"line":7,"column":32},"end":{"line":7,"column":33}},"loc":{"start":{"line":7,"column":50},"end":{"line":9,"column":1}},"line":7},"2":{"name":"(anonymous_2)","decl":{"start":{"line":11,"column":28},"end":{"line":11,"column":29}},"loc":{"start":{"line":11,"column":40},"end":{"line":11,"column":61}},"line":11}},"branchMap":{},"s":{"0":2,"1":1,"2":0,"3":1,"4":0},"f":{"0":2,"1":0,"2":0},"b":{},"_coverageSchema":"332fd63041d2c1bcb487cc26dd0d5f7d97098a6c","hash":"56ae33a61944d14591a3e553b885866bbbdf86a5"}
,"/Users/lucachaves/code/github/ifpb/javascript-exercises/_includes/ecma/response/function/calc.js": {"path":"/Users/lucachaves/code/github/ifpb/javascript-exercises/_includes/ecma/response/function/calc.js","statementMap":{"0":{"start":{"line":5,"column":2},"end":{"line":14,"column":3}},"1":{"start":{"line":7,"column":6},"end":{"line":7,"column":52}},"2":{"start":{"line":9,"column":6},"end":{"line":9,"column":32}},"3":{"start":{"line":11,"column":6},"end":{"line":11,"column":32}},"4":{"start":{"line":13,"column":6},"end":{"line":13,"column":32}},"5":{"start":{"line":22,"column":2},"end":{"line":22,"column":45}}},"fnMap":{"0":{"name":"calc","decl":{"start":{"line":4,"column":9},"end":{"line":4,"column":13}},"loc":{"start":{"line":4,"column":43},"end":{"line":17,"column":1}},"line":4},"1":{"name":"calcWithEval","decl":{"start":{"line":21,"column":9},"end":{"line":21,"column":21}},"loc":{"start":{"line":21,"column":52},"end":{"line":23,"column":1}},"line":21}},"branchMap":{"0":{"loc":{"start":{"line":5,"column":2},"end":{"line":14,"column":3}},"type":"switch","locations":[{"start":{"line":6,"column":4},"end":{"line":7,"column":52}},{"start":{"line":8,"column":4},"end":{"line":9,"column":32}},{"start":{"line":10,"column":4},"end":{"line":11,"column":32}},{"start":{"line":12,"column":4},"end":{"line":13,"column":32}}],"line":5}},"s":{"0":4,"1":1,"2":1,"3":1,"4":1,"5":0},"f":{"0":4,"1":0},"b":{"0":[1,1,1,1]},"_coverageSchema":"332fd63041d2c1bcb487cc26dd0d5f7d97098a6c","hash":"d8fa9be2e1997fe06cf22904e2211359aa595708"}
,"/Users/lucachaves/code/github/ifpb/javascript-exercises/_includes/ecma/response/function/calendar.js": {"path":"/Users/lucachaves/code/github/ifpb/javascript-exercises/_includes/ecma/response/function/calendar.js","statementMap":{"0":{"start":{"line":7,"column":15},"end":{"line":7,"column":46}},"1":{"start":{"line":9,"column":2},"end":{"line":11,"column":3}},"2":{"start":{"line":10,"column":4},"end":{"line":10,"column":20}},"3":{"start":{"line":13,"column":2},"end":{"line":18,"column":3}},"4":{"start":{"line":14,"column":4},"end":{"line":14,"column":49}},"5":{"start":{"line":15,"column":4},"end":{"line":16,"column":19}},"6":{"start":{"line":16,"column":6},"end":{"line":16,"column":19}},"7":{"start":{"line":17,"column":4},"end":{"line":17,"column":51}}},"fnMap":{"0":{"name":"calendar","decl":{"start":{"line":6,"column":9},"end":{"line":6,"column":17}},"loc":{"start":{"line":6,"column":37},"end":{"line":20,"column":1}},"line":6}},"branchMap":{"0":{"loc":{"start":{"line":14,"column":14},"end":{"line":14,"column":49}},"type":"cond-expr","locations":[{"start":{"line":14,"column":27},"end":{"line":14,"column":37}},{"start":{"line":14,"column":40},"end":{"line":14,"column":49}}],"line":14},"1":{"loc":{"start":{"line":15,"column":4},"end":{"line":16,"column":19}},"type":"if","locations":[{"start":{"line":15,"column":4},"end":{"line":16,"column":19}},{"start":{"line":15,"column":4},"end":{"line":16,"column":19}}],"line":15},"2":{"loc":{"start":{"line":17,"column":14},"end":{"line":17,"column":51}},"type":"cond-expr","locations":[{"start":{"line":17,"column":41},"end":{"line":17,"column":45}},{"start":{"line":17,"column":48},"end":{"line":17,"column":51}}],"line":17}},"s":{"0":5,"1":5,"2":12,"3":5,"4":152,"5":152,"6":5,"7":147},"f":{"0":5},"b":{"0":[45,107],"1":[5,147],"2":[21,126]},"_coverageSchema":"332fd63041d2c1bcb487cc26dd0d5f7d97098a6c","hash":"2f457b340edb3fecfab4d7753f4f727e627e2a15"}
,"/Users/lucachaves/code/github/ifpb/javascript-exercises/_includes/ecma/response/function/factorial.js": {"path":"/Users/lucachaves/code/github/ifpb/javascript-exercises/_includes/ecma/response/function/factorial.js","statementMap":{"0":{"start":{"line":2,"column":2},"end":{"line":5,"column":12}},"1":{"start":{"line":3,"column":4},"end":{"line":3,"column":39}},"2":{"start":{"line":5,"column":4},"end":{"line":5,"column":12}},"3":{"start":{"line":11,"column":2},"end":{"line":11,"column":53}}},"fnMap":{"0":{"name":"factorial","decl":{"start":{"line":1,"column":9},"end":{"line":1,"column":18}},"loc":{"start":{"line":1,"column":26},"end":{"line":6,"column":1}},"line":1},"1":{"name":"factorialWithTernary","decl":{"start":{"line":10,"column":9},"end":{"line":10,"column":29}},"loc":{"start":{"line":10,"column":38},"end":{"line":12,"column":1}},"line":10}},"branchMap":{"0":{"loc":{"start":{"line":2,"column":2},"end":{"line":5,"column":12}},"type":"if","locations":[{"start":{"line":2,"column":2},"end":{"line":5,"column":12}},{"start":{"line":2,"column":2},"end":{"line":5,"column":12}}],"line":2},"1":{"loc":{"start":{"line":11,"column":9},"end":{"line":11,"column":52}},"type":"cond-expr","locations":[{"start":{"line":11,"column":18},"end":{"line":11,"column":48}},{"start":{"line":11,"column":51},"end":{"line":11,"column":52}}],"line":11}},"s":{"0":14,"1":10,"2":4,"3":0},"f":{"0":14,"1":0},"b":{"0":[10,4],"1":[0,0]},"_coverageSchema":"332fd63041d2c1bcb487cc26dd0d5f7d97098a6c","hash":"5feea13712fe2acab469965d0e99e5361f4d417d"}
,"/Users/lucachaves/code/github/ifpb/javascript-exercises/_includes/ecma/response/function/fibonacci-number.js": {"path":"/Users/lucachaves/code/github/ifpb/javascript-exercises/_includes/ecma/response/function/fibonacci-number.js","statementMap":{"0":{"start":{"line":3,"column":10},"end":{"line":3,"column":11}},"1":{"start":{"line":4,"column":10},"end":{"line":4,"column":11}},"2":{"start":{"line":5,"column":13},"end":{"line":5,"column":14}},"3":{"start":{"line":7,"column":2},"end":{"line":18,"column":20}},"4":{"start":{"line":8,"column":4},"end":{"line":14,"column":5}},"5":{"start":{"line":9,"column":6},"end":{"line":9,"column":18}},"6":{"start":{"line":10,"column":6},"end":{"line":10,"column":11}},"7":{"start":{"line":11,"column":6},"end":{"line":11,"column":14}},"8":{"start":{"line":13,"column":6},"end":{"line":13,"column":14}},"9":{"start":{"line":15,"column":7},"end":{"line":18,"column":20}},"10":{"start":{"line":16,"column":4},"end":{"line":16,"column":12}},"11":{"start":{"line":18,"column":4},"end":{"line":18,"column":20}},"12":{"start":{"line":20,"column":2},"end":{"line":20,"column":13}}},"fnMap":{"0":{"name":"fibonacci","decl":{"start":{"line":2,"column":9},"end":{"line":2,"column":18}},"loc":{"start":{"line":2,"column":26},"end":{"line":21,"column":1}},"line":2}},"branchMap":{"0":{"loc":{"start":{"line":7,"column":2},"end":{"line":18,"column":20}},"type":"if","locations":[{"start":{"line":7,"column":2},"end":{"line":18,"column":20}},{"start":{"line":7,"column":2},"end":{"line":18,"column":20}}],"line":7},"1":{"loc":{"start":{"line":15,"column":7},"end":{"line":18,"column":20}},"type":"if","locations":[{"start":{"line":15,"column":7},"end":{"line":18,"column":20}},{"start":{"line":15,"column":7},"end":{"line":18,"column":20}}],"line":15}},"s":{"0":5,"1":5,"2":5,"3":5,"4":3,"5":6,"6":6,"7":6,"8":6,"9":2,"10":1,"11":1,"12":3},"f":{"0":5},"b":{"0":[3,2],"1":[1,1]},"_coverageSchema":"332fd63041d2c1bcb487cc26dd0d5f7d97098a6c","hash":"51dedd3d80619063d11d27450370849d8d7436b6"}
,"/Users/lucachaves/code/github/ifpb/javascript-exercises/_includes/ecma/response/function/fibonacci-sequence.js": {"path":"/Users/lucachaves/code/github/ifpb/javascript-exercises/_includes/ecma/response/function/fibonacci-sequence.js","statementMap":{"0":{"start":{"line":3,"column":10},"end":{"line":3,"column":11}},"1":{"start":{"line":4,"column":10},"end":{"line":4,"column":11}},"2":{"start":{"line":5,"column":15},"end":{"line":5,"column":27}},"3":{"start":{"line":8,"column":2},"end":{"line":20,"column":13}},"4":{"start":{"line":9,"column":4},"end":{"line":16,"column":5}},"5":{"start":{"line":10,"column":6},"end":{"line":10,"column":18}},"6":{"start":{"line":11,"column":6},"end":{"line":11,"column":11}},"7":{"start":{"line":12,"column":6},"end":{"line":12,"column":14}},"8":{"start":{"line":14,"column":6},"end":{"line":14,"column":14}},"9":{"start":{"line":15,"column":6},"end":{"line":15,"column":27}},"10":{"start":{"line":17,"column":7},"end":{"line":20,"column":13}},"11":{"start":{"line":18,"column":4},"end":{"line":18,"column":14}},"12":{"start":{"line":20,"column":4},"end":{"line":20,"column":13}},"13":{"start":{"line":22,"column":2},"end":{"line":22,"column":15}}},"fnMap":{"0":{"name":"fibonacci","decl":{"start":{"line":2,"column":9},"end":{"line":2,"column":18}},"loc":{"start":{"line":2,"column":26},"end":{"line":23,"column":1}},"line":2}},"branchMap":{"0":{"loc":{"start":{"line":8,"column":2},"end":{"line":20,"column":13}},"type":"if","locations":[{"start":{"line":8,"column":2},"end":{"line":20,"column":13}},{"start":{"line":8,"column":2},"end":{"line":20,"column":13}}],"line":8},"1":{"loc":{"start":{"line":17,"column":7},"end":{"line":20,"column":13}},"type":"if","locations":[{"start":{"line":17,"column":7},"end":{"line":20,"column":13}},{"start":{"line":17,"column":7},"end":{"line":20,"column":13}}],"line":17}},"s":{"0":5,"1":5,"2":5,"3":5,"4":3,"5":6,"6":6,"7":6,"8":6,"9":6,"10":2,"11":1,"12":1,"13":3},"f":{"0":5},"b":{"0":[3,2],"1":[1,1]},"_coverageSchema":"332fd63041d2c1bcb487cc26dd0d5f7d97098a6c","hash":"f74c8f7489211d0e44edb2690b4113e4ef676df5"}
,"/Users/lucachaves/code/github/ifpb/javascript-exercises/_includes/ecma/response/function/figure-text.js": {"path":"/Users/lucachaves/code/github/ifpb/javascript-exercises/_includes/ecma/response/function/figure-text.js","statementMap":{"0":{"start":{"line":3,"column":15},"end":{"line":3,"column":17}},"1":{"start":{"line":4,"column":14},"end":{"line":4,"column":17}},"2":{"start":{"line":5,"column":2},"end":{"line":14,"column":3}},"3":{"start":{"line":6,"column":4},"end":{"line":7,"column":20}},"4":{"start":{"line":7,"column":6},"end":{"line":7,"column":20}},"5":{"start":{"line":8,"column":4},"end":{"line":13,"column":5}},"6":{"start":{"line":9,"column":6},"end":{"line":9,"column":40}},"7":{"start":{"line":10,"column":6},"end":{"line":10,"column":40}},"8":{"start":{"line":11,"column":6},"end":{"line":11,"column":51}},"9":{"start":{"line":12,"column":6},"end":{"line":12,"column":51}},"10":{"start":{"line":15,"column":2},"end":{"line":15,"column":15}},"11":{"start":{"line":19,"column":15},"end":{"line":19,"column":17}},"12":{"start":{"line":20,"column":14},"end":{"line":20,"column":17}},"13":{"start":{"line":21,"column":2},"end":{"line":27,"column":3}},"14":{"start":{"line":22,"column":4},"end":{"line":23,"column":20}},"15":{"start":{"line":23,"column":6},"end":{"line":23,"column":20}},"16":{"start":{"line":24,"column":4},"end":{"line":26,"column":5}},"17":{"start":{"line":25,"column":6},"end":{"line":25,"column":40}},"18":{"start":{"line":28,"column":2},"end":{"line":28,"column":15}},"19":{"start":{"line":32,"column":15},"end":{"line":32,"column":17}},"20":{"start":{"line":33,"column":14},"end":{"line":33,"column":17}},"21":{"start":{"line":34,"column":2},"end":{"line":40,"column":3}},"22":{"start":{"line":35,"column":4},"end":{"line":36,"column":20}},"23":{"start":{"line":36,"column":6},"end":{"line":36,"column":20}},"24":{"start":{"line":37,"column":4},"end":{"line":39,"column":5}},"25":{"start":{"line":38,"column":6},"end":{"line":38,"column":67}},"26":{"start":{"line":41,"column":2},"end":{"line":41,"column":15}},"27":{"start":{"line":45,"column":15},"end":{"line":45,"column":17}},"28":{"start":{"line":46,"column":14},"end":{"line":46,"column":17}},"29":{"start":{"line":47,"column":2},"end":{"line":56,"column":3}},"30":{"start":{"line":48,"column":4},"end":{"line":49,"column":20}},"31":{"start":{"line":49,"column":6},"end":{"line":49,"column":20}},"32":{"start":{"line":50,"column":4},"end":{"line":55,"column":5}},"33":{"start":{"line":51,"column":20},"end":{"line":53,"column":43}},"34":{"start":{"line":54,"column":6},"end":{"line":54,"column":37}},"35":{"start":{"line":57,"column":2},"end":{"line":57,"column":15}},"36":{"start":{"line":61,"column":15},"end":{"line":61,"column":17}},"37":{"start":{"line":62,"column":14},"end":{"line":62,"column":17}},"38":{"start":{"line":63,"column":2},"end":{"line":69,"column":3}},"39":{"start":{"line":64,"column":4},"end":{"line":65,"column":20}},"40":{"start":{"line":65,"column":6},"end":{"line":65,"column":20}},"41":{"start":{"line":66,"column":4},"end":{"line":68,"column":5}},"42":{"start":{"line":67,"column":6},"end":{"line":67,"column":41}},"43":{"start":{"line":70,"column":2},"end":{"line":70,"column":15}}},"fnMap":{"0":{"name":"halfSquare","decl":{"start":{"line":2,"column":9},"end":{"line":2,"column":19}},"loc":{"start":{"line":2,"column":25},"end":{"line":16,"column":1}},"line":2},"1":{"name":"triangleText","decl":{"start":{"line":18,"column":9},"end":{"line":18,"column":21}},"loc":{"start":{"line":18,"column":28},"end":{"line":29,"column":1}},"line":18},"2":{"name":"halfDiamondText","decl":{"start":{"line":31,"column":9},"end":{"line":31,"column":24}},"loc":{"start":{"line":31,"column":31},"end":{"line":42,"column":1}},"line":31},"3":{"name":"diamondText","decl":{"start":{"line":44,"column":9},"end":{"line":44,"column":20}},"loc":{"start":{"line":44,"column":27},"end":{"line":58,"column":1}},"line":44},"4":{"name":"boardText","decl":{"start":{"line":60,"column":9},"end":{"line":60,"column":18}},"loc":{"start":{"line":60,"column":25},"end":{"line":71,"column":1}},"line":60}},"branchMap":{"0":{"loc":{"start":{"line":6,"column":4},"end":{"line":7,"column":20}},"type":"if","locations":[{"start":{"line":6,"column":4},"end":{"line":7,"column":20}},{"start":{"line":6,"column":4},"end":{"line":7,"column":20}}],"line":6},"1":{"loc":{"start":{"line":9,"column":16},"end":{"line":9,"column":40}},"type":"cond-expr","locations":[{"start":{"line":9,"column":29},"end":{"line":9,"column":34}},{"start":{"line":9,"column":37},"end":{"line":9,"column":40}}],"line":9},"2":{"loc":{"start":{"line":10,"column":16},"end":{"line":10,"column":40}},"type":"cond-expr","locations":[{"start":{"line":10,"column":29},"end":{"line":10,"column":34}},{"start":{"line":10,"column":37},"end":{"line":10,"column":40}}],"line":10},"3":{"loc":{"start":{"line":11,"column":16},"end":{"line":11,"column":51}},"type":"cond-expr","locations":[{"start":{"line":11,"column":40},"end":{"line":11,"column":45}},{"start":{"line":11,"column":48},"end":{"line":11,"column":51}}],"line":11},"4":{"loc":{"start":{"line":12,"column":16},"end":{"line":12,"column":51}},"type":"cond-expr","locations":[{"start":{"line":12,"column":40},"end":{"line":12,"column":45}},{"start":{"line":12,"column":48},"end":{"line":12,"column":51}}],"line":12},"5":{"loc":{"start":{"line":22,"column":4},"end":{"line":23,"column":20}},"type":"if","locations":[{"start":{"line":22,"column":4},"end":{"line":23,"column":20}},{"start":{"line":22,"column":4},"end":{"line":23,"column":20}}],"line":22},"6":{"loc":{"start":{"line":25,"column":16},"end":{"line":25,"column":40}},"type":"cond-expr","locations":[{"start":{"line":25,"column":29},"end":{"line":25,"column":34}},{"start":{"line":25,"column":37},"end":{"line":25,"column":40}}],"line":25},"7":{"loc":{"start":{"line":35,"column":4},"end":{"line":36,"column":20}},"type":"if","locations":[{"start":{"line":35,"column":4},"end":{"line":36,"column":20}},{"start":{"line":35,"column":4},"end":{"line":36,"column":20}}],"line":35},"8":{"loc":{"start":{"line":38,"column":16},"end":{"line":38,"column":67}},"type":"cond-expr","locations":[{"start":{"line":38,"column":56},"end":{"line":38,"column":61}},{"start":{"line":38,"column":64},"end":{"line":38,"column":67}}],"line":38},"9":{"loc":{"start":{"line":38,"column":16},"end":{"line":38,"column":53}},"type":"binary-expr","locations":[{"start":{"line":38,"column":17},"end":{"line":38,"column":27}},{"start":{"line":38,"column":33},"end":{"line":38,"column":52}}],"line":38},"10":{"loc":{"start":{"line":48,"column":4},"end":{"line":49,"column":20}},"type":"if","locations":[{"start":{"line":48,"column":4},"end":{"line":49,"column":20}},{"start":{"line":48,"column":4},"end":{"line":49,"column":20}}],"line":48},"11":{"loc":{"start":{"line":51,"column":20},"end":{"line":53,"column":43}},"type":"binary-expr","locations":[{"start":{"line":51,"column":21},"end":{"line":51,"column":40}},{"start":{"line":51,"column":46},"end":{"line":51,"column":65}},{"start":{"line":52,"column":21},"end":{"line":52,"column":47}},{"start":{"line":53,"column":21},"end":{"line":53,"column":42}}],"line":51},"12":{"loc":{"start":{"line":54,"column":16},"end":{"line":54,"column":37}},"type":"cond-expr","locations":[{"start":{"line":54,"column":26},"end":{"line":54,"column":31}},{"start":{"line":54,"column":34},"end":{"line":54,"column":37}}],"line":54},"13":{"loc":{"start":{"line":64,"column":4},"end":{"line":65,"column":20}},"type":"if","locations":[{"start":{"line":64,"column":4},"end":{"line":65,"column":20}},{"start":{"line":64,"column":4},"end":{"line":65,"column":20}}],"line":64},"14":{"loc":{"start":{"line":67,"column":16},"end":{"line":67,"column":41}},"type":"cond-expr","locations":[{"start":{"line":67,"column":30},"end":{"line":67,"column":33}},{"start":{"line":67,"column":36},"end":{"line":67,"column":41}}],"line":67}},"s":{"0":0,"1":0,"2":0,"3":0,"4":0,"5":0,"6":0,"7":0,"8":0,"9":0,"10":0,"11":3,"12":3,"13":3,"14":6,"15":3,"16":6,"17":14,"18":3,"19":3,"20":3,"21":3,"22":9,"23":6,"24":9,"25":22,"26":3,"27":3,"28":3,"29":3,"30":9,"31":6,"32":9,"33":35,"34":35,"35":3,"36":4,"37":4,"38":4,"39":10,"40":6,"41":10,"42":30,"43":4},"f":{"0":0,"1":3,"2":3,"3":3,"4":4},"b":{"0":[0,0],"1":[0,0],"2":[0,0],"3":[0,0],"4":[0,0],"5":[3,3],"6":[10,4],"7":[6,3],"8":[14,8],"9":[22,18],"10":[6,3],"11":[35,31,27,23],"12":[19,16],"13":[6,4],"14":[14,16]},"_coverageSchema":"332fd63041d2c1bcb487cc26dd0d5f7d97098a6c","hash":"0a1ce5982e2cdb3651d430c938d4181db90ba558"}
,"/Users/lucachaves/code/github/ifpb/javascript-exercises/_includes/ecma/response/function/prime-nth.js": {"path":"/Users/lucachaves/code/github/ifpb/javascript-exercises/_includes/ecma/response/function/prime-nth.js","statementMap":{"0":{"start":{"line":4,"column":2},"end":{"line":5,"column":38}},"1":{"start":{"line":5,"column":4},"end":{"line":5,"column":38}},"2":{"start":{"line":5,"column":25},"end":{"line":5,"column":38}},"3":{"start":{"line":6,"column":2},"end":{"line":6,"column":22}},"4":{"start":{"line":14,"column":15},"end":{"line":14,"column":16}},"5":{"start":{"line":16,"column":2},"end":{"line":21,"column":3}},"6":{"start":{"line":17,"column":4},"end":{"line":20,"column":5}},"7":{"start":{"line":18,"column":6},"end":{"line":18,"column":21}},"8":{"start":{"line":19,"column":6},"end":{"line":19,"column":13}},"9":{"start":{"line":23,"column":2},"end":{"line":23,"column":15}}},"fnMap":{"0":{"name":"isPrime","decl":{"start":{"line":2,"column":9},"end":{"line":2,"column":16}},"loc":{"start":{"line":2,"column":25},"end":{"line":7,"column":1}},"line":2},"1":{"name":"nthPrime","decl":{"start":{"line":13,"column":9},"end":{"line":13,"column":17}},"loc":{"start":{"line":13,"column":23},"end":{"line":24,"column":1}},"line":13}},"branchMap":{"0":{"loc":{"start":{"line":5,"column":4},"end":{"line":5,"column":38}},"type":"if","locations":[{"start":{"line":5,"column":4},"end":{"line":5,"column":38}},{"start":{"line":5,"column":4},"end":{"line":5,"column":38}}],"line":5},"1":{"loc":{"start":{"line":17,"column":4},"end":{"line":20,"column":5}},"type":"if","locations":[{"start":{"line":17,"column":4},"end":{"line":20,"column":5}},{"start":{"line":17,"column":4},"end":{"line":20,"column":5}}],"line":17}},"s":{"0":16,"1":17,"2":8,"3":8,"4":2,"5":2,"6":16,"7":8,"8":8,"9":2},"f":{"0":16,"1":2},"b":{"0":[8,9],"1":[8,8]},"_coverageSchema":"332fd63041d2c1bcb487cc26dd0d5f7d97098a6c","hash":"0c6d6c993b4dda0dc9ded176afc446c74aeb0da0"}
,"/Users/lucachaves/code/github/ifpb/javascript-exercises/_includes/ecma/response/function/prime.js": {"path":"/Users/lucachaves/code/github/ifpb/javascript-exercises/_includes/ecma/response/function/prime.js","statementMap":{"0":{"start":{"line":4,"column":2},"end":{"line":5,"column":38}},"1":{"start":{"line":5,"column":4},"end":{"line":5,"column":38}},"2":{"start":{"line":5,"column":25},"end":{"line":5,"column":38}},"3":{"start":{"line":6,"column":2},"end":{"line":6,"column":22}}},"fnMap":{"0":{"name":"isPrime","decl":{"start":{"line":2,"column":9},"end":{"line":2,"column":16}},"loc":{"start":{"line":2,"column":25},"end":{"line":7,"column":1}},"line":2}},"branchMap":{"0":{"loc":{"start":{"line":5,"column":4},"end":{"line":5,"column":38}},"type":"if","locations":[{"start":{"line":5,"column":4},"end":{"line":5,"column":38}},{"start":{"line":5,"column":4},"end":{"line":5,"column":38}}],"line":5}},"s":{"0":6,"1":4,"2":2,"3":4},"f":{"0":6},"b":{"0":[2,2]},"_coverageSchema":"332fd63041d2c1bcb487cc26dd0d5f7d97098a6c","hash":"db3dcab279f18a64858445a51feb35b67a1a3526"}
,"/Users/lucachaves/code/github/ifpb/javascript-exercises/_includes/ecma/response/function/sum.js": {"path":"/Users/lucachaves/code/github/ifpb/javascript-exercises/_includes/ecma/response/function/sum.js","statementMap":{"0":{"start":{"line":2,"column":2},"end":{"line":2,"column":14}}},"fnMap":{"0":{"name":"sum","decl":{"start":{"line":1,"column":9},"end":{"line":1,"column":12}},"loc":{"start":{"line":1,"column":19},"end":{"line":3,"column":1}},"line":1}},"branchMap":{},"s":{"0":2},"f":{"0":2},"b":{},"_coverageSchema":"332fd63041d2c1bcb487cc26dd0d5f7d97098a6c","hash":"61e15266c2126c52698b67e7b44a55429169f6ab"}
,"/Users/lucachaves/code/github/ifpb/javascript-exercises/_includes/ecma/response/function/triangle-checker.js": {"path":"/Users/lucachaves/code/github/ifpb/javascript-exercises/_includes/ecma/response/function/triangle-checker.js","statementMap":{"0":{"start":{"line":3,"column":2},"end":{"line":13,"column":5}},"1":{"start":{"line":4,"column":4},"end":{"line":4,"column":17}},"2":{"start":{"line":6,"column":4},"end":{"line":13,"column":5}},"3":{"start":{"line":8,"column":8},"end":{"line":8,"column":28}},"4":{"start":{"line":10,"column":8},"end":{"line":10,"column":24}},"5":{"start":{"line":12,"column":8},"end":{"line":12,"column":26}}},"fnMap":{"0":{"name":"triangleChecker","decl":{"start":{"line":2,"column":9},"end":{"line":2,"column":24}},"loc":{"start":{"line":2,"column":33},"end":{"line":14,"column":1}},"line":2}},"branchMap":{"0":{"loc":{"start":{"line":3,"column":2},"end":{"line":13,"column":5}},"type":"if","locations":[{"start":{"line":3,"column":2},"end":{"line":13,"column":5}},{"start":{"line":3,"column":2},"end":{"line":13,"column":5}}],"line":3},"1":{"loc":{"start":{"line":3,"column":5},"end":{"line":3,"column":43}},"type":"binary-expr","locations":[{"start":{"line":3,"column":5},"end":{"line":3,"column":15}},{"start":{"line":3,"column":19},"end":{"line":3,"column":29}},{"start":{"line":3,"column":33},"end":{"line":3,"column":43}}],"line":3},"2":{"loc":{"start":{"line":6,"column":4},"end":{"line":13,"column":5}},"type":"switch","locations":[{"start":{"line":7,"column":6},"end":{"line":8,"column":28}},{"start":{"line":9,"column":6},"end":{"line":10,"column":24}},{"start":{"line":11,"column":6},"end":{"line":12,"column":26}}],"line":6},"3":{"loc":{"start":{"line":7,"column":11},"end":{"line":7,"column":29}},"type":"binary-expr","locations":[{"start":{"line":7,"column":11},"end":{"line":7,"column":18}},{"start":{"line":7,"column":22},"end":{"line":7,"column":29}}],"line":7},"4":{"loc":{"start":{"line":9,"column":11},"end":{"line":9,"column":40}},"type":"binary-expr","locations":[{"start":{"line":9,"column":11},"end":{"line":9,"column":18}},{"start":{"line":9,"column":22},"end":{"line":9,"column":29}},{"start":{"line":9,"column":33},"end":{"line":9,"column":40}}],"line":9}},"s":{"0":13,"1":4,"2":9,"3":2,"4":3,"5":4},"f":{"0":13},"b":{"0":[4,9],"1":[13,11,10],"2":[2,3,4],"3":[9,4],"4":[7,5,4]},"_coverageSchema":"332fd63041d2c1bcb487cc26dd0d5f7d97098a6c","hash":"7dca46aa5013484e413032a7493b635063ffacb9"}
,"/Users/lucachaves/code/github/ifpb/javascript-exercises/_includes/ecma/response/math/random.js": {"path":"/Users/lucachaves/code/github/ifpb/javascript-exercises/_includes/ecma/response/math/random.js","statementMap":{"0":{"start":{"line":2,"column":2},"end":{"line":2,"column":21}},"1":{"start":{"line":3,"column":2},"end":{"line":3,"column":18}},"2":{"start":{"line":4,"column":2},"end":{"line":4,"column":23}},"3":{"start":{"line":5,"column":2},"end":{"line":5,"column":58}},"4":{"start":{"line":9,"column":2},"end":{"line":9,"column":38}}},"fnMap":{"0":{"name":"rand","decl":{"start":{"line":1,"column":9},"end":{"line":1,"column":13}},"loc":{"start":{"line":1,"column":24},"end":{"line":6,"column":1}},"line":1},"1":{"name":"randArray","decl":{"start":{"line":8,"column":9},"end":{"line":8,"column":18}},"loc":{"start":{"line":8,"column":26},"end":{"line":10,"column":1}},"line":8}},"branchMap":{"0":{"loc":{"start":{"line":2,"column":8},"end":{"line":2,"column":21}},"type":"cond-expr","locations":[{"start":{"line":2,"column":14},"end":{"line":2,"column":17}},{"start":{"line":2,"column":20},"end":{"line":2,"column":21}}],"line":2},"1":{"loc":{"start":{"line":3,"column":8},"end":{"line":3,"column":18}},"type":"binary-expr","locations":[{"start":{"line":3,"column":8},"end":{"line":3,"column":11}},{"start":{"line":3,"column":15},"end":{"line":3,"column":18}}],"line":3}},"s":{"0":3,"1":3,"2":3,"3":3,"4":1},"f":{"0":3,"1":1},"b":{"0":[1,2],"1":[3,2]},"_coverageSchema":"332fd63041d2c1bcb487cc26dd0d5f7d97098a6c","hash":"d11ca2da34a997a1d53348b2f52a72d67945f6ff"}
,"/Users/lucachaves/code/github/ifpb/javascript-exercises/_includes/ecma/response/object/brazilian-championship.js": {"path":"/Users/lucachaves/code/github/ifpb/javascript-exercises/_includes/ecma/response/object/brazilian-championship.js","statementMap":{},"fnMap":{"0":{"name":"firstTeam","decl":{"start":{"line":2,"column":9},"end":{"line":2,"column":18}},"loc":{"start":{"line":2,"column":20},"end":{"line":4,"column":1}},"line":2},"1":{"name":"showStading","decl":{"start":{"line":6,"column":9},"end":{"line":6,"column":20}},"loc":{"start":{"line":6,"column":22},"end":{"line":8,"column":1}},"line":6}},"branchMap":{},"s":{},"f":{"0":1,"1":0},"b":{},"_coverageSchema":"332fd63041d2c1bcb487cc26dd0d5f7d97098a6c","hash":"8500a1a59b9c817ddf0e8590dfaee7d632e5f5d6"}
,"/Users/lucachaves/code/github/ifpb/javascript-exercises/_includes/ecma/response/object/cep.js": {"path":"/Users/lucachaves/code/github/ifpb/javascript-exercises/_includes/ecma/response/object/cep.js","statementMap":{"0":{"start":{"line":3,"column":2},"end":{"line":6,"column":16}},"1":{"start":{"line":5,"column":16},"end":{"line":5,"column":37}}},"fnMap":{"0":{"name":"getInfo","decl":{"start":{"line":2,"column":9},"end":{"line":2,"column":16}},"loc":{"start":{"line":2,"column":22},"end":{"line":7,"column":1}},"line":2},"1":{"name":"(anonymous_1)","decl":{"start":{"line":5,"column":9},"end":{"line":5,"column":10}},"loc":{"start":{"line":5,"column":16},"end":{"line":5,"column":37}},"line":5}},"branchMap":{},"s":{"0":1,"1":9},"f":{"0":1,"1":9},"b":{},"_coverageSchema":"332fd63041d2c1bcb487cc26dd0d5f7d97098a6c","hash":"a44cdba10e17dd80d1d730e91d9eece7203d2984"}
,"/Users/lucachaves/code/github/ifpb/javascript-exercises/_includes/ecma/response/object/comics.js": {"path":"/Users/lucachaves/code/github/ifpb/javascript-exercises/_includes/ecma/response/object/comics.js","statementMap":{"0":{"start":{"line":3,"column":25},"end":{"line":3,"column":42}},"1":{"start":{"line":3,"column":38},"end":{"line":3,"column":42}},"2":{"start":{"line":4,"column":30},"end":{"line":4,"column":80}},"3":{"start":{"line":4,"column":40},"end":{"line":4,"column":80}},"4":{"start":{"line":4,"column":53},"end":{"line":4,"column":80}},"5":{"start":{"line":5,"column":18},"end":{"line":5,"column":85}},"6":{"start":{"line":5,"column":28},"end":{"line":5,"column":85}},"7":{"start":{"line":8,"column":18},"end":{"line":8,"column":60}},"8":{"start":{"line":8,"column":38},"end":{"line":8,"column":60}},"9":{"start":{"line":11,"column":20},"end":{"line":11,"column":47}},"10":{"start":{"line":11,"column":33},"end":{"line":11,"column":47}},"11":{"start":{"line":14,"column":22},"end":{"line":14,"column":51}},"12":{"start":{"line":14,"column":32},"end":{"line":14,"column":51}},"13":{"start":{"line":15,"column":25},"end":{"line":22,"column":1}},"14":{"start":{"line":16,"column":2},"end":{"line":21,"column":12}},"15":{"start":{"line":17,"column":4},"end":{"line":17,"column":12}},"16":{"start":{"line":18,"column":7},"end":{"line":21,"column":12}},"17":{"start":{"line":19,"column":4},"end":{"line":19,"column":13}},"18":{"start":{"line":21,"column":4},"end":{"line":21,"column":12}},"19":{"start":{"line":25,"column":2},"end":{"line":28,"column":27}},"20":{"start":{"line":32,"column":2},"end":{"line":35,"column":21}},"21":{"start":{"line":39,"column":27},"end":{"line":39,"column":63}},"22":{"start":{"line":40,"column":22},"end":{"line":40,"column":59}},"23":{"start":{"line":41,"column":2},"end":{"line":41,"column":46}}},"fnMap":{"0":{"name":"(anonymous_0)","decl":{"start":{"line":3,"column":25},"end":{"line":3,"column":26}},"loc":{"start":{"line":3,"column":38},"end":{"line":3,"column":42}},"line":3},"1":{"name":"(anonymous_1)","decl":{"start":{"line":4,"column":30},"end":{"line":4,"column":31}},"loc":{"start":{"line":4,"column":40},"end":{"line":4,"column":80}},"line":4},"2":{"name":"(anonymous_2)","decl":{"start":{"line":4,"column":40},"end":{"line":4,"column":41}},"loc":{"start":{"line":4,"column":53},"end":{"line":4,"column":80}},"line":4},"3":{"name":"(anonymous_3)","decl":{"start":{"line":5,"column":18},"end":{"line":5,"column":19}},"loc":{"start":{"line":5,"column":28},"end":{"line":5,"column":85}},"line":5},"4":{"name":"(anonymous_4)","decl":{"start":{"line":8,"column":18},"end":{"line":8,"column":19}},"loc":{"start":{"line":8,"column":38},"end":{"line":8,"column":60}},"line":8},"5":{"name":"(anonymous_5)","decl":{"start":{"line":11,"column":20},"end":{"line":11,"column":21}},"loc":{"start":{"line":11,"column":33},"end":{"line":11,"column":47}},"line":11},"6":{"name":"(anonymous_6)","decl":{"start":{"line":14,"column":22},"end":{"line":14,"column":23}},"loc":{"start":{"line":14,"column":32},"end":{"line":14,"column":51}},"line":14},"7":{"name":"(anonymous_7)","decl":{"start":{"line":15,"column":25},"end":{"line":15,"column":26}},"loc":{"start":{"line":15,"column":35},"end":{"line":22,"column":1}},"line":15},"8":{"name":"namesByComics","decl":{"start":{"line":24,"column":9},"end":{"line":24,"column":22}},"loc":{"start":{"line":24,"column":43},"end":{"line":29,"column":1}},"line":24},"9":{"name":"topWeightNames","decl":{"start":{"line":31,"column":9},"end":{"line":31,"column":23}},"loc":{"start":{"line":31,"column":44},"end":{"line":36,"column":1}},"line":31},"10":{"name":"weight","decl":{"start":{"line":38,"column":9},"end":{"line":38,"column":15}},"loc":{"start":{"line":38,"column":36},"end":{"line":42,"column":1}},"line":38}},"branchMap":{"0":{"loc":{"start":{"line":5,"column":28},"end":{"line":5,"column":85}},"type":"cond-expr","locations":[{"start":{"line":5,"column":37},"end":{"line":5,"column":66}},{"start":{"line":5,"column":69},"end":{"line":5,"column":85}}],"line":5},"1":{"loc":{"start":{"line":16,"column":2},"end":{"line":21,"column":12}},"type":"if","locations":[{"start":{"line":16,"column":2},"end":{"line":21,"column":12}},{"start":{"line":16,"column":2},"end":{"line":21,"column":12}}],"line":16},"2":{"loc":{"start":{"line":18,"column":7},"end":{"line":21,"column":12}},"type":"if","locations":[{"start":{"line":18,"column":7},"end":{"line":21,"column":12}},{"start":{"line":18,"column":7},"end":{"line":21,"column":12}}],"line":18}},"s":{"0":1,"1":4,"2":1,"3":3,"4":12,"5":1,"6":4,"7":1,"8":2,"9":1,"10":8,"11":1,"12":6,"13":1,"14":1,"15":1,"16":0,"17":0,"18":0,"19":1,"20":2,"21":1,"22":1,"23":1},"f":{"0":4,"1":3,"2":12,"3":4,"4":2,"5":8,"6":6,"7":1,"8":1,"9":2,"10":1},"b":{"0":[3,1],"1":[1,0],"2":[0,0]},"_coverageSchema":"332fd63041d2c1bcb487cc26dd0d5f7d97098a6c","hash":"4959ed9deb803d4d4f7bc4b50121a429081cbdc3"}
,"/Users/lucachaves/code/github/ifpb/javascript-exercises/_includes/ecma/response/object/products-qtd.js": {"path":"/Users/lucachaves/code/github/ifpb/javascript-exercises/_includes/ecma/response/object/products-qtd.js","statementMap":{"0":{"start":{"line":3,"column":2},"end":{"line":3,"column":52}},"1":{"start":{"line":3,"column":36},"end":{"line":3,"column":51}},"2":{"start":{"line":7,"column":22},"end":{"line":7,"column":68}},"3":{"start":{"line":7,"column":28},"end":{"line":7,"column":67}},"4":{"start":{"line":8,"column":2},"end":{"line":8,"column":34}},"5":{"start":{"line":12,"column":2},"end":{"line":12,"column":66}},"6":{"start":{"line":12,"column":39},"end":{"line":12,"column":62}}},"fnMap":{"0":{"name":"gtZero","decl":{"start":{"line":2,"column":9},"end":{"line":2,"column":15}},"loc":{"start":{"line":2,"column":26},"end":{"line":4,"column":1}},"line":2},"1":{"name":"(anonymous_1)","decl":{"start":{"line":3,"column":25},"end":{"line":3,"column":26}},"loc":{"start":{"line":3,"column":36},"end":{"line":3,"column":51}},"line":3},"2":{"name":"subTotal","decl":{"start":{"line":6,"column":9},"end":{"line":6,"column":17}},"loc":{"start":{"line":6,"column":28},"end":{"line":9,"column":1}},"line":6},"3":{"name":"(anonymous_3)","decl":{"start":{"line":7,"column":22},"end":{"line":7,"column":23}},"loc":{"start":{"line":7,"column":28},"end":{"line":7,"column":67}},"line":7},"4":{"name":"total","decl":{"start":{"line":11,"column":9},"end":{"line":11,"column":14}},"loc":{"start":{"line":11,"column":25},"end":{"line":13,"column":1}},"line":11},"5":{"name":"(anonymous_5)","decl":{"start":{"line":12,"column":25},"end":{"line":12,"column":26}},"loc":{"start":{"line":12,"column":39},"end":{"line":12,"column":62}},"line":12}},"branchMap":{},"s":{"0":1,"1":4,"2":1,"3":4,"4":1,"5":1,"6":4},"f":{"0":1,"1":4,"2":1,"3":4,"4":1,"5":4},"b":{},"_coverageSchema":"332fd63041d2c1bcb487cc26dd0d5f7d97098a6c","hash":"d628611b72472ad17dd8eef69087434dc41e1fbc"}
,"/Users/lucachaves/code/github/ifpb/javascript-exercises/_includes/ecma/response/object/products.js": {"path":"/Users/lucachaves/code/github/ifpb/javascript-exercises/_includes/ecma/response/object/products.js","statementMap":{"0":{"start":{"line":3,"column":2},"end":{"line":3,"column":50}},"1":{"start":{"line":3,"column":35},"end":{"line":3,"column":46}}},"fnMap":{"0":{"name":"total","decl":{"start":{"line":2,"column":9},"end":{"line":2,"column":14}},"loc":{"start":{"line":2,"column":25},"end":{"line":4,"column":1}},"line":2},"1":{"name":"(anonymous_1)","decl":{"start":{"line":3,"column":25},"end":{"line":3,"column":26}},"loc":{"start":{"line":3,"column":35},"end":{"line":3,"column":46}},"line":3}},"branchMap":{},"s":{"0":1,"1":2},"f":{"0":1,"1":2},"b":{},"_coverageSchema":"332fd63041d2c1bcb487cc26dd0d5f7d97098a6c","hash":"037a5fa7808a8de1f6db6512b8f640c77ee2ce18"}
,"/Users/lucachaves/code/github/ifpb/javascript-exercises/_includes/ecma/response/object/exam/exam.js": {"path":"/Users/lucachaves/code/github/ifpb/javascript-exercises/_includes/ecma/response/object/exam/exam.js","statementMap":{"0":{"start":{"line":3,"column":2},"end":{"line":4,"column":80}},"1":{"start":{"line":4,"column":26},"end":{"line":4,"column":76}},"2":{"start":{"line":8,"column":12},"end":{"line":8,"column":69}},"3":{"start":{"line":8,"column":46},"end":{"line":8,"column":65}},"4":{"start":{"line":9,"column":2},"end":{"line":9,"column":30}},"5":{"start":{"line":13,"column":15},"end":{"line":13,"column":53}},"6":{"start":{"line":13,"column":39},"end":{"line":13,"column":52}},"7":{"start":{"line":14,"column":2},"end":{"line":14,"column":30}},"8":{"start":{"line":14,"column":24},"end":{"line":14,"column":29}},"9":{"start":{"line":15,"column":2},"end":{"line":15,"column":31}},"10":{"start":{"line":19,"column":15},"end":{"line":19,"column":53}},"11":{"start":{"line":19,"column":39},"end":{"line":19,"column":52}},"12":{"start":{"line":20,"column":2},"end":{"line":20,"column":30}},"13":{"start":{"line":20,"column":24},"end":{"line":20,"column":29}},"14":{"start":{"line":21,"column":2},"end":{"line":21,"column":29}},"15":{"start":{"line":25,"column":15},"end":{"line":25,"column":53}},"16":{"start":{"line":25,"column":39},"end":{"line":25,"column":52}},"17":{"start":{"line":26,"column":2},"end":{"line":26,"column":25}},"18":{"start":{"line":27,"column":2},"end":{"line":27,"column":46}},"19":{"start":{"line":27,"column":32},"end":{"line":27,"column":45}},"20":{"start":{"line":31,"column":15},"end":{"line":31,"column":53}},"21":{"start":{"line":31,"column":39},"end":{"line":31,"column":52}},"22":{"start":{"line":32,"column":2},"end":{"line":32,"column":25}},"23":{"start":{"line":33,"column":2},"end":{"line":33,"column":46}},"24":{"start":{"line":33,"column":32},"end":{"line":33,"column":45}}},"fnMap":{"0":{"name":"grade","decl":{"start":{"line":2,"column":9},"end":{"line":2,"column":14}},"loc":{"start":{"line":2,"column":40},"end":{"line":5,"column":1}},"line":2},"1":{"name":"(anonymous_1)","decl":{"start":{"line":4,"column":12},"end":{"line":4,"column":13}},"loc":{"start":{"line":4,"column":26},"end":{"line":4,"column":76}},"line":4},"2":{"name":"avg","decl":{"start":{"line":7,"column":9},"end":{"line":7,"column":12}},"loc":{"start":{"line":7,"column":23},"end":{"line":10,"column":1}},"line":7},"3":{"name":"(anonymous_3)","decl":{"start":{"line":8,"column":28},"end":{"line":8,"column":29}},"loc":{"start":{"line":8,"column":46},"end":{"line":8,"column":65}},"line":8},"4":{"name":"min","decl":{"start":{"line":12,"column":9},"end":{"line":12,"column":12}},"loc":{"start":{"line":12,"column":32},"end":{"line":16,"column":1}},"line":12},"5":{"name":"(anonymous_5)","decl":{"start":{"line":13,"column":28},"end":{"line":13,"column":29}},"loc":{"start":{"line":13,"column":39},"end":{"line":13,"column":52}},"line":13},"6":{"name":"(anonymous_6)","decl":{"start":{"line":14,"column":14},"end":{"line":14,"column":15}},"loc":{"start":{"line":14,"column":24},"end":{"line":14,"column":29}},"line":14},"7":{"name":"max","decl":{"start":{"line":18,"column":9},"end":{"line":18,"column":12}},"loc":{"start":{"line":18,"column":32},"end":{"line":22,"column":1}},"line":18},"8":{"name":"(anonymous_8)","decl":{"start":{"line":19,"column":28},"end":{"line":19,"column":29}},"loc":{"start":{"line":19,"column":39},"end":{"line":19,"column":52}},"line":19},"9":{"name":"(anonymous_9)","decl":{"start":{"line":20,"column":14},"end":{"line":20,"column":15}},"loc":{"start":{"line":20,"column":24},"end":{"line":20,"column":29}},"line":20},"10":{"name":"lt","decl":{"start":{"line":24,"column":9},"end":{"line":24,"column":11}},"loc":{"start":{"line":24,"column":29},"end":{"line":28,"column":1}},"line":24},"11":{"name":"(anonymous_11)","decl":{"start":{"line":25,"column":28},"end":{"line":25,"column":29}},"loc":{"start":{"line":25,"column":39},"end":{"line":25,"column":52}},"line":25},"12":{"name":"(anonymous_12)","decl":{"start":{"line":27,"column":23},"end":{"line":27,"column":24}},"loc":{"start":{"line":27,"column":32},"end":{"line":27,"column":45}},"line":27},"13":{"name":"gt","decl":{"start":{"line":30,"column":9},"end":{"line":30,"column":11}},"loc":{"start":{"line":30,"column":29},"end":{"line":34,"column":1}},"line":30},"14":{"name":"(anonymous_14)","decl":{"start":{"line":31,"column":28},"end":{"line":31,"column":29}},"loc":{"start":{"line":31,"column":39},"end":{"line":31,"column":52}},"line":31},"15":{"name":"(anonymous_15)","decl":{"start":{"line":33,"column":23},"end":{"line":33,"column":24}},"loc":{"start":{"line":33,"column":32},"end":{"line":33,"column":45}},"line":33}},"branchMap":{"0":{"loc":{"start":{"line":4,"column":35},"end":{"line":4,"column":75}},"type":"cond-expr","locations":[{"start":{"line":4,"column":62},"end":{"line":4,"column":71}},{"start":{"line":4,"column":74},"end":{"line":4,"column":75}}],"line":4},"1":{"loc":{"start":{"line":12,"column":23},"end":{"line":12,"column":30}},"type":"default-arg","locations":[{"start":{"line":12,"column":29},"end":{"line":12,"column":30}}],"line":12},"2":{"loc":{"start":{"line":18,"column":23},"end":{"line":18,"column":30}},"type":"default-arg","locations":[{"start":{"line":18,"column":29},"end":{"line":18,"column":30}}],"line":18}},"s":{"0":2,"1":10,"2":1,"3":3,"4":1,"5":2,"6":6,"7":2,"8":6,"9":2,"10":1,"11":3,"12":1,"13":3,"14":1,"15":1,"16":3,"17":1,"18":1,"19":3,"20":1,"21":3,"22":1,"23":1,"24":3},"f":{"0":2,"1":10,"2":1,"3":3,"4":2,"5":6,"6":6,"7":1,"8":3,"9":3,"10":1,"11":3,"12":3,"13":1,"14":3,"15":3},"b":{"0":[6,4],"1":[1],"2":[1]},"_coverageSchema":"332fd63041d2c1bcb487cc26dd0d5f7d97098a6c","hash":"3d3bffdd058efb3bd8afdbb5912901c508bb1681"}
,"/Users/lucachaves/code/github/ifpb/javascript-exercises/_includes/ecma/response/object/exam-oo/exam-check.js": {"path":"/Users/lucachaves/code/github/ifpb/javascript-exercises/_includes/ecma/response/object/exam-oo/exam-check.js","statementMap":{"0":{"start":{"line":4,"column":4},"end":{"line":4,"column":24}},"1":{"start":{"line":5,"column":4},"end":{"line":5,"column":24}},"2":{"start":{"line":9,"column":4},"end":{"line":12,"column":11}},"3":{"start":{"line":11,"column":8},"end":{"line":11,"column":75}}},"fnMap":{"0":{"name":"(anonymous_0)","decl":{"start":{"line":3,"column":2},"end":{"line":3,"column":3}},"loc":{"start":{"line":3,"column":30},"end":{"line":6,"column":3}},"line":3},"1":{"name":"(anonymous_1)","decl":{"start":{"line":8,"column":2},"end":{"line":8,"column":3}},"loc":{"start":{"line":8,"column":17},"end":{"line":13,"column":3}},"line":8},"2":{"name":"(anonymous_2)","decl":{"start":{"line":10,"column":14},"end":{"line":10,"column":15}},"loc":{"start":{"line":10,"column":28},"end":{"line":12,"column":7}},"line":10}},"branchMap":{"0":{"loc":{"start":{"line":11,"column":24},"end":{"line":11,"column":74}},"type":"cond-expr","locations":[{"start":{"line":11,"column":56},"end":{"line":11,"column":70}},{"start":{"line":11,"column":73},"end":{"line":11,"column":74}}],"line":11}},"s":{"0":2,"1":2,"2":2,"3":10},"f":{"0":2,"1":2,"2":10},"b":{"0":[6,4]},"_coverageSchema":"332fd63041d2c1bcb487cc26dd0d5f7d97098a6c","hash":"7f18e9a3d99b2431b69821873bb50932293e96d8"}
,"/Users/lucachaves/code/github/ifpb/javascript-exercises/_includes/ecma/response/object/exam-oo/exam-stats.js": {"path":"/Users/lucachaves/code/github/ifpb/javascript-exercises/_includes/ecma/response/object/exam-oo/exam-stats.js","statementMap":{"0":{"start":{"line":4,"column":4},"end":{"line":4,"column":28}},"1":{"start":{"line":8,"column":14},"end":{"line":8,"column":76}},"2":{"start":{"line":8,"column":53},"end":{"line":8,"column":72}},"3":{"start":{"line":9,"column":4},"end":{"line":9,"column":37}},"4":{"start":{"line":13,"column":17},"end":{"line":13,"column":60}},"5":{"start":{"line":13,"column":46},"end":{"line":13,"column":59}},"6":{"start":{"line":14,"column":4},"end":{"line":14,"column":32}},"7":{"start":{"line":14,"column":26},"end":{"line":14,"column":31}},"8":{"start":{"line":15,"column":4},"end":{"line":15,"column":33}},"9":{"start":{"line":19,"column":17},"end":{"line":19,"column":60}},"10":{"start":{"line":19,"column":46},"end":{"line":19,"column":59}},"11":{"start":{"line":20,"column":4},"end":{"line":20,"column":32}},"12":{"start":{"line":20,"column":26},"end":{"line":20,"column":31}},"13":{"start":{"line":21,"column":4},"end":{"line":21,"column":31}},"14":{"start":{"line":25,"column":17},"end":{"line":25,"column":60}},"15":{"start":{"line":25,"column":46},"end":{"line":25,"column":59}},"16":{"start":{"line":26,"column":4},"end":{"line":26,"column":27}},"17":{"start":{"line":27,"column":4},"end":{"line":27,"column":48}},"18":{"start":{"line":27,"column":34},"end":{"line":27,"column":47}},"19":{"start":{"line":31,"column":17},"end":{"line":31,"column":60}},"20":{"start":{"line":31,"column":46},"end":{"line":31,"column":59}},"21":{"start":{"line":32,"column":4},"end":{"line":32,"column":27}},"22":{"start":{"line":33,"column":4},"end":{"line":33,"column":48}},"23":{"start":{"line":33,"column":34},"end":{"line":33,"column":47}}},"fnMap":{"0":{"name":"(anonymous_0)","decl":{"start":{"line":3,"column":2},"end":{"line":3,"column":3}},"loc":{"start":{"line":3,"column":24},"end":{"line":5,"column":3}},"line":3},"1":{"name":"(anonymous_1)","decl":{"start":{"line":7,"column":2},"end":{"line":7,"column":3}},"loc":{"start":{"line":7,"column":8},"end":{"line":10,"column":3}},"line":7},"2":{"name":"(anonymous_2)","decl":{"start":{"line":8,"column":35},"end":{"line":8,"column":36}},"loc":{"start":{"line":8,"column":53},"end":{"line":8,"column":72}},"line":8},"3":{"name":"(anonymous_3)","decl":{"start":{"line":12,"column":2},"end":{"line":12,"column":3}},"loc":{"start":{"line":12,"column":17},"end":{"line":16,"column":3}},"line":12},"4":{"name":"(anonymous_4)","decl":{"start":{"line":13,"column":35},"end":{"line":13,"column":36}},"loc":{"start":{"line":13,"column":46},"end":{"line":13,"column":59}},"line":13},"5":{"name":"(anonymous_5)","decl":{"start":{"line":14,"column":16},"end":{"line":14,"column":17}},"loc":{"start":{"line":14,"column":26},"end":{"line":14,"column":31}},"line":14},"6":{"name":"(anonymous_6)","decl":{"start":{"line":18,"column":2},"end":{"line":18,"column":3}},"loc":{"start":{"line":18,"column":17},"end":{"line":22,"column":3}},"line":18},"7":{"name":"(anonymous_7)","decl":{"start":{"line":19,"column":35},"end":{"line":19,"column":36}},"loc":{"start":{"line":19,"column":46},"end":{"line":19,"column":59}},"line":19},"8":{"name":"(anonymous_8)","decl":{"start":{"line":20,"column":16},"end":{"line":20,"column":17}},"loc":{"start":{"line":20,"column":26},"end":{"line":20,"column":31}},"line":20},"9":{"name":"(anonymous_9)","decl":{"start":{"line":24,"column":2},"end":{"line":24,"column":3}},"loc":{"start":{"line":24,"column":12},"end":{"line":28,"column":3}},"line":24},"10":{"name":"(anonymous_10)","decl":{"start":{"line":25,"column":35},"end":{"line":25,"column":36}},"loc":{"start":{"line":25,"column":46},"end":{"line":25,"column":59}},"line":25},"11":{"name":"(anonymous_11)","decl":{"start":{"line":27,"column":25},"end":{"line":27,"column":26}},"loc":{"start":{"line":27,"column":34},"end":{"line":27,"column":47}},"line":27},"12":{"name":"(anonymous_12)","decl":{"start":{"line":30,"column":2},"end":{"line":30,"column":3}},"loc":{"start":{"line":30,"column":12},"end":{"line":34,"column":3}},"line":30},"13":{"name":"(anonymous_13)","decl":{"start":{"line":31,"column":35},"end":{"line":31,"column":36}},"loc":{"start":{"line":31,"column":46},"end":{"line":31,"column":59}},"line":31},"14":{"name":"(anonymous_14)","decl":{"start":{"line":33,"column":25},"end":{"line":33,"column":26}},"loc":{"start":{"line":33,"column":34},"end":{"line":33,"column":47}},"line":33}},"branchMap":{"0":{"loc":{"start":{"line":12,"column":6},"end":{"line":12,"column":15}},"type":"default-arg","locations":[{"start":{"line":12,"column":14},"end":{"line":12,"column":15}}],"line":12},"1":{"loc":{"start":{"line":18,"column":6},"end":{"line":18,"column":15}},"type":"default-arg","locations":[{"start":{"line":18,"column":14},"end":{"line":18,"column":15}}],"line":18}},"s":{"0":1,"1":1,"2":3,"3":1,"4":2,"5":6,"6":2,"7":6,"8":2,"9":1,"10":3,"11":1,"12":3,"13":1,"14":1,"15":3,"16":1,"17":1,"18":3,"19":1,"20":3,"21":1,"22":1,"23":3},"f":{"0":1,"1":1,"2":3,"3":2,"4":6,"5":6,"6":1,"7":3,"8":3,"9":1,"10":3,"11":3,"12":1,"13":3,"14":3},"b":{"0":[1],"1":[1]},"_coverageSchema":"332fd63041d2c1bcb487cc26dd0d5f7d97098a6c","hash":"b93b025c013749f0e1345ffacaeab8a1d77282b8"}
,"/Users/lucachaves/code/github/ifpb/javascript-exercises/_includes/ecma/response/object/order/order.js": {"path":"/Users/lucachaves/code/github/ifpb/javascript-exercises/_includes/ecma/response/object/order/order.js","statementMap":{"0":{"start":{"line":4,"column":4},"end":{"line":4,"column":22}},"1":{"start":{"line":8,"column":4},"end":{"line":8,"column":31}},"2":{"start":{"line":12,"column":4},"end":{"line":13,"column":55}},"3":{"start":{"line":13,"column":32},"end":{"line":13,"column":51}}},"fnMap":{"0":{"name":"(anonymous_0)","decl":{"start":{"line":3,"column":2},"end":{"line":3,"column":3}},"loc":{"start":{"line":3,"column":16},"end":{"line":5,"column":3}},"line":3},"1":{"name":"(anonymous_1)","decl":{"start":{"line":7,"column":2},"end":{"line":7,"column":3}},"loc":{"start":{"line":7,"column":22},"end":{"line":9,"column":3}},"line":7},"2":{"name":"(anonymous_2)","decl":{"start":{"line":11,"column":2},"end":{"line":11,"column":3}},"loc":{"start":{"line":11,"column":10},"end":{"line":14,"column":3}},"line":11},"3":{"name":"(anonymous_3)","decl":{"start":{"line":13,"column":14},"end":{"line":13,"column":15}},"loc":{"start":{"line":13,"column":32},"end":{"line":13,"column":51}},"line":13}},"branchMap":{},"s":{"0":1,"1":4,"2":1,"3":4},"f":{"0":1,"1":4,"2":1,"3":4},"b":{},"_coverageSchema":"332fd63041d2c1bcb487cc26dd0d5f7d97098a6c","hash":"6eb0cc32be6b6076983b2447bb94b95496c70fff"}
,"/Users/lucachaves/code/github/ifpb/javascript-exercises/_includes/ecma/response/object/order/product.js": {"path":"/Users/lucachaves/code/github/ifpb/javascript-exercises/_includes/ecma/response/object/order/product.js","statementMap":{"0":{"start":{"line":5,"column":4},"end":{"line":5,"column":16}},"1":{"start":{"line":6,"column":4},"end":{"line":6,"column":20}},"2":{"start":{"line":7,"column":4},"end":{"line":7,"column":29}}},"fnMap":{"0":{"name":"(anonymous_0)","decl":{"start":{"line":4,"column":2},"end":{"line":4,"column":3}},"loc":{"start":{"line":4,"column":31},"end":{"line":8,"column":3}},"line":4}},"branchMap":{"0":{"loc":{"start":{"line":7,"column":17},"end":{"line":7,"column":29}},"type":"binary-expr","locations":[{"start":{"line":7,"column":17},"end":{"line":7,"column":22}},{"start":{"line":7,"column":26},"end":{"line":7,"column":29}}],"line":7}},"s":{"0":3,"1":3,"2":3},"f":{"0":3},"b":{"0":[3,0]},"_coverageSchema":"332fd63041d2c1bcb487cc26dd0d5f7d97098a6c","hash":"72b2306a3dec74cf7cf950959c5524e36005f845"}
,"/Users/lucachaves/code/github/ifpb/javascript-exercises/_includes/ecma/response/object/order-category/item.js": {"path":"/Users/lucachaves/code/github/ifpb/javascript-exercises/_includes/ecma/response/object/order-category/item.js","statementMap":{"0":{"start":{"line":4,"column":4},"end":{"line":4,"column":26}},"1":{"start":{"line":5,"column":4},"end":{"line":5,"column":21}},"2":{"start":{"line":9,"column":4},"end":{"line":9,"column":45}}},"fnMap":{"0":{"name":"(anonymous_0)","decl":{"start":{"line":3,"column":2},"end":{"line":3,"column":3}},"loc":{"start":{"line":3,"column":23},"end":{"line":6,"column":3}},"line":3},"1":{"name":"(anonymous_1)","decl":{"start":{"line":8,"column":2},"end":{"line":8,"column":3}},"loc":{"start":{"line":8,"column":10},"end":{"line":10,"column":3}},"line":8}},"branchMap":{},"s":{"0":8,"1":8,"2":19},"f":{"0":8,"1":19},"b":{},"_coverageSchema":"332fd63041d2c1bcb487cc26dd0d5f7d97098a6c","hash":"757c6f07cb4112ab665497a3e932b303549317b8"}
,"/Users/lucachaves/code/github/ifpb/javascript-exercises/_includes/ecma/response/object/order-category/order.js": {"path":"/Users/lucachaves/code/github/ifpb/javascript-exercises/_includes/ecma/response/object/order-category/order.js","statementMap":{"0":{"start":{"line":6,"column":4},"end":{"line":6,"column":19}},"1":{"start":{"line":10,"column":15},"end":{"line":10,"column":25}},"2":{"start":{"line":11,"column":4},"end":{"line":15,"column":5}},"3":{"start":{"line":12,"column":6},"end":{"line":12,"column":34}},"4":{"start":{"line":14,"column":6},"end":{"line":14,"column":40}},"5":{"start":{"line":19,"column":25},"end":{"line":19,"column":87}},"6":{"start":{"line":19,"column":37},"end":{"line":19,"column":87}},"7":{"start":{"line":19,"column":45},"end":{"line":19,"column":87}},"8":{"start":{"line":20,"column":27},"end":{"line":20,"column":42}},"9":{"start":{"line":20,"column":38},"end":{"line":20,"column":42}},"10":{"start":{"line":22,"column":4},"end":{"line":24,"column":51}},"11":{"start":{"line":24,"column":29},"end":{"line":24,"column":47}},"12":{"start":{"line":28,"column":4},"end":{"line":37,"column":17}},"13":{"start":{"line":30,"column":21},"end":{"line":30,"column":30}},"14":{"start":{"line":31,"column":19},"end":{"line":31,"column":48}},"15":{"start":{"line":32,"column":23},"end":{"line":32,"column":72}},"16":{"start":{"line":33,"column":20},"end":{"line":33,"column":80}},"17":{"start":{"line":34,"column":20},"end":{"line":34,"column":74}},"18":{"start":{"line":35,"column":8},"end":{"line":35,"column":64}}},"fnMap":{"0":{"name":"(anonymous_0)","decl":{"start":{"line":5,"column":2},"end":{"line":5,"column":3}},"loc":{"start":{"line":5,"column":16},"end":{"line":7,"column":3}},"line":5},"1":{"name":"(anonymous_1)","decl":{"start":{"line":9,"column":2},"end":{"line":9,"column":3}},"loc":{"start":{"line":9,"column":22},"end":{"line":16,"column":3}},"line":9},"2":{"name":"(anonymous_2)","decl":{"start":{"line":18,"column":2},"end":{"line":18,"column":3}},"loc":{"start":{"line":18,"column":18},"end":{"line":25,"column":3}},"line":18},"3":{"name":"(anonymous_3)","decl":{"start":{"line":19,"column":25},"end":{"line":19,"column":26}},"loc":{"start":{"line":19,"column":37},"end":{"line":19,"column":87}},"line":19},"4":{"name":"(anonymous_4)","decl":{"start":{"line":19,"column":37},"end":{"line":19,"column":38}},"loc":{"start":{"line":19,"column":45},"end":{"line":19,"column":87}},"line":19},"5":{"name":"(anonymous_5)","decl":{"start":{"line":20,"column":27},"end":{"line":20,"column":28}},"loc":{"start":{"line":20,"column":38},"end":{"line":20,"column":42}},"line":20},"6":{"name":"(anonymous_6)","decl":{"start":{"line":24,"column":14},"end":{"line":24,"column":15}},"loc":{"start":{"line":24,"column":29},"end":{"line":24,"column":47}},"line":24},"7":{"name":"(anonymous_7)","decl":{"start":{"line":27,"column":2},"end":{"line":27,"column":3}},"loc":{"start":{"line":27,"column":13},"end":{"line":38,"column":3}},"line":27},"8":{"name":"(anonymous_8)","decl":{"start":{"line":29,"column":11},"end":{"line":29,"column":12}},"loc":{"start":{"line":29,"column":28},"end":{"line":36,"column":7}},"line":29}},"branchMap":{"0":{"loc":{"start":{"line":11,"column":4},"end":{"line":15,"column":5}},"type":"if","locations":[{"start":{"line":11,"column":4},"end":{"line":15,"column":5}},{"start":{"line":11,"column":4},"end":{"line":15,"column":5}}],"line":11},"1":{"loc":{"start":{"line":23,"column":14},"end":{"line":23,"column":68}},"type":"cond-expr","locations":[{"start":{"line":23,"column":25},"end":{"line":23,"column":49}},{"start":{"line":23,"column":52},"end":{"line":23,"column":68}}],"line":23}},"s":{"0":2,"1":11,"2":11,"3":3,"4":8,"5":4,"6":2,"7":10,"8":4,"9":8,"10":4,"11":14,"12":1,"13":5,"14":5,"15":5,"16":5,"17":5,"18":5},"f":{"0":2,"1":11,"2":4,"3":2,"4":10,"5":8,"6":14,"7":1,"8":5},"b":{"0":[3,8],"1":[2,2]},"_coverageSchema":"332fd63041d2c1bcb487cc26dd0d5f7d97098a6c","hash":"6a8bc59c79b658be4af97b522f828bf981485ded"}
,"/Users/lucachaves/code/github/ifpb/javascript-exercises/_includes/ecma/response/object/order-category/product.js": {"path":"/Users/lucachaves/code/github/ifpb/javascript-exercises/_includes/ecma/response/object/order-category/product.js","statementMap":{"0":{"start":{"line":5,"column":4},"end":{"line":5,"column":16}},"1":{"start":{"line":6,"column":4},"end":{"line":6,"column":20}},"2":{"start":{"line":7,"column":4},"end":{"line":7,"column":29}},"3":{"start":{"line":8,"column":4},"end":{"line":8,"column":38}},"4":{"start":{"line":12,"column":4},"end":{"line":12,"column":45}}},"fnMap":{"0":{"name":"(anonymous_0)","decl":{"start":{"line":4,"column":2},"end":{"line":4,"column":3}},"loc":{"start":{"line":4,"column":43},"end":{"line":9,"column":3}},"line":4},"1":{"name":"(anonymous_1)","decl":{"start":{"line":11,"column":2},"end":{"line":11,"column":3}},"loc":{"start":{"line":11,"column":19},"end":{"line":13,"column":3}},"line":11}},"branchMap":{"0":{"loc":{"start":{"line":7,"column":17},"end":{"line":7,"column":29}},"type":"binary-expr","locations":[{"start":{"line":7,"column":17},"end":{"line":7,"column":22}},{"start":{"line":7,"column":26},"end":{"line":7,"column":29}}],"line":7},"1":{"loc":{"start":{"line":8,"column":22},"end":{"line":8,"column":38}},"type":"binary-expr","locations":[{"start":{"line":8,"column":22},"end":{"line":8,"column":32}},{"start":{"line":8,"column":36},"end":{"line":8,"column":38}}],"line":8}},"s":{"0":8,"1":8,"2":8,"3":8,"4":5},"f":{"0":8,"1":5},"b":{"0":[8,0],"1":[8,3]},"_coverageSchema":"332fd63041d2c1bcb487cc26dd0d5f7d97098a6c","hash":"ee5e7527f2ca806301958911698ad9954a0fe53f"}
,"/Users/lucachaves/code/github/ifpb/javascript-exercises/_includes/ecma/response/regexp/text-util.js": {"path":"/Users/lucachaves/code/github/ifpb/javascript-exercises/_includes/ecma/response/regexp/text-util.js","statementMap":{"0":{"start":{"line":2,"column":0},"end":{"line":4,"column":1}},"1":{"start":{"line":6,"column":0},"end":{"line":8,"column":1}},"2":{"start":{"line":10,"column":0},"end":{"line":12,"column":1}}},"fnMap":{"0":{"name":"(anonymous_0)","decl":{"start":{"line":2,"column":31},"end":{"line":2,"column":32}},"loc":{"start":{"line":2,"column":42},"end":{"line":4,"column":1}},"line":2},"1":{"name":"(anonymous_1)","decl":{"start":{"line":6,"column":31},"end":{"line":6,"column":32}},"loc":{"start":{"line":6,"column":42},"end":{"line":8,"column":1}},"line":6},"2":{"name":"(anonymous_2)","decl":{"start":{"line":10,"column":29},"end":{"line":10,"column":30}},"loc":{"start":{"line":10,"column":40},"end":{"line":12,"column":1}},"line":10}},"branchMap":{},"s":{"0":1,"1":1,"2":1},"f":{"0":2,"1":0,"2":1},"b":{},"_coverageSchema":"332fd63041d2c1bcb487cc26dd0d5f7d97098a6c","hash":"388488f75517c8faac35d9ecec95a1b40852e703"}
,"/Users/lucachaves/code/github/ifpb/javascript-exercises/_includes/ecma/response/string/cipher.js": {"path":"/Users/lucachaves/code/github/ifpb/javascript-exercises/_includes/ecma/response/string/cipher.js","statementMap":{},"fnMap":{"0":{"name":"rot","decl":{"start":{"line":2,"column":9},"end":{"line":2,"column":12}},"loc":{"start":{"line":2,"column":30},"end":{"line":4,"column":1}},"line":2}},"branchMap":{},"s":{},"f":{"0":1},"b":{},"_coverageSchema":"332fd63041d2c1bcb487cc26dd0d5f7d97098a6c","hash":"415874c2ef6ba406f53064e809380890372d71c9"}
,"/Users/lucachaves/code/github/ifpb/javascript-exercises/_includes/ecma/response/string/citation.js": {"path":"/Users/lucachaves/code/github/ifpb/javascript-exercises/_includes/ecma/response/string/citation.js","statementMap":{},"fnMap":{"0":{"name":"citation","decl":{"start":{"line":1,"column":9},"end":{"line":1,"column":17}},"loc":{"start":{"line":1,"column":20},"end":{"line":3,"column":1}},"line":1},"1":{"name":"compactCitation","decl":{"start":{"line":5,"column":9},"end":{"line":5,"column":24}},"loc":{"start":{"line":5,"column":27},"end":{"line":7,"column":1}},"line":5}},"branchMap":{},"s":{},"f":{"0":1,"1":0},"b":{},"_coverageSchema":"332fd63041d2c1bcb487cc26dd0d5f7d97098a6c","hash":"7a58eab5217d5f87ac650d7e507a4637a82c4a1b"}
,"/Users/lucachaves/code/github/ifpb/javascript-exercises/_includes/ecma/response/string/hamming.js": {"path":"/Users/lucachaves/code/github/ifpb/javascript-exercises/_includes/ecma/response/string/hamming.js","statementMap":{},"fnMap":{"0":{"name":"hamming","decl":{"start":{"line":2,"column":9},"end":{"line":2,"column":16}},"loc":{"start":{"line":2,"column":18},"end":{"line":4,"column":1}},"line":2}},"branchMap":{},"s":{},"f":{"0":2},"b":{},"_coverageSchema":"332fd63041d2c1bcb487cc26dd0d5f7d97098a6c","hash":"a9e9b1b57abf3951c5352e906ac6846e5cca3ca5"}
,"/Users/lucachaves/code/github/ifpb/javascript-exercises/_includes/ecma/response/string/ip.js": {"path":"/Users/lucachaves/code/github/ifpb/javascript-exercises/_includes/ecma/response/string/ip.js","statementMap":{},"fnMap":{"0":{"name":"ip2decimal","decl":{"start":{"line":2,"column":9},"end":{"line":2,"column":19}},"loc":{"start":{"line":2,"column":22},"end":{"line":4,"column":1}},"line":2},"1":{"name":"decimal2ip","decl":{"start":{"line":6,"column":9},"end":{"line":6,"column":19}},"loc":{"start":{"line":6,"column":22},"end":{"line":8,"column":1}},"line":6}},"branchMap":{},"s":{},"f":{"0":1,"1":0},"b":{},"_coverageSchema":"332fd63041d2c1bcb487cc26dd0d5f7d97098a6c","hash":"ea33ff01b4f0a0300291bb6f4221ae1121daf206"}
,"/Users/lucachaves/code/github/ifpb/javascript-exercises/_includes/ecma/response/string/list-generator.js": {"path":"/Users/lucachaves/code/github/ifpb/javascript-exercises/_includes/ecma/response/string/list-generator.js","statementMap":{},"fnMap":{"0":{"name":"createList","decl":{"start":{"line":2,"column":9},"end":{"line":2,"column":19}},"loc":{"start":{"line":2,"column":28},"end":{"line":4,"column":1}},"line":2}},"branchMap":{},"s":{},"f":{"0":1},"b":{},"_coverageSchema":"332fd63041d2c1bcb487cc26dd0d5f7d97098a6c","hash":"b23648aa513422ace2c87eb05a59fdfa910151f0"}
,"/Users/lucachaves/code/github/ifpb/javascript-exercises/_includes/ecma/response/string/lorem-ipsum-generator.js": {"path":"/Users/lucachaves/code/github/ifpb/javascript-exercises/_includes/ecma/response/string/lorem-ipsum-generator.js","statementMap":{},"fnMap":{"0":{"name":"word","decl":{"start":{"line":2,"column":9},"end":{"line":2,"column":13}},"loc":{"start":{"line":2,"column":22},"end":{"line":4,"column":1}},"line":2},"1":{"name":"paragraph","decl":{"start":{"line":6,"column":9},"end":{"line":6,"column":18}},"loc":{"start":{"line":6,"column":27},"end":{"line":8,"column":1}},"line":6}},"branchMap":{},"s":{},"f":{"0":1,"1":1},"b":{},"_coverageSchema":"332fd63041d2c1bcb487cc26dd0d5f7d97098a6c","hash":"2a4e0377b022a58c371424027fe8ce35ab2969a6"}
,"/Users/lucachaves/code/github/ifpb/javascript-exercises/_includes/ecma/response/string/parser.js": {"path":"/Users/lucachaves/code/github/ifpb/javascript-exercises/_includes/ecma/response/string/parser.js","statementMap":{},"fnMap":{"0":{"name":"str2hex","decl":{"start":{"line":2,"column":9},"end":{"line":2,"column":16}},"loc":{"start":{"line":2,"column":19},"end":{"line":4,"column":1}},"line":2},"1":{"name":"hex2str","decl":{"start":{"line":6,"column":9},"end":{"line":6,"column":16}},"loc":{"start":{"line":6,"column":19},"end":{"line":8,"column":1}},"line":6},"2":{"name":"str2bin","decl":{"start":{"line":10,"column":9},"end":{"line":10,"column":16}},"loc":{"start":{"line":10,"column":19},"end":{"line":12,"column":1}},"line":10},"3":{"name":"bin2str","decl":{"start":{"line":14,"column":9},"end":{"line":14,"column":16}},"loc":{"start":{"line":14,"column":19},"end":{"line":16,"column":1}},"line":14},"4":{"name":"str2dec","decl":{"start":{"line":18,"column":9},"end":{"line":18,"column":16}},"loc":{"start":{"line":18,"column":19},"end":{"line":20,"column":1}},"line":18},"5":{"name":"dec2str","decl":{"start":{"line":22,"column":9},"end":{"line":22,"column":16}},"loc":{"start":{"line":22,"column":19},"end":{"line":24,"column":1}},"line":22}},"branchMap":{},"s":{},"f":{"0":1,"1":0,"2":0,"3":0,"4":0,"5":0},"b":{},"_coverageSchema":"332fd63041d2c1bcb487cc26dd0d5f7d97098a6c","hash":"26da9065b9726fba63f0f3d9e458b37e80686ebc"}
,"/Users/lucachaves/code/github/ifpb/javascript-exercises/_includes/ecma/response/string/rna-transcription.js": {"path":"/Users/lucachaves/code/github/ifpb/javascript-exercises/_includes/ecma/response/string/rna-transcription.js","statementMap":{},"fnMap":{"0":{"name":"toRna","decl":{"start":{"line":2,"column":9},"end":{"line":2,"column":14}},"loc":{"start":{"line":2,"column":19},"end":{"line":4,"column":1}},"line":2}},"branchMap":{},"s":{},"f":{"0":1},"b":{},"_coverageSchema":"332fd63041d2c1bcb487cc26dd0d5f7d97098a6c","hash":"f09600e9d9ebd8c391a4753d0481b13a24a3b759"}
,"/Users/lucachaves/code/github/ifpb/javascript-exercises/_includes/ecma/response/string/simple-substitution.js": {"path":"/Users/lucachaves/code/github/ifpb/javascript-exercises/_includes/ecma/response/string/simple-substitution.js","statementMap":{},"fnMap":{"0":{"name":"substitution","decl":{"start":{"line":2,"column":9},"end":{"line":2,"column":21}},"loc":{"start":{"line":2,"column":55},"end":{"line":4,"column":1}},"line":2}},"branchMap":{},"s":{},"f":{"0":1},"b":{},"_coverageSchema":"332fd63041d2c1bcb487cc26dd0d5f7d97098a6c","hash":"8212de9eedee43bd998fcf8d15aeb8d0b13a6d8e"}
,"/Users/lucachaves/code/github/ifpb/javascript-exercises/_includes/ecma/response/string/string-util.js": {"path":"/Users/lucachaves/code/github/ifpb/javascript-exercises/_includes/ecma/response/string/string-util.js","statementMap":{"0":{"start":{"line":8,"column":2},"end":{"line":15,"column":3}},"1":{"start":{"line":10,"column":6},"end":{"line":10,"column":31}},"2":{"start":{"line":12,"column":6},"end":{"line":12,"column":31}},"3":{"start":{"line":14,"column":6},"end":{"line":14,"column":30}},"4":{"start":{"line":19,"column":2},"end":{"line":19,"column":13}},"5":{"start":{"line":20,"column":2},"end":{"line":24,"column":3}},"6":{"start":{"line":21,"column":22},"end":{"line":21,"column":43}},"7":{"start":{"line":22,"column":21},"end":{"line":22,"column":49}},"8":{"start":{"line":23,"column":4},"end":{"line":23,"column":39}},"9":{"start":{"line":25,"column":2},"end":{"line":25,"column":25}}},"fnMap":{"0":{"name":"formatter","decl":{"start":{"line":7,"column":9},"end":{"line":7,"column":18}},"loc":{"start":{"line":7,"column":33},"end":{"line":16,"column":1}},"line":7},"1":{"name":"toCamelCase","decl":{"start":{"line":18,"column":9},"end":{"line":18,"column":20}},"loc":{"start":{"line":18,"column":27},"end":{"line":26,"column":1}},"line":18}},"branchMap":{"0":{"loc":{"start":{"line":8,"column":2},"end":{"line":15,"column":3}},"type":"switch","locations":[{"start":{"line":9,"column":4},"end":{"line":10,"column":31}},{"start":{"line":11,"column":4},"end":{"line":12,"column":31}},{"start":{"line":13,"column":4},"end":{"line":14,"column":30}}],"line":8}},"s":{"0":1,"1":0,"2":1,"3":0,"4":0,"5":0,"6":0,"7":0,"8":0,"9":0},"f":{"0":1,"1":0},"b":{"0":[0,1,0]},"_coverageSchema":"332fd63041d2c1bcb487cc26dd0d5f7d97098a6c","hash":"f1f62b1b7d41943235d7c37702974850ff9c31ee"}
,"/Users/lucachaves/code/github/ifpb/javascript-exercises/_includes/ecma/response/string/table-convert-md2html.js": {"path":"/Users/lucachaves/code/github/ifpb/javascript-exercises/_includes/ecma/response/string/table-convert-md2html.js","statementMap":{},"fnMap":{"0":{"name":"md2html","decl":{"start":{"line":2,"column":9},"end":{"line":2,"column":16}},"loc":{"start":{"line":2,"column":19},"end":{"line":4,"column":1}},"line":2}},"branchMap":{},"s":{},"f":{"0":1},"b":{},"_coverageSchema":"332fd63041d2c1bcb487cc26dd0d5f7d97098a6c","hash":"4efde636ded960621872309e6e7fbaca1cdcc3a4"}
,"/Users/lucachaves/code/github/ifpb/javascript-exercises/_includes/ecma/response/string/table-generator.js": {"path":"/Users/lucachaves/code/github/ifpb/javascript-exercises/_includes/ecma/response/string/table-generator.js","statementMap":{"0":{"start":{"line":3,"column":15},"end":{"line":3,"column":17}},"1":{"start":{"line":4,"column":2},"end":{"line":4,"column":31}},"2":{"start":{"line":6,"column":2},"end":{"line":11,"column":3}},"3":{"start":{"line":7,"column":4},"end":{"line":10,"column":5}},"4":{"start":{"line":8,"column":6},"end":{"line":8,"column":38}},"5":{"start":{"line":9,"column":6},"end":{"line":9,"column":41}},"6":{"start":{"line":13,"column":2},"end":{"line":13,"column":15}},"7":{"start":{"line":17,"column":15},"end":{"line":17,"column":26}},"8":{"start":{"line":18,"column":2},"end":{"line":18,"column":31}},"9":{"start":{"line":20,"column":2},"end":{"line":28,"column":3}},"10":{"start":{"line":21,"column":4},"end":{"line":21,"column":24}},"11":{"start":{"line":22,"column":14},"end":{"line":22,"column":16}},"12":{"start":{"line":23,"column":4},"end":{"line":25,"column":5}},"13":{"start":{"line":24,"column":6},"end":{"line":24,"column":53}},"14":{"start":{"line":26,"column":4},"end":{"line":26,"column":26}},"15":{"start":{"line":27,"column":4},"end":{"line":27,"column":25}},"16":{"start":{"line":30,"column":2},"end":{"line":30,"column":24}},"17":{"start":{"line":31,"column":2},"end":{"line":31,"column":15}}},"fnMap":{"0":{"name":"createTable","decl":{"start":{"line":2,"column":9},"end":{"line":2,"column":20}},"loc":{"start":{"line":2,"column":39},"end":{"line":14,"column":1}},"line":2},"1":{"name":"createTableHTML","decl":{"start":{"line":16,"column":9},"end":{"line":16,"column":24}},"loc":{"start":{"line":16,"column":43},"end":{"line":32,"column":1}},"line":16}},"branchMap":{"0":{"loc":{"start":{"line":4,"column":9},"end":{"line":4,"column":31}},"type":"cond-expr","locations":[{"start":{"line":4,"column":16},"end":{"line":4,"column":26}},{"start":{"line":4,"column":29},"end":{"line":4,"column":31}}],"line":4},"1":{"loc":{"start":{"line":9,"column":16},"end":{"line":9,"column":41}},"type":"cond-expr","locations":[{"start":{"line":9,"column":31},"end":{"line":9,"column":35}},{"start":{"line":9,"column":38},"end":{"line":9,"column":41}}],"line":9},"2":{"loc":{"start":{"line":18,"column":9},"end":{"line":18,"column":31}},"type":"cond-expr","locations":[{"start":{"line":18,"column":16},"end":{"line":18,"column":26}},{"start":{"line":18,"column":29},"end":{"line":18,"column":31}}],"line":18}},"s":{"0":0,"1":0,"2":0,"3":0,"4":0,"5":0,"6":0,"7":0,"8":0,"9":0,"10":0,"11":0,"12":0,"13":0,"14":0,"15":0,"16":0,"17":0},"f":{"0":0,"1":0},"b":{"0":[0,0],"1":[0,0],"2":[0,0]},"_coverageSchema":"332fd63041d2c1bcb487cc26dd0d5f7d97098a6c","hash":"cc9960ce32a28d745f6ef25cf20ae379d841a94b"}
}
