TN:
SF:/Users/lucachaves/code/github/ifpb/javascript-exercises/_includes/ecma/response/array/array-operations.js
FN:2,sum
FN:10,product
FN:18,sumOdds
FN:27,addingMatrix
FN:39,multiplyingMatrix
FNF:5
FNH:5
FNDA:3,sum
FNDA:3,product
FNDA:3,sumOdds
FNDA:2,addingMatrix
FNDA:2,multiplyingMatrix
DA:3,3
DA:4,3
DA:5,12
DA:7,3
DA:11,3
DA:12,3
DA:13,12
DA:15,3
DA:19,3
DA:20,3
DA:21,12
DA:22,5
DA:24,3
DA:28,2
DA:29,2
DA:30,5
DA:31,5
DA:32,13
DA:34,5
DA:36,2
DA:40,2
DA:41,2
DA:42,4
DA:43,4
DA:44,8
DA:45,8
DA:46,20
DA:48,8
DA:50,4
DA:52,2
LF:30
LH:30
BRDA:21,0,0,5
BRDA:21,0,1,7
BRF:2
BRH:2
end_of_record
TN:
SF:/Users/lucachaves/code/github/ifpb/javascript-exercises/_includes/ecma/response/array/array.js
FN:2,min
FN:13,max
FN:24,range
FN:37,zip
FN:48,uniq
FNF:5
FNH:5
FNDA:2,min
FNDA:1,max
FNDA:3,range
FNDA:2,zip
FNDA:2,uniq
DA:3,2
DA:5,2
DA:6,10
DA:7,1
DA:10,2
DA:14,1
DA:16,1
DA:17,6
DA:18,3
DA:21,1
DA:25,3
DA:26,3
DA:27,3
DA:28,3
DA:30,3
DA:31,26
DA:34,3
DA:38,2
DA:39,2
DA:40,5
DA:41,5
DA:42,13
DA:43,5
DA:45,2
DA:49,2
DA:50,2
DA:51,11
DA:52,7
DA:54,2
LF:29
LH:29
BRDA:6,0,0,1
BRDA:6,0,1,9
BRDA:17,1,0,3
BRDA:17,1,1,3
BRDA:25,2,0,2
BRDA:25,2,1,1
BRDA:26,3,0,3
BRDA:26,3,1,1
BRDA:27,4,0,3
BRDA:27,4,1,2
BRDA:51,5,0,7
BRDA:51,5,1,4
BRF:12
BRH:12
end_of_record
TN:
SF:/Users/lucachaves/code/github/ifpb/javascript-exercises/_includes/ecma/response/array/fibonacci-array.js
FN:2,fibonacci
FNF:1
FNH:1
FNDA:5,fibonacci
DA:3,5
DA:4,5
DA:5,5
DA:8,5
DA:9,3
DA:10,6
DA:11,6
DA:12,6
DA:14,6
DA:16,6
DA:18,2
DA:19,1
DA:21,1
DA:23,3
LF:14
LH:14
BRDA:8,0,0,3
BRDA:8,0,1,2
BRDA:18,1,0,1
BRDA:18,1,1,1
BRF:4
BRH:4
end_of_record
TN:
SF:/Users/lucachaves/code/github/ifpb/javascript-exercises/_includes/ecma/response/array/min-withdraw.js
FN:2,withdraw
FNF:1
FNH:1
FNDA:3,withdraw
DA:3,3
DA:4,3
DA:6,3
DA:7,21
DA:8,21
DA:9,21
DA:10,10
DA:13,3
LF:8
LH:8
BRDA:9,0,0,10
BRDA:9,0,1,11
BRF:2
BRH:2
end_of_record
TN:
SF:/Users/lucachaves/code/github/ifpb/javascript-exercises/_includes/ecma/response/array/prime-factors.js
FN:2,primeFactors
FNF:1
FNH:1
FNDA:11,primeFactors
DA:3,11
DA:4,11
DA:5,894593
DA:6,25
DA:7,25
DA:10,11
LF:6
LH:6
BRF:0
BRH:0
end_of_record
TN:
SF:/Users/lucachaves/code/github/ifpb/javascript-exercises/_includes/ecma/response/array/prime-numbers.js
FN:2,isPrime
FN:13,primes
FNF:2
FNH:2
FNDA:46,isPrime
FNDA:5,primes
DA:4,46
DA:5,50
DA:6,22
DA:14,5
DA:16,5
DA:17,1
DA:19,4
DA:20,2
DA:21,28
DA:22,12
DA:24,2
DA:25,18
DA:26,10
DA:29,4
LF:14
LH:14
BRDA:5,0,0,24
BRDA:5,0,1,26
BRDA:16,1,0,1
BRDA:16,1,1,4
BRDA:19,2,0,2
BRDA:19,2,1,2
BRDA:21,3,0,12
BRDA:21,3,1,16
BRDA:25,4,0,10
BRDA:25,4,1,8
BRF:10
BRH:10
end_of_record
TN:
SF:/Users/lucachaves/code/github/ifpb/javascript-exercises/_includes/ecma/response/array/products-qtd.js
FN:2,gtZero
FN:3,(anonymous_1)
FN:7,subTotal
FN:8,(anonymous_3)
FN:12,total
FN:13,(anonymous_5)
FNF:6
FNH:6
FNDA:1,gtZero
FNDA:4,(anonymous_1)
FNDA:1,subTotal
FNDA:4,(anonymous_3)
FNDA:1,total
FNDA:4,(anonymous_5)
DA:3,4
DA:4,1
DA:8,4
DA:9,1
DA:13,4
DA:14,1
LF:6
LH:6
BRF:0
BRH:0
end_of_record
TN:
SF:/Users/lucachaves/code/github/ifpb/javascript-exercises/_includes/ecma/response/array/products.js
FN:2,total
FN:3,(anonymous_1)
FNF:2
FNH:2
FNDA:1,total
FNDA:2,(anonymous_1)
DA:3,2
DA:4,1
LF:2
LH:2
BRF:0
BRH:0
end_of_record
TN:
SF:/Users/lucachaves/code/github/ifpb/javascript-exercises/_includes/ecma/response/array/roman-number.js
FN:2,toRoman
FNF:1
FNH:1
FNDA:18,toRoman
DA:3,18
DA:19,18
DA:21,18
DA:22,234
DA:23,234
DA:24,234
DA:25,38
DA:28,18
LF:8
LH:8
BRDA:24,0,0,38
BRDA:24,0,1,196
BRF:2
BRH:2
end_of_record
TN:
SF:/Users/lucachaves/code/github/ifpb/javascript-exercises/_includes/ecma/response/date/diff-timestamp.js
FN:2,diffMonth
FNF:1
FNH:1
FNDA:1,diffMonth
DA:3,1
DA:4,1
DA:6,1
DA:7,1
DA:8,1
DA:9,1
DA:11,1
LF:7
LH:7
BRF:0
BRH:0
end_of_record
TN:
SF:/Users/lucachaves/code/github/ifpb/javascript-exercises/_includes/ecma/response/function/area-of-circle.js
FN:3,areaOfCircle
FN:7,(anonymous_1)
FN:11,(anonymous_2)
FNF:3
FNH:1
FNDA:2,areaOfCircle
FNDA:0,(anonymous_1)
FNDA:0,(anonymous_2)
DA:4,2
DA:7,1
DA:8,0
DA:11,1
LF:4
LH:3
BRF:0
BRH:0
end_of_record
TN:
SF:/Users/lucachaves/code/github/ifpb/javascript-exercises/_includes/ecma/response/function/calc.js
FN:4,calc
FN:21,calcWithEval
FNF:2
FNH:1
FNDA:4,calc
FNDA:0,calcWithEval
DA:5,4
DA:7,1
DA:9,1
DA:11,1
DA:13,1
DA:22,0
LF:6
LH:5
BRDA:5,0,0,1
BRDA:5,0,1,1
BRDA:5,0,2,1
BRDA:5,0,3,1
BRF:4
BRH:4
end_of_record
TN:
SF:/Users/lucachaves/code/github/ifpb/javascript-exercises/_includes/ecma/response/function/calendar.js
FN:6,calendar
FNF:1
FNH:1
FNDA:5,calendar
DA:7,5
DA:9,5
DA:10,12
DA:13,5
DA:14,152
DA:15,152
DA:16,5
DA:17,147
LF:8
LH:8
BRDA:14,0,0,45
BRDA:14,0,1,107
BRDA:15,1,0,5
BRDA:15,1,1,147
BRDA:17,2,0,21
BRDA:17,2,1,126
BRF:6
BRH:6
end_of_record
TN:
SF:/Users/lucachaves/code/github/ifpb/javascript-exercises/_includes/ecma/response/function/factorial.js
FN:1,factorial
FN:10,factorialWithTernary
FNF:2
FNH:1
FNDA:14,factorial
FNDA:0,factorialWithTernary
DA:2,14
DA:3,10
DA:5,4
DA:11,0
LF:4
LH:3
BRDA:2,0,0,10
BRDA:2,0,1,4
BRDA:11,1,0,0
BRDA:11,1,1,0
BRF:4
BRH:2
end_of_record
TN:
SF:/Users/lucachaves/code/github/ifpb/javascript-exercises/_includes/ecma/response/function/fibonacci-number.js
FN:2,fibonacci
FNF:1
FNH:1
FNDA:5,fibonacci
DA:3,5
DA:4,5
DA:5,5
DA:7,5
DA:8,3
DA:9,6
DA:10,6
DA:11,6
DA:13,6
DA:15,2
DA:16,1
DA:18,1
DA:20,3
LF:13
LH:13
BRDA:7,0,0,3
BRDA:7,0,1,2
BRDA:15,1,0,1
BRDA:15,1,1,1
BRF:4
BRH:4
end_of_record
TN:
SF:/Users/lucachaves/code/github/ifpb/javascript-exercises/_includes/ecma/response/function/fibonacci-sequence.js
FN:2,fibonacci
FNF:1
FNH:1
FNDA:5,fibonacci
DA:3,5
DA:4,5
DA:5,5
DA:8,5
DA:9,3
DA:10,6
DA:11,6
DA:12,6
DA:14,6
DA:15,6
DA:17,2
DA:18,1
DA:20,1
DA:22,3
LF:14
LH:14
BRDA:8,0,0,3
BRDA:8,0,1,2
BRDA:17,1,0,1
BRDA:17,1,1,1
BRF:4
BRH:4
end_of_record
TN:
SF:/Users/lucachaves/code/github/ifpb/javascript-exercises/_includes/ecma/response/function/figure-text.js
FN:2,halfSquare
FN:18,triangleText
FN:31,halfDiamondText
FN:44,diamondText
FN:60,boardText
FNF:5
FNH:4
FNDA:0,halfSquare
FNDA:3,triangleText
FNDA:3,halfDiamondText
FNDA:3,diamondText
FNDA:4,boardText
DA:3,0
DA:4,0
DA:5,0
DA:6,0
DA:7,0
DA:8,0
DA:9,0
DA:10,0
DA:11,0
DA:12,0
DA:15,0
DA:19,3
DA:20,3
DA:21,3
DA:22,6
DA:23,3
DA:24,6
DA:25,14
DA:28,3
DA:32,3
DA:33,3
DA:34,3
DA:35,9
DA:36,6
DA:37,9
DA:38,22
DA:41,3
DA:45,3
DA:46,3
DA:47,3
DA:48,9
DA:49,6
DA:50,9
DA:51,35
DA:54,35
DA:57,3
DA:61,4
DA:62,4
DA:63,4
DA:64,10
DA:65,6
DA:66,10
DA:67,30
DA:70,4
LF:44
LH:33
BRDA:6,0,0,0
BRDA:6,0,1,0
BRDA:9,1,0,0
BRDA:9,1,1,0
BRDA:10,2,0,0
BRDA:10,2,1,0
BRDA:11,3,0,0
BRDA:11,3,1,0
BRDA:12,4,0,0
BRDA:12,4,1,0
BRDA:22,5,0,3
BRDA:22,5,1,3
BRDA:25,6,0,10
BRDA:25,6,1,4
BRDA:35,7,0,6
BRDA:35,7,1,3
BRDA:38,8,0,14
BRDA:38,8,1,8
BRDA:38,9,0,22
BRDA:38,9,1,18
BRDA:48,10,0,6
BRDA:48,10,1,3
BRDA:51,11,0,35
BRDA:51,11,1,31
BRDA:51,11,2,27
BRDA:51,11,3,23
BRDA:54,12,0,19
BRDA:54,12,1,16
BRDA:64,13,0,6
BRDA:64,13,1,4
BRDA:67,14,0,14
BRDA:67,14,1,16
BRF:32
BRH:22
end_of_record
TN:
SF:/Users/lucachaves/code/github/ifpb/javascript-exercises/_includes/ecma/response/function/prime-nth.js
FN:2,isPrime
FN:13,nthPrime
FNF:2
FNH:2
FNDA:16,isPrime
FNDA:2,nthPrime
DA:4,16
DA:5,17
DA:6,8
DA:14,2
DA:16,2
DA:17,16
DA:18,8
DA:19,8
DA:23,2
LF:9
LH:9
BRDA:5,0,0,8
BRDA:5,0,1,9
BRDA:17,1,0,8
BRDA:17,1,1,8
BRF:4
BRH:4
end_of_record
TN:
SF:/Users/lucachaves/code/github/ifpb/javascript-exercises/_includes/ecma/response/function/prime.js
FN:2,isPrime
FNF:1
FNH:1
FNDA:6,isPrime
DA:4,6
DA:5,4
DA:6,4
LF:3
LH:3
BRDA:5,0,0,2
BRDA:5,0,1,2
BRF:2
BRH:2
end_of_record
TN:
SF:/Users/lucachaves/code/github/ifpb/javascript-exercises/_includes/ecma/response/function/sum.js
FN:1,sum
FNF:1
FNH:1
FNDA:2,sum
DA:2,2
LF:1
LH:1
BRF:0
BRH:0
end_of_record
TN:
SF:/Users/lucachaves/code/github/ifpb/javascript-exercises/_includes/ecma/response/function/triangle-checker.js
FN:2,triangleChecker
FNF:1
FNH:1
FNDA:13,triangleChecker
DA:3,13
DA:4,4
DA:6,9
DA:8,2
DA:10,3
DA:12,4
LF:6
LH:6
BRDA:3,0,0,4
BRDA:3,0,1,9
BRDA:3,1,0,13
BRDA:3,1,1,11
BRDA:3,1,2,10
BRDA:6,2,0,2
BRDA:6,2,1,3
BRDA:6,2,2,4
BRDA:7,3,0,9
BRDA:7,3,1,4
BRDA:9,4,0,7
BRDA:9,4,1,5
BRDA:9,4,2,4
BRF:13
BRH:13
end_of_record
TN:
SF:/Users/lucachaves/code/github/ifpb/javascript-exercises/_includes/ecma/response/math/random.js
FN:1,rand
FN:8,randArray
FNF:2
FNH:2
FNDA:3,rand
FNDA:1,randArray
DA:2,3
DA:3,3
DA:4,3
DA:5,3
DA:9,1
LF:5
LH:5
BRDA:2,0,0,1
BRDA:2,0,1,2
BRDA:3,1,0,3
BRDA:3,1,1,2
BRF:4
BRH:4
end_of_record
TN:
SF:/Users/lucachaves/code/github/ifpb/javascript-exercises/_includes/ecma/response/object/brazilian-championship.js
FN:2,firstTeam
FN:6,showStading
FNF:2
FNH:1
FNDA:1,firstTeam
FNDA:0,showStading
LF:0
LH:0
BRF:0
BRH:0
end_of_record
TN:
SF:/Users/lucachaves/code/github/ifpb/javascript-exercises/_includes/ecma/response/object/cep.js
FN:2,getInfo
FN:5,(anonymous_1)
FNF:2
FNH:2
FNDA:1,getInfo
FNDA:9,(anonymous_1)
DA:3,1
DA:5,9
LF:2
LH:2
BRF:0
BRH:0
end_of_record
TN:
SF:/Users/lucachaves/code/github/ifpb/javascript-exercises/_includes/ecma/response/object/comics.js
FN:3,(anonymous_0)
FN:4,(anonymous_1)
FN:4,(anonymous_2)
FN:5,(anonymous_3)
FN:8,(anonymous_4)
FN:11,(anonymous_5)
FN:14,(anonymous_6)
FN:15,(anonymous_7)
FN:24,namesByComics
FN:31,topWeightNames
FN:38,weight
FNF:11
FNH:11
FNDA:4,(anonymous_0)
FNDA:3,(anonymous_1)
FNDA:12,(anonymous_2)
FNDA:4,(anonymous_3)
FNDA:2,(anonymous_4)
FNDA:8,(anonymous_5)
FNDA:6,(anonymous_6)
FNDA:1,(anonymous_7)
FNDA:1,namesByComics
FNDA:2,topWeightNames
FNDA:1,weight
DA:3,4
DA:4,12
DA:5,4
DA:8,2
DA:11,8
DA:14,6
DA:15,1
DA:16,1
DA:17,1
DA:18,0
DA:19,0
DA:21,0
DA:25,1
DA:32,2
DA:39,1
DA:40,1
DA:41,1
LF:17
LH:14
BRDA:5,0,0,3
BRDA:5,0,1,1
BRDA:16,1,0,1
BRDA:16,1,1,0
BRDA:18,2,0,0
BRDA:18,2,1,0
BRF:6
BRH:3
end_of_record
TN:
SF:/Users/lucachaves/code/github/ifpb/javascript-exercises/_includes/ecma/response/object/products-qtd.js
FN:2,gtZero
FN:3,(anonymous_1)
FN:6,subTotal
FN:7,(anonymous_3)
FN:11,total
FN:12,(anonymous_5)
FNF:6
FNH:6
FNDA:1,gtZero
FNDA:4,(anonymous_1)
FNDA:1,subTotal
FNDA:4,(anonymous_3)
FNDA:1,total
FNDA:4,(anonymous_5)
DA:3,4
DA:7,4
DA:8,1
DA:12,4
LF:4
LH:4
BRF:0
BRH:0
end_of_record
TN:
SF:/Users/lucachaves/code/github/ifpb/javascript-exercises/_includes/ecma/response/object/products.js
FN:2,total
FN:3,(anonymous_1)
FNF:2
FNH:2
FNDA:1,total
FNDA:2,(anonymous_1)
DA:3,2
LF:1
LH:1
BRF:0
BRH:0
end_of_record
TN:
SF:/Users/lucachaves/code/github/ifpb/javascript-exercises/_includes/ecma/response/object/exam/exam.js
FN:2,grade
FN:4,(anonymous_1)
FN:7,avg
FN:8,(anonymous_3)
FN:12,min
FN:13,(anonymous_5)
FN:14,(anonymous_6)
FN:18,max
FN:19,(anonymous_8)
FN:20,(anonymous_9)
FN:24,lt
FN:25,(anonymous_11)
FN:27,(anonymous_12)
FN:30,gt
FN:31,(anonymous_14)
FN:33,(anonymous_15)
FNF:16
FNH:16
FNDA:2,grade
FNDA:10,(anonymous_1)
FNDA:1,avg
FNDA:3,(anonymous_3)
FNDA:2,min
FNDA:6,(anonymous_5)
FNDA:6,(anonymous_6)
FNDA:1,max
FNDA:3,(anonymous_8)
FNDA:3,(anonymous_9)
FNDA:1,lt
FNDA:3,(anonymous_11)
FNDA:3,(anonymous_12)
FNDA:1,gt
FNDA:3,(anonymous_14)
FNDA:3,(anonymous_15)
DA:3,2
DA:4,10
DA:8,3
DA:9,1
DA:13,6
DA:14,6
DA:15,2
DA:19,3
DA:20,3
DA:21,1
DA:25,3
DA:26,1
DA:27,3
DA:31,3
DA:32,1
DA:33,3
LF:16
LH:16
BRDA:4,0,0,6
BRDA:4,0,1,4
BRDA:12,1,0,1
BRDA:18,2,0,1
BRF:4
BRH:4
end_of_record
TN:
SF:/Users/lucachaves/code/github/ifpb/javascript-exercises/_includes/ecma/response/object/exam-oo/exam-check.js
FN:3,(anonymous_0)
FN:8,(anonymous_1)
FN:10,(anonymous_2)
FNF:3
FNH:3
FNDA:2,(anonymous_0)
FNDA:2,(anonymous_1)
FNDA:10,(anonymous_2)
DA:4,2
DA:5,2
DA:9,2
DA:11,10
LF:4
LH:4
BRDA:11,0,0,6
BRDA:11,0,1,4
BRF:2
BRH:2
end_of_record
TN:
SF:/Users/lucachaves/code/github/ifpb/javascript-exercises/_includes/ecma/response/object/exam-oo/exam-stats.js
FN:3,(anonymous_0)
FN:7,(anonymous_1)
FN:8,(anonymous_2)
FN:12,(anonymous_3)
FN:13,(anonymous_4)
FN:14,(anonymous_5)
FN:18,(anonymous_6)
FN:19,(anonymous_7)
FN:20,(anonymous_8)
FN:24,(anonymous_9)
FN:25,(anonymous_10)
FN:27,(anonymous_11)
FN:30,(anonymous_12)
FN:31,(anonymous_13)
FN:33,(anonymous_14)
FNF:15
FNH:15
FNDA:1,(anonymous_0)
FNDA:1,(anonymous_1)
FNDA:3,(anonymous_2)
FNDA:2,(anonymous_3)
FNDA:6,(anonymous_4)
FNDA:6,(anonymous_5)
FNDA:1,(anonymous_6)
FNDA:3,(anonymous_7)
FNDA:3,(anonymous_8)
FNDA:1,(anonymous_9)
FNDA:3,(anonymous_10)
FNDA:3,(anonymous_11)
FNDA:1,(anonymous_12)
FNDA:3,(anonymous_13)
FNDA:3,(anonymous_14)
DA:4,1
DA:8,3
DA:9,1
DA:13,6
DA:14,6
DA:15,2
DA:19,3
DA:20,3
DA:21,1
DA:25,3
DA:26,1
DA:27,3
DA:31,3
DA:32,1
DA:33,3
LF:15
LH:15
BRDA:12,0,0,1
BRDA:18,1,0,1
BRF:2
BRH:2
end_of_record
TN:
SF:/Users/lucachaves/code/github/ifpb/javascript-exercises/_includes/ecma/response/object/order/order.js
FN:3,(anonymous_0)
FN:7,(anonymous_1)
FN:11,(anonymous_2)
FN:13,(anonymous_3)
FNF:4
FNH:4
FNDA:1,(anonymous_0)
FNDA:4,(anonymous_1)
FNDA:1,(anonymous_2)
FNDA:4,(anonymous_3)
DA:4,1
DA:8,4
DA:12,1
DA:13,4
LF:4
LH:4
BRF:0
BRH:0
end_of_record
TN:
SF:/Users/lucachaves/code/github/ifpb/javascript-exercises/_includes/ecma/response/object/order/product.js
FN:4,(anonymous_0)
FNF:1
FNH:1
FNDA:3,(anonymous_0)
DA:5,3
DA:6,3
DA:7,3
LF:3
LH:3
BRDA:7,0,0,3
BRDA:7,0,1,0
BRF:2
BRH:1
end_of_record
TN:
SF:/Users/lucachaves/code/github/ifpb/javascript-exercises/_includes/ecma/response/object/order-category/item.js
FN:3,(anonymous_0)
FN:8,(anonymous_1)
FNF:2
FNH:2
FNDA:8,(anonymous_0)
FNDA:19,(anonymous_1)
DA:4,8
DA:5,8
DA:9,19
LF:3
LH:3
BRF:0
BRH:0
end_of_record
TN:
SF:/Users/lucachaves/code/github/ifpb/javascript-exercises/_includes/ecma/response/object/order-category/order.js
FN:5,(anonymous_0)
FN:9,(anonymous_1)
FN:18,(anonymous_2)
FN:19,(anonymous_3)
FN:19,(anonymous_4)
FN:20,(anonymous_5)
FN:24,(anonymous_6)
FN:27,(anonymous_7)
FN:29,(anonymous_8)
FNF:9
FNH:9
FNDA:2,(anonymous_0)
FNDA:11,(anonymous_1)
FNDA:4,(anonymous_2)
FNDA:2,(anonymous_3)
FNDA:10,(anonymous_4)
FNDA:8,(anonymous_5)
FNDA:14,(anonymous_6)
FNDA:1,(anonymous_7)
FNDA:5,(anonymous_8)
DA:6,2
DA:10,11
DA:11,11
DA:12,3
DA:14,8
DA:19,10
DA:20,8
DA:22,4
DA:24,14
DA:28,1
DA:30,5
DA:31,5
DA:32,5
DA:33,5
DA:34,5
DA:35,5
LF:16
LH:16
BRDA:11,0,0,3
BRDA:11,0,1,8
BRDA:23,1,0,2
BRDA:23,1,1,2
BRF:4
BRH:4
end_of_record
TN:
SF:/Users/lucachaves/code/github/ifpb/javascript-exercises/_includes/ecma/response/object/order-category/product.js
FN:4,(anonymous_0)
FN:11,(anonymous_1)
FNF:2
FNH:2
FNDA:8,(anonymous_0)
FNDA:5,(anonymous_1)
DA:5,8
DA:6,8
DA:7,8
DA:8,8
DA:12,5
LF:5
LH:5
BRDA:7,0,0,8
BRDA:7,0,1,0
BRDA:8,1,0,8
BRDA:8,1,1,3
BRF:4
BRH:3
end_of_record
TN:
SF:/Users/lucachaves/code/github/ifpb/javascript-exercises/_includes/ecma/response/regexp/text-util.js
FN:2,(anonymous_0)
FN:6,(anonymous_1)
FN:10,(anonymous_2)
FNF:3
FNH:2
FNDA:2,(anonymous_0)
FNDA:0,(anonymous_1)
FNDA:1,(anonymous_2)
DA:2,1
DA:6,1
DA:10,1
LF:3
LH:3
BRF:0
BRH:0
end_of_record
TN:
SF:/Users/lucachaves/code/github/ifpb/javascript-exercises/_includes/ecma/response/string/cipher.js
FN:2,rot
FNF:1
FNH:1
FNDA:1,rot
LF:0
LH:0
BRF:0
BRH:0
end_of_record
TN:
SF:/Users/lucachaves/code/github/ifpb/javascript-exercises/_includes/ecma/response/string/citation.js
FN:1,citation
FN:5,compactCitation
FNF:2
FNH:1
FNDA:1,citation
FNDA:0,compactCitation
LF:0
LH:0
BRF:0
BRH:0
end_of_record
TN:
SF:/Users/lucachaves/code/github/ifpb/javascript-exercises/_includes/ecma/response/string/hamming.js
FN:2,hamming
FNF:1
FNH:1
FNDA:2,hamming
LF:0
LH:0
BRF:0
BRH:0
end_of_record
TN:
SF:/Users/lucachaves/code/github/ifpb/javascript-exercises/_includes/ecma/response/string/ip.js
FN:2,ip2decimal
FN:6,decimal2ip
FNF:2
FNH:1
FNDA:1,ip2decimal
FNDA:0,decimal2ip
LF:0
LH:0
BRF:0
BRH:0
end_of_record
TN:
SF:/Users/lucachaves/code/github/ifpb/javascript-exercises/_includes/ecma/response/string/list-generator.js
FN:2,createList
FNF:1
FNH:1
FNDA:1,createList
LF:0
LH:0
BRF:0
BRH:0
end_of_record
TN:
SF:/Users/lucachaves/code/github/ifpb/javascript-exercises/_includes/ecma/response/string/lorem-ipsum-generator.js
FN:2,word
FN:6,paragraph
FNF:2
FNH:2
FNDA:1,word
FNDA:1,paragraph
LF:0
LH:0
BRF:0
BRH:0
end_of_record
TN:
SF:/Users/lucachaves/code/github/ifpb/javascript-exercises/_includes/ecma/response/string/parser.js
FN:2,str2hex
FN:6,hex2str
FN:10,str2bin
FN:14,bin2str
FN:18,str2dec
FN:22,dec2str
FNF:6
FNH:1
FNDA:1,str2hex
FNDA:0,hex2str
FNDA:0,str2bin
FNDA:0,bin2str
FNDA:0,str2dec
FNDA:0,dec2str
LF:0
LH:0
BRF:0
BRH:0
end_of_record
TN:
SF:/Users/lucachaves/code/github/ifpb/javascript-exercises/_includes/ecma/response/string/rna-transcription.js
FN:2,toRna
FNF:1
FNH:1
FNDA:1,toRna
LF:0
LH:0
BRF:0
BRH:0
end_of_record
TN:
SF:/Users/lucachaves/code/github/ifpb/javascript-exercises/_includes/ecma/response/string/simple-substitution.js
FN:2,substitution
FNF:1
FNH:1
FNDA:1,substitution
LF:0
LH:0
BRF:0
BRH:0
end_of_record
TN:
SF:/Users/lucachaves/code/github/ifpb/javascript-exercises/_includes/ecma/response/string/string-util.js
FN:7,formatter
FN:18,toCamelCase
FNF:2
FNH:1
FNDA:1,formatter
FNDA:0,toCamelCase
DA:8,1
DA:10,0
DA:12,1
DA:14,0
DA:19,0
DA:20,0
DA:21,0
DA:22,0
DA:23,0
DA:25,0
LF:10
LH:2
BRDA:8,0,0,0
BRDA:8,0,1,1
BRDA:8,0,2,0
BRF:3
BRH:1
end_of_record
TN:
SF:/Users/lucachaves/code/github/ifpb/javascript-exercises/_includes/ecma/response/string/table-convert-md2html.js
FN:2,md2html
FNF:1
FNH:1
FNDA:1,md2html
LF:0
LH:0
BRF:0
BRH:0
end_of_record
TN:
SF:/Users/lucachaves/code/github/ifpb/javascript-exercises/_includes/ecma/response/string/table-generator.js
FN:2,createTable
FN:16,createTableHTML
FNF:2
FNH:0
FNDA:0,createTable
FNDA:0,createTableHTML
DA:3,0
DA:4,0
DA:6,0
DA:7,0
DA:8,0
DA:9,0
DA:13,0
DA:17,0
DA:18,0
DA:20,0
DA:21,0
DA:22,0
DA:23,0
DA:24,0
DA:26,0
DA:27,0
DA:30,0
DA:31,0
LF:18
LH:0
BRDA:4,0,0,0
BRDA:4,0,1,0
BRDA:9,1,0,0
BRDA:9,1,1,0
BRDA:18,2,0,0
BRDA:18,2,1,0
BRF:6
BRH:0
end_of_record
